2026-02-26 09:10:07,248   INFO  **********************Start logging**********************
2026-02-26 09:10:07,248   INFO  CUDA_VISIBLE_DEVICES=ALL
2026-02-26 09:10:07,248   INFO  Training with a single process
2026-02-26 09:10:07,248   INFO  cfg_file         cfgs/kitti_models/second.yaml
2026-02-26 09:10:07,248   INFO  batch_size       4
2026-02-26 09:10:07,248   INFO  epochs           80
2026-02-26 09:10:07,248   INFO  workers          4
2026-02-26 09:10:07,248   INFO  extra_tag        default
2026-02-26 09:10:07,248   INFO  ckpt             ../output/kitti_models/second/default/ckpt/checkpoint_epoch_17.pth
2026-02-26 09:10:07,248   INFO  pretrained_model None
2026-02-26 09:10:07,248   INFO  launcher         none
2026-02-26 09:10:07,248   INFO  tcp_port         18888
2026-02-26 09:10:07,248   INFO  sync_bn          False
2026-02-26 09:10:07,248   INFO  fix_random_seed  False
2026-02-26 09:10:07,248   INFO  ckpt_save_interval 1
2026-02-26 09:10:07,248   INFO  local_rank       None
2026-02-26 09:10:07,248   INFO  max_ckpt_save_num 30
2026-02-26 09:10:07,248   INFO  merge_all_iters_to_one_epoch False
2026-02-26 09:10:07,248   INFO  set_cfgs         None
2026-02-26 09:10:07,249   INFO  max_waiting_mins 0
2026-02-26 09:10:07,249   INFO  start_epoch      0
2026-02-26 09:10:07,249   INFO  num_epochs_to_eval 0
2026-02-26 09:10:07,249   INFO  save_to_file     False
2026-02-26 09:10:07,249   INFO  use_tqdm_to_record False
2026-02-26 09:10:07,249   INFO  logger_iter_interval 50
2026-02-26 09:10:07,249   INFO  ckpt_save_time_interval 300
2026-02-26 09:10:07,249   INFO  wo_gpu_stat      False
2026-02-26 09:10:07,249   INFO  use_amp          False
2026-02-26 09:10:07,249   INFO  cfg.ROOT_DIR: /home/vipuser/桌面/OpenPCDet
2026-02-26 09:10:07,249   INFO  cfg.LOCAL_RANK: 0
2026-02-26 09:10:07,249   INFO  cfg.CLASS_NAMES: ['Car', 'Pedestrian', 'Cyclist']
2026-02-26 09:10:07,249   INFO  ----------- DATA_CONFIG -----------
2026-02-26 09:10:07,249   INFO  cfg.DATA_CONFIG.DATASET: KittiDataset
2026-02-26 09:10:07,249   INFO  cfg.DATA_CONFIG.DATA_PATH: ../data/kitti
2026-02-26 09:10:07,249   INFO  cfg.DATA_CONFIG.POINT_CLOUD_RANGE: [0, -40, -3, 70.4, 40, 1]
2026-02-26 09:10:07,249   INFO  ----------- DATA_SPLIT -----------
2026-02-26 09:10:07,249   INFO  cfg.DATA_CONFIG.DATA_SPLIT.train: train
2026-02-26 09:10:07,249   INFO  cfg.DATA_CONFIG.DATA_SPLIT.test: val
2026-02-26 09:10:07,249   INFO  ----------- INFO_PATH -----------
2026-02-26 09:10:07,249   INFO  cfg.DATA_CONFIG.INFO_PATH.train: ['kitti_infos_train.pkl']
2026-02-26 09:10:07,249   INFO  cfg.DATA_CONFIG.INFO_PATH.test: ['kitti_infos_val.pkl']
2026-02-26 09:10:07,249   INFO  cfg.DATA_CONFIG.GET_ITEM_LIST: ['points']
2026-02-26 09:10:07,249   INFO  cfg.DATA_CONFIG.FOV_POINTS_ONLY: True
2026-02-26 09:10:07,249   INFO  ----------- DATA_AUGMENTOR -----------
2026-02-26 09:10:07,249   INFO  cfg.DATA_CONFIG.DATA_AUGMENTOR.DISABLE_AUG_LIST: ['placeholder']
2026-02-26 09:10:07,249   INFO  cfg.DATA_CONFIG.DATA_AUGMENTOR.AUG_CONFIG_LIST: [{'NAME': 'gt_sampling', 'USE_ROAD_PLANE': False, 'DB_INFO_PATH': ['kitti_dbinfos_train.pkl'], 'PREPARE': {'filter_by_min_points': ['Car:5', 'Pedestrian:5', 'Cyclist:5'], 'filter_by_difficulty': [-1]}, 'SAMPLE_GROUPS': ['Car:20', 'Pedestrian:15', 'Cyclist:15'], 'NUM_POINT_FEATURES': 4, 'DATABASE_WITH_FAKELIDAR': False, 'REMOVE_EXTRA_WIDTH': [0.0, 0.0, 0.0], 'LIMIT_WHOLE_SCENE': True}, {'NAME': 'random_world_flip', 'ALONG_AXIS_LIST': ['x']}, {'NAME': 'random_world_rotation', 'WORLD_ROT_ANGLE': [-0.78539816, 0.78539816]}, {'NAME': 'random_world_scaling', 'WORLD_SCALE_RANGE': [0.95, 1.05]}]
2026-02-26 09:10:07,249   INFO  ----------- POINT_FEATURE_ENCODING -----------
2026-02-26 09:10:07,249   INFO  cfg.DATA_CONFIG.POINT_FEATURE_ENCODING.encoding_type: absolute_coordinates_encoding
2026-02-26 09:10:07,249   INFO  cfg.DATA_CONFIG.POINT_FEATURE_ENCODING.used_feature_list: ['x', 'y', 'z', 'intensity']
2026-02-26 09:10:07,249   INFO  cfg.DATA_CONFIG.POINT_FEATURE_ENCODING.src_feature_list: ['x', 'y', 'z', 'intensity']
2026-02-26 09:10:07,249   INFO  cfg.DATA_CONFIG.DATA_PROCESSOR: [{'NAME': 'mask_points_and_boxes_outside_range', 'REMOVE_OUTSIDE_BOXES': True}, {'NAME': 'shuffle_points', 'SHUFFLE_ENABLED': {'train': True, 'test': False}}, {'NAME': 'transform_points_to_voxels', 'VOXEL_SIZE': [0.05, 0.05, 0.1], 'MAX_POINTS_PER_VOXEL': 5, 'MAX_NUMBER_OF_VOXELS': {'train': 16000, 'test': 40000}}]
2026-02-26 09:10:07,250   INFO  cfg.DATA_CONFIG._BASE_CONFIG_: cfgs/dataset_configs/kitti_dataset.yaml
2026-02-26 09:10:07,250   INFO  ----------- MODEL -----------
2026-02-26 09:10:07,250   INFO  cfg.MODEL.NAME: SECONDNet
2026-02-26 09:10:07,250   INFO  ----------- VFE -----------
2026-02-26 09:10:07,250   INFO  cfg.MODEL.VFE.NAME: MeanVFE
2026-02-26 09:10:07,250   INFO  ----------- BACKBONE_3D -----------
2026-02-26 09:10:07,250   INFO  cfg.MODEL.BACKBONE_3D.NAME: VoxelBackBone8x
2026-02-26 09:10:07,250   INFO  ----------- MAP_TO_BEV -----------
2026-02-26 09:10:07,250   INFO  cfg.MODEL.MAP_TO_BEV.NAME: HeightCompression
2026-02-26 09:10:07,250   INFO  cfg.MODEL.MAP_TO_BEV.NUM_BEV_FEATURES: 256
2026-02-26 09:10:07,250   INFO  ----------- BACKBONE_2D -----------
2026-02-26 09:10:07,250   INFO  cfg.MODEL.BACKBONE_2D.NAME: BaseBEVBackbone
2026-02-26 09:10:07,250   INFO  cfg.MODEL.BACKBONE_2D.LAYER_NUMS: [5, 5]
2026-02-26 09:10:07,250   INFO  cfg.MODEL.BACKBONE_2D.LAYER_STRIDES: [1, 2]
2026-02-26 09:10:07,250   INFO  cfg.MODEL.BACKBONE_2D.NUM_FILTERS: [128, 256]
2026-02-26 09:10:07,250   INFO  cfg.MODEL.BACKBONE_2D.UPSAMPLE_STRIDES: [1, 2]
2026-02-26 09:10:07,250   INFO  cfg.MODEL.BACKBONE_2D.NUM_UPSAMPLE_FILTERS: [256, 256]
2026-02-26 09:10:07,250   INFO  ----------- DENSE_HEAD -----------
2026-02-26 09:10:07,250   INFO  cfg.MODEL.DENSE_HEAD.NAME: AnchorHeadSingle
2026-02-26 09:10:07,250   INFO  cfg.MODEL.DENSE_HEAD.CLASS_AGNOSTIC: False
2026-02-26 09:10:07,250   INFO  cfg.MODEL.DENSE_HEAD.USE_DIRECTION_CLASSIFIER: True
2026-02-26 09:10:07,250   INFO  cfg.MODEL.DENSE_HEAD.DIR_OFFSET: 0.78539
2026-02-26 09:10:07,250   INFO  cfg.MODEL.DENSE_HEAD.DIR_LIMIT_OFFSET: 0.0
2026-02-26 09:10:07,250   INFO  cfg.MODEL.DENSE_HEAD.NUM_DIR_BINS: 2
2026-02-26 09:10:07,250   INFO  cfg.MODEL.DENSE_HEAD.ANCHOR_GENERATOR_CONFIG: [{'class_name': 'Car', 'anchor_sizes': [[3.9, 1.6, 1.56]], 'anchor_rotations': [0, 1.57], 'anchor_bottom_heights': [-1.78], 'align_center': False, 'feature_map_stride': 8, 'matched_threshold': 0.6, 'unmatched_threshold': 0.45}, {'class_name': 'Pedestrian', 'anchor_sizes': [[0.8, 0.6, 1.73]], 'anchor_rotations': [0, 1.57], 'anchor_bottom_heights': [-0.6], 'align_center': False, 'feature_map_stride': 8, 'matched_threshold': 0.5, 'unmatched_threshold': 0.35}, {'class_name': 'Cyclist', 'anchor_sizes': [[1.76, 0.6, 1.73]], 'anchor_rotations': [0, 1.57], 'anchor_bottom_heights': [-0.6], 'align_center': False, 'feature_map_stride': 8, 'matched_threshold': 0.5, 'unmatched_threshold': 0.35}]
2026-02-26 09:10:07,250   INFO  ----------- TARGET_ASSIGNER_CONFIG -----------
2026-02-26 09:10:07,250   INFO  cfg.MODEL.DENSE_HEAD.TARGET_ASSIGNER_CONFIG.NAME: AxisAlignedTargetAssigner
2026-02-26 09:10:07,250   INFO  cfg.MODEL.DENSE_HEAD.TARGET_ASSIGNER_CONFIG.POS_FRACTION: -1.0
2026-02-26 09:10:07,250   INFO  cfg.MODEL.DENSE_HEAD.TARGET_ASSIGNER_CONFIG.SAMPLE_SIZE: 512
2026-02-26 09:10:07,250   INFO  cfg.MODEL.DENSE_HEAD.TARGET_ASSIGNER_CONFIG.NORM_BY_NUM_EXAMPLES: False
2026-02-26 09:10:07,250   INFO  cfg.MODEL.DENSE_HEAD.TARGET_ASSIGNER_CONFIG.MATCH_HEIGHT: False
2026-02-26 09:10:07,250   INFO  cfg.MODEL.DENSE_HEAD.TARGET_ASSIGNER_CONFIG.BOX_CODER: ResidualCoder
2026-02-26 09:10:07,251   INFO  ----------- LOSS_CONFIG -----------
2026-02-26 09:10:07,251   INFO  ----------- LOSS_WEIGHTS -----------
2026-02-26 09:10:07,251   INFO  cfg.MODEL.DENSE_HEAD.LOSS_CONFIG.LOSS_WEIGHTS.cls_weight: 1.0
2026-02-26 09:10:07,251   INFO  cfg.MODEL.DENSE_HEAD.LOSS_CONFIG.LOSS_WEIGHTS.loc_weight: 2.0
2026-02-26 09:10:07,251   INFO  cfg.MODEL.DENSE_HEAD.LOSS_CONFIG.LOSS_WEIGHTS.dir_weight: 0.2
2026-02-26 09:10:07,251   INFO  cfg.MODEL.DENSE_HEAD.LOSS_CONFIG.LOSS_WEIGHTS.code_weights: [1.0, 1.0, 1.0, 1.0, 1.0, 1.0, 1.0]
2026-02-26 09:10:07,251   INFO  ----------- POST_PROCESSING -----------
2026-02-26 09:10:07,251   INFO  cfg.MODEL.POST_PROCESSING.RECALL_THRESH_LIST: [0.3, 0.5, 0.7]
2026-02-26 09:10:07,251   INFO  cfg.MODEL.POST_PROCESSING.SCORE_THRESH: 0.1
2026-02-26 09:10:07,251   INFO  cfg.MODEL.POST_PROCESSING.OUTPUT_RAW_SCORE: False
2026-02-26 09:10:07,251   INFO  cfg.MODEL.POST_PROCESSING.EVAL_METRIC: kitti
2026-02-26 09:10:07,251   INFO  ----------- NMS_CONFIG -----------
2026-02-26 09:10:07,251   INFO  cfg.MODEL.POST_PROCESSING.NMS_CONFIG.MULTI_CLASSES_NMS: False
2026-02-26 09:10:07,251   INFO  cfg.MODEL.POST_PROCESSING.NMS_CONFIG.NMS_TYPE: nms_gpu
2026-02-26 09:10:07,251   INFO  cfg.MODEL.POST_PROCESSING.NMS_CONFIG.NMS_THRESH: 0.01
2026-02-26 09:10:07,251   INFO  cfg.MODEL.POST_PROCESSING.NMS_CONFIG.NMS_PRE_MAXSIZE: 4096
2026-02-26 09:10:07,251   INFO  cfg.MODEL.POST_PROCESSING.NMS_CONFIG.NMS_POST_MAXSIZE: 500
2026-02-26 09:10:07,251   INFO  ----------- OPTIMIZATION -----------
2026-02-26 09:10:07,251   INFO  cfg.OPTIMIZATION.BATCH_SIZE_PER_GPU: 4
2026-02-26 09:10:07,251   INFO  cfg.OPTIMIZATION.NUM_EPOCHS: 80
2026-02-26 09:10:07,251   INFO  cfg.OPTIMIZATION.OPTIMIZER: adam_onecycle
2026-02-26 09:10:07,251   INFO  cfg.OPTIMIZATION.LR: 0.003
2026-02-26 09:10:07,251   INFO  cfg.OPTIMIZATION.WEIGHT_DECAY: 0.01
2026-02-26 09:10:07,251   INFO  cfg.OPTIMIZATION.MOMENTUM: 0.9
2026-02-26 09:10:07,251   INFO  cfg.OPTIMIZATION.MOMS: [0.95, 0.85]
2026-02-26 09:10:07,251   INFO  cfg.OPTIMIZATION.PCT_START: 0.4
2026-02-26 09:10:07,251   INFO  cfg.OPTIMIZATION.DIV_FACTOR: 10
2026-02-26 09:10:07,251   INFO  cfg.OPTIMIZATION.DECAY_STEP_LIST: [35, 45]
2026-02-26 09:10:07,251   INFO  cfg.OPTIMIZATION.LR_DECAY: 0.1
2026-02-26 09:10:07,251   INFO  cfg.OPTIMIZATION.LR_CLIP: 1e-07
2026-02-26 09:10:07,251   INFO  cfg.OPTIMIZATION.LR_WARMUP: False
2026-02-26 09:10:07,251   INFO  cfg.OPTIMIZATION.WARMUP_EPOCH: 1
2026-02-26 09:10:07,251   INFO  cfg.OPTIMIZATION.GRAD_NORM_CLIP: 10
2026-02-26 09:10:07,251   INFO  cfg.TAG: second
2026-02-26 09:10:07,252   INFO  cfg.EXP_GROUP_PATH: kitti_models
2026-02-26 09:10:07,260   INFO  ----------- Create dataloader & network & optimizer -----------
2026-02-26 09:10:07,372   INFO  Database filter by min points Car: 14357 => 13532
2026-02-26 09:10:07,373   INFO  Database filter by min points Pedestrian: 2207 => 2168
2026-02-26 09:10:07,373   INFO  Database filter by min points Cyclist: 734 => 705
2026-02-26 09:10:07,389   INFO  Database filter by difficulty Car: 13532 => 10759
2026-02-26 09:10:07,392   INFO  Database filter by difficulty Pedestrian: 2168 => 2075
2026-02-26 09:10:07,393   INFO  Database filter by difficulty Cyclist: 705 => 581
2026-02-26 09:10:07,399   INFO  Loading KITTI dataset
2026-02-26 09:10:07,495   INFO  Total samples for KITTI dataset: 3712
2026-02-26 09:10:07,879   INFO  ==> Loading parameters from checkpoint ../output/kitti_models/second/default/ckpt/checkpoint_epoch_17.pth to GPU
2026-02-26 09:10:08,130   INFO  ==> Loading optimizer parameters from checkpoint ../output/kitti_models/second/default/ckpt/checkpoint_epoch_17.pth to GPU
2026-02-26 09:10:08,144   INFO  ==> Done
2026-02-26 09:10:08,145   INFO  ----------- Model SECONDNet created, param count: 5325576 -----------
2026-02-26 09:10:08,145   INFO  SECONDNet(
  (vfe): MeanVFE()
  (backbone_3d): VoxelBackBone8x(
    (conv_input): SparseSequential(
      (0): SubMConv3d(4, 16, kernel_size=[3, 3, 3], stride=[1, 1, 1], padding=[1, 1, 1], dilation=[1, 1, 1], output_padding=[0, 0, 0], bias=False, algo=ConvAlgo.MaskImplicitGemm)
      (1): BatchNorm1d(16, eps=0.001, momentum=0.01, affine=True, track_running_stats=True)
      (2): ReLU()
    )
    (conv1): SparseSequential(
      (0): SparseSequential(
        (0): SubMConv3d(16, 16, kernel_size=[3, 3, 3], stride=[1, 1, 1], padding=[0, 0, 0], dilation=[1, 1, 1], output_padding=[0, 0, 0], bias=False, algo=ConvAlgo.MaskImplicitGemm)
        (1): BatchNorm1d(16, eps=0.001, momentum=0.01, affine=True, track_running_stats=True)
        (2): ReLU()
      )
    )
    (conv2): SparseSequential(
      (0): SparseSequential(
        (0): SparseConv3d(16, 32, kernel_size=[3, 3, 3], stride=[2, 2, 2], padding=[1, 1, 1], dilation=[1, 1, 1], output_padding=[0, 0, 0], bias=False, algo=ConvAlgo.MaskImplicitGemm)
        (1): BatchNorm1d(32, eps=0.001, momentum=0.01, affine=True, track_running_stats=True)
        (2): ReLU()
      )
      (1): SparseSequential(
        (0): SubMConv3d(32, 32, kernel_size=[3, 3, 3], stride=[1, 1, 1], padding=[0, 0, 0], dilation=[1, 1, 1], output_padding=[0, 0, 0], bias=False, algo=ConvAlgo.MaskImplicitGemm)
        (1): BatchNorm1d(32, eps=0.001, momentum=0.01, affine=True, track_running_stats=True)
        (2): ReLU()
      )
      (2): SparseSequential(
        (0): SubMConv3d(32, 32, kernel_size=[3, 3, 3], stride=[1, 1, 1], padding=[0, 0, 0], dilation=[1, 1, 1], output_padding=[0, 0, 0], bias=False, algo=ConvAlgo.MaskImplicitGemm)
        (1): BatchNorm1d(32, eps=0.001, momentum=0.01, affine=True, track_running_stats=True)
        (2): ReLU()
      )
    )
    (conv3): SparseSequential(
      (0): SparseSequential(
        (0): SparseConv3d(32, 64, kernel_size=[3, 3, 3], stride=[2, 2, 2], padding=[1, 1, 1], dilation=[1, 1, 1], output_padding=[0, 0, 0], bias=False, algo=ConvAlgo.MaskImplicitGemm)
        (1): BatchNorm1d(64, eps=0.001, momentum=0.01, affine=True, track_running_stats=True)
        (2): ReLU()
      )
      (1): SparseSequential(
        (0): SubMConv3d(64, 64, kernel_size=[3, 3, 3], stride=[1, 1, 1], padding=[0, 0, 0], dilation=[1, 1, 1], output_padding=[0, 0, 0], bias=False, algo=ConvAlgo.MaskImplicitGemm)
        (1): BatchNorm1d(64, eps=0.001, momentum=0.01, affine=True, track_running_stats=True)
        (2): ReLU()
      )
      (2): SparseSequential(
        (0): SubMConv3d(64, 64, kernel_size=[3, 3, 3], stride=[1, 1, 1], padding=[0, 0, 0], dilation=[1, 1, 1], output_padding=[0, 0, 0], bias=False, algo=ConvAlgo.MaskImplicitGemm)
        (1): BatchNorm1d(64, eps=0.001, momentum=0.01, affine=True, track_running_stats=True)
        (2): ReLU()
      )
    )
    (conv4): SparseSequential(
      (0): SparseSequential(
        (0): SparseConv3d(64, 64, kernel_size=[3, 3, 3], stride=[2, 2, 2], padding=[0, 1, 1], dilation=[1, 1, 1], output_padding=[0, 0, 0], bias=False, algo=ConvAlgo.MaskImplicitGemm)
        (1): BatchNorm1d(64, eps=0.001, momentum=0.01, affine=True, track_running_stats=True)
        (2): ReLU()
      )
      (1): SparseSequential(
        (0): SubMConv3d(64, 64, kernel_size=[3, 3, 3], stride=[1, 1, 1], padding=[0, 0, 0], dilation=[1, 1, 1], output_padding=[0, 0, 0], bias=False, algo=ConvAlgo.MaskImplicitGemm)
        (1): BatchNorm1d(64, eps=0.001, momentum=0.01, affine=True, track_running_stats=True)
        (2): ReLU()
      )
      (2): SparseSequential(
        (0): SubMConv3d(64, 64, kernel_size=[3, 3, 3], stride=[1, 1, 1], padding=[0, 0, 0], dilation=[1, 1, 1], output_padding=[0, 0, 0], bias=False, algo=ConvAlgo.MaskImplicitGemm)
        (1): BatchNorm1d(64, eps=0.001, momentum=0.01, affine=True, track_running_stats=True)
        (2): ReLU()
      )
    )
    (conv_out): SparseSequential(
      (0): SparseConv3d(64, 128, kernel_size=[3, 1, 1], stride=[2, 1, 1], padding=[0, 0, 0], dilation=[1, 1, 1], output_padding=[0, 0, 0], bias=False, algo=ConvAlgo.MaskImplicitGemm)
      (1): BatchNorm1d(128, eps=0.001, momentum=0.01, affine=True, track_running_stats=True)
      (2): ReLU()
    )
  )
  (map_to_bev_module): HeightCompression()
  (pfe): None
  (backbone_2d): BaseBEVBackbone(
    (blocks): ModuleList(
      (0): Sequential(
        (0): ZeroPad2d((1, 1, 1, 1))
        (1): Conv2d(256, 128, kernel_size=(3, 3), stride=(1, 1), bias=False)
        (2): BatchNorm2d(128, eps=0.001, momentum=0.01, affine=True, track_running_stats=True)
        (3): ReLU()
        (4): Conv2d(128, 128, kernel_size=(3, 3), stride=(1, 1), padding=(1, 1), bias=False)
        (5): BatchNorm2d(128, eps=0.001, momentum=0.01, affine=True, track_running_stats=True)
        (6): ReLU()
        (7): Conv2d(128, 128, kernel_size=(3, 3), stride=(1, 1), padding=(1, 1), bias=False)
        (8): BatchNorm2d(128, eps=0.001, momentum=0.01, affine=True, track_running_stats=True)
        (9): ReLU()
        (10): Conv2d(128, 128, kernel_size=(3, 3), stride=(1, 1), padding=(1, 1), bias=False)
        (11): BatchNorm2d(128, eps=0.001, momentum=0.01, affine=True, track_running_stats=True)
        (12): ReLU()
        (13): Conv2d(128, 128, kernel_size=(3, 3), stride=(1, 1), padding=(1, 1), bias=False)
        (14): BatchNorm2d(128, eps=0.001, momentum=0.01, affine=True, track_running_stats=True)
        (15): ReLU()
        (16): Conv2d(128, 128, kernel_size=(3, 3), stride=(1, 1), padding=(1, 1), bias=False)
        (17): BatchNorm2d(128, eps=0.001, momentum=0.01, affine=True, track_running_stats=True)
        (18): ReLU()
      )
      (1): Sequential(
        (0): ZeroPad2d((1, 1, 1, 1))
        (1): Conv2d(128, 256, kernel_size=(3, 3), stride=(2, 2), bias=False)
        (2): BatchNorm2d(256, eps=0.001, momentum=0.01, affine=True, track_running_stats=True)
        (3): ReLU()
        (4): Conv2d(256, 256, kernel_size=(3, 3), stride=(1, 1), padding=(1, 1), bias=False)
        (5): BatchNorm2d(256, eps=0.001, momentum=0.01, affine=True, track_running_stats=True)
        (6): ReLU()
        (7): Conv2d(256, 256, kernel_size=(3, 3), stride=(1, 1), padding=(1, 1), bias=False)
        (8): BatchNorm2d(256, eps=0.001, momentum=0.01, affine=True, track_running_stats=True)
        (9): ReLU()
        (10): Conv2d(256, 256, kernel_size=(3, 3), stride=(1, 1), padding=(1, 1), bias=False)
        (11): BatchNorm2d(256, eps=0.001, momentum=0.01, affine=True, track_running_stats=True)
        (12): ReLU()
        (13): Conv2d(256, 256, kernel_size=(3, 3), stride=(1, 1), padding=(1, 1), bias=False)
        (14): BatchNorm2d(256, eps=0.001, momentum=0.01, affine=True, track_running_stats=True)
        (15): ReLU()
        (16): Conv2d(256, 256, kernel_size=(3, 3), stride=(1, 1), padding=(1, 1), bias=False)
        (17): BatchNorm2d(256, eps=0.001, momentum=0.01, affine=True, track_running_stats=True)
        (18): ReLU()
      )
    )
    (deblocks): ModuleList(
      (0): Sequential(
        (0): ConvTranspose2d(128, 256, kernel_size=(1, 1), stride=(1, 1), bias=False)
        (1): BatchNorm2d(256, eps=0.001, momentum=0.01, affine=True, track_running_stats=True)
        (2): ReLU()
      )
      (1): Sequential(
        (0): ConvTranspose2d(256, 256, kernel_size=(2, 2), stride=(2, 2), bias=False)
        (1): BatchNorm2d(256, eps=0.001, momentum=0.01, affine=True, track_running_stats=True)
        (2): ReLU()
      )
    )
  )
  (dense_head): AnchorHeadSingle(
    (cls_loss_func): SigmoidFocalClassificationLoss()
    (reg_loss_func): WeightedSmoothL1Loss()
    (dir_loss_func): WeightedCrossEntropyLoss()
    (conv_cls): Conv2d(512, 18, kernel_size=(1, 1), stride=(1, 1))
    (conv_box): Conv2d(512, 42, kernel_size=(1, 1), stride=(1, 1))
    (conv_dir_cls): Conv2d(512, 12, kernel_size=(1, 1), stride=(1, 1))
  )
  (point_head): None
  (roi_head): None
)
2026-02-26 09:10:08,146   INFO  **********************Start training kitti_models/second(default)**********************
2026-02-26 09:10:16,338   INFO  Train:   18/80 ( 22%) [   0/928 (  0%)]  Loss: 0.4758 (0.476)  LR: 1.782e-03  Time cost: 00:08/2:04:53 [00:08/131:08:02]  Acc_iter 15777       Data time: 0.55(0.55)  Forward time: 7.52(7.52)  Batch time: 8.07(8.07)
2026-02-26 09:10:19,885   INFO  Train:   18/80 ( 22%) [  23/928 (  2%)]  Loss: 0.5341 (0.483)  LR: 1.786e-03  Time cost: 00:11/07:18 [00:11/7:51:39]  Acc_iter 15800       Data time: 0.00(0.02)  Forward time: 0.16(0.46)  Batch time: 0.16(0.48)
2026-02-26 09:10:27,763   INFO  Train:   18/80 ( 22%) [  73/928 (  8%)]  Loss: 0.5171 (0.479)  LR: 1.793e-03  Time cost: 00:19/03:45 [00:19/4:16:26]  Acc_iter 15850       Data time: 0.00(0.01)  Forward time: 0.15(0.25)  Batch time: 0.16(0.26)
2026-02-26 09:10:35,628   INFO  Train:   18/80 ( 22%) [ 123/928 ( 13%)]  Loss: 0.5799 (0.473)  LR: 1.800e-03  Time cost: 00:27/02:57 [00:27/3:34:35]  Acc_iter 15900       Data time: 0.00(0.01)  Forward time: 0.15(0.21)  Batch time: 0.16(0.22)
2026-02-26 09:10:35,973   INFO  ubuntu22                    Thu Feb 26 09:10:35 2026  550.78
[0] NVIDIA GeForce RTX 3090 | 54°C,   0 % |  4663 / 24576 MB | vipuser(4648M) root(4M)

2026-02-26 09:10:43,871   INFO  Train:   18/80 ( 22%) [ 173/928 ( 19%)]  Loss: 0.4051 (0.469)  LR: 1.807e-03  Time cost: 00:35/02:34 [00:35/3:18:48]  Acc_iter 15950       Data time: 0.00(0.01)  Forward time: 0.15(0.20)  Batch time: 0.15(0.20)
2026-02-26 09:10:51,853   INFO  Train:   18/80 ( 22%) [ 223/928 ( 24%)]  Loss: 0.4367 (0.471)  LR: 1.814e-03  Time cost: 00:43/02:17 [00:43/3:08:53]  Acc_iter 16000       Data time: 0.00(0.01)  Forward time: 0.16(0.19)  Batch time: 0.16(0.19)
2026-02-26 09:10:59,825   INFO  Train:   18/80 ( 22%) [ 273/928 ( 29%)]  Loss: 0.4732 (0.471)  LR: 1.821e-03  Time cost: 00:51/02:03 [00:51/3:02:30]  Acc_iter 16050       Data time: 0.00(0.01)  Forward time: 0.16(0.18)  Batch time: 0.16(0.19)
2026-02-26 09:11:00,105   INFO  ubuntu22                    Thu Feb 26 09:11:00 2026  550.78
[0] NVIDIA GeForce RTX 3090 | 60°C,  78 % |  4663 / 24576 MB | vipuser(4648M) root(4M)

2026-02-26 09:11:08,013   INFO  Train:   18/80 ( 22%) [ 323/928 ( 35%)]  Loss: 0.4570 (0.471)  LR: 1.828e-03  Time cost: 00:59/01:51 [00:59/2:58:41]  Acc_iter 16100       Data time: 0.00(0.01)  Forward time: 0.15(0.18)  Batch time: 0.15(0.18)
2026-02-26 09:11:15,907   INFO  Train:   18/80 ( 22%) [ 373/928 ( 40%)]  Loss: 0.4865 (0.475)  LR: 1.835e-03  Time cost: 01:07/01:40 [01:07/2:55:06]  Acc_iter 16150       Data time: 0.00(0.01)  Forward time: 0.16(0.18)  Batch time: 0.16(0.18)
2026-02-26 09:11:23,868   INFO  Train:   18/80 ( 22%) [ 423/928 ( 46%)]  Loss: 0.4905 (0.473)  LR: 1.842e-03  Time cost: 01:15/01:30 [01:15/2:52:29]  Acc_iter 16200       Data time: 0.00(0.00)  Forward time: 0.16(0.17)  Batch time: 0.16(0.18)
2026-02-26 09:11:24,146   INFO  ubuntu22                    Thu Feb 26 09:11:24 2026  550.78
[0] NVIDIA GeForce RTX 3090 | 63°C,  21 % |  4663 / 24576 MB | vipuser(4648M) root(4M)

2026-02-26 09:11:32,174   INFO  Train:   18/80 ( 22%) [ 473/928 ( 51%)]  Loss: 0.5658 (0.473)  LR: 1.849e-03  Time cost: 01:23/01:20 [01:24/2:51:05]  Acc_iter 16250       Data time: 0.00(0.01)  Forward time: 0.16(0.17)  Batch time: 0.16(0.18)
2026-02-26 09:11:40,179   INFO  Train:   18/80 ( 22%) [ 523/928 ( 56%)]  Loss: 0.5737 (0.473)  LR: 1.856e-03  Time cost: 01:31/01:11 [01:32/2:49:23]  Acc_iter 16300       Data time: 0.00(0.00)  Forward time: 0.16(0.17)  Batch time: 0.16(0.18)
2026-02-26 09:11:48,222   INFO  Train:   18/80 ( 22%) [ 573/928 ( 62%)]  Loss: 0.4277 (0.474)  LR: 1.863e-03  Time cost: 01:39/01:01 [01:40/2:48:01]  Acc_iter 16350       Data time: 0.00(0.00)  Forward time: 0.16(0.17)  Batch time: 0.16(0.17)
2026-02-26 09:11:48,500   INFO  ubuntu22                    Thu Feb 26 09:11:48 2026  550.78
[0] NVIDIA GeForce RTX 3090 | 64°C,  79 % |  4663 / 24576 MB | vipuser(4648M) root(4M)

2026-02-26 09:11:56,557   INFO  Train:   18/80 ( 22%) [ 623/928 ( 67%)]  Loss: 0.5070 (0.474)  LR: 1.871e-03  Time cost: 01:48/00:52 [01:48/2:47:18]  Acc_iter 16400       Data time: 0.00(0.00)  Forward time: 0.16(0.17)  Batch time: 0.16(0.17)
2026-02-26 09:12:04,617   INFO  Train:   18/80 ( 22%) [ 673/928 ( 73%)]  Loss: 0.4407 (0.474)  LR: 1.878e-03  Time cost: 01:56/00:44 [01:56/2:46:16]  Acc_iter 16450       Data time: 0.00(0.00)  Forward time: 0.16(0.17)  Batch time: 0.16(0.17)
2026-02-26 09:12:12,650   INFO  Train:   18/80 ( 22%) [ 723/928 ( 78%)]  Loss: 0.4942 (0.474)  LR: 1.885e-03  Time cost: 02:04/00:35 [02:04/2:45:20]  Acc_iter 16500       Data time: 0.00(0.00)  Forward time: 0.16(0.17)  Batch time: 0.16(0.17)
2026-02-26 09:12:12,930   INFO  ubuntu22                    Thu Feb 26 09:12:12 2026  550.78
[0] NVIDIA GeForce RTX 3090 | 65°C,  23 % |  4663 / 24576 MB | vipuser(4648M) root(4M)

2026-02-26 09:12:20,979   INFO  Train:   18/80 ( 22%) [ 773/928 ( 83%)]  Loss: 0.5086 (0.474)  LR: 1.892e-03  Time cost: 02:12/00:26 [02:12/2:44:52]  Acc_iter 16550       Data time: 0.00(0.00)  Forward time: 0.16(0.17)  Batch time: 0.16(0.17)
2026-02-26 09:12:29,007   INFO  Train:   18/80 ( 22%) [ 823/928 ( 89%)]  Loss: 0.4688 (0.473)  LR: 1.899e-03  Time cost: 02:20/00:17 [02:20/2:44:05]  Acc_iter 16600       Data time: 0.00(0.00)  Forward time: 0.16(0.17)  Batch time: 0.16(0.17)
2026-02-26 09:12:37,070   INFO  Train:   18/80 ( 22%) [ 873/928 ( 94%)]  Loss: 0.4720 (0.473)  LR: 1.906e-03  Time cost: 02:28/00:09 [02:28/2:43:25]  Acc_iter 16650       Data time: 0.00(0.00)  Forward time: 0.16(0.17)  Batch time: 0.16(0.17)
2026-02-26 09:12:37,349   INFO  ubuntu22                    Thu Feb 26 09:12:37 2026  550.78
[0] NVIDIA GeForce RTX 3090 | 66°C,  35 % |  4663 / 24576 MB | vipuser(4648M) root(4M)

2026-02-26 09:12:45,406   INFO  Train:   18/80 ( 22%) [ 923/928 ( 99%)]  Loss: 0.4122 (0.473)  LR: 1.913e-03  Time cost: 02:37/00:00 [02:37/2:43:05]  Acc_iter 16700       Data time: 0.00(0.00)  Forward time: 0.15(0.17)  Batch time: 0.15(0.17)
2026-02-26 09:12:46,010   INFO  Train:   18/80 ( 22%) [ 927/928 (100%)]  Loss: 0.4967 (0.473)  LR: 1.913e-03  Time cost: 02:37/00:00 [02:37/2:43:00]  Acc_iter 16704       Data time: 0.00(0.00)  Forward time: 0.15(0.17)  Batch time: 0.15(0.17)
2026-02-26 09:12:46,804   INFO  Train:   19/80 ( 24%) [   0/928 (  0%)]  Loss: 0.4637 (0.464)  LR: 1.913e-03  Time cost: 00:00/09:26 [02:38/9:45:53]  Acc_iter 16705       Data time: 0.40(0.40)  Forward time: 0.21(0.21)  Batch time: 0.61(0.61)
2026-02-26 09:12:53,970   INFO  Train:   19/80 ( 24%) [  45/928 (  5%)]  Loss: 0.4395 (0.480)  LR: 1.920e-03  Time cost: 00:07/02:29 [02:45/2:41:59]  Acc_iter 16750       Data time: 0.00(0.01)  Forward time: 0.16(0.16)  Batch time: 0.16(0.17)
2026-02-26 09:13:01,874   INFO  Train:   19/80 ( 24%) [  95/928 ( 10%)]  Loss: 0.4524 (0.476)  LR: 1.927e-03  Time cost: 00:15/02:16 [02:53/2:36:22]  Acc_iter 16800       Data time: 0.00(0.01)  Forward time: 0.15(0.16)  Batch time: 0.16(0.16)
2026-02-26 09:13:02,156   INFO  ubuntu22                    Thu Feb 26 09:13:02 2026  550.78
[0] NVIDIA GeForce RTX 3090 | 66°C,  39 % |  4663 / 24576 MB | vipuser(4648M) root(4M)

2026-02-26 09:13:10,098   INFO  Train:   19/80 ( 24%) [ 145/928 ( 16%)]  Loss: 0.5443 (0.476)  LR: 1.934e-03  Time cost: 00:23/02:08 [03:01/2:36:37]  Acc_iter 16850       Data time: 0.00(0.01)  Forward time: 0.16(0.16)  Batch time: 0.16(0.16)
2026-02-26 09:13:17,965   INFO  Train:   19/80 ( 24%) [ 195/928 ( 21%)]  Loss: 0.4977 (0.476)  LR: 1.941e-03  Time cost: 00:31/01:58 [03:09/2:34:55]  Acc_iter 16900       Data time: 0.00(0.01)  Forward time: 0.16(0.16)  Batch time: 0.16(0.16)
2026-02-26 09:13:25,853   INFO  Train:   19/80 ( 24%) [ 245/928 ( 26%)]  Loss: 0.4231 (0.478)  LR: 1.948e-03  Time cost: 00:39/01:50 [03:17/2:33:56]  Acc_iter 16950       Data time: 0.00(0.00)  Forward time: 0.15(0.16)  Batch time: 0.15(0.16)
2026-02-26 09:13:26,128   INFO  ubuntu22                    Thu Feb 26 09:13:26 2026  550.78
[0] NVIDIA GeForce RTX 3090 | 66°C,  37 % |  4663 / 24576 MB | vipuser(4648M) root(4M)

2026-02-26 09:13:33,958   INFO  Train:   19/80 ( 24%) [ 295/928 ( 32%)]  Loss: 0.4429 (0.475)  LR: 1.955e-03  Time cost: 00:47/01:42 [03:25/2:33:56]  Acc_iter 17000       Data time: 0.00(0.01)  Forward time: 0.16(0.16)  Batch time: 0.16(0.16)
2026-02-26 09:13:41,860   INFO  Train:   19/80 ( 24%) [ 345/928 ( 37%)]  Loss: 0.4570 (0.472)  LR: 1.962e-03  Time cost: 00:55/01:33 [03:33/2:33:21]  Acc_iter 17050       Data time: 0.00(0.00)  Forward time: 0.16(0.16)  Batch time: 0.16(0.16)
2026-02-26 09:13:49,711   INFO  Train:   19/80 ( 24%) [ 395/928 ( 43%)]  Loss: 0.5405 (0.470)  LR: 1.968e-03  Time cost: 01:03/01:25 [03:41/2:32:45]  Acc_iter 17100       Data time: 0.00(0.00)  Forward time: 0.15(0.16)  Batch time: 0.15(0.16)
2026-02-26 09:13:49,990   INFO  ubuntu22                    Thu Feb 26 09:13:49 2026  550.78
[0] NVIDIA GeForce RTX 3090 | 66°C,  59 % |  4663 / 24576 MB | vipuser(4648M) root(4M)

2026-02-26 09:13:57,831   INFO  Train:   19/80 ( 24%) [ 445/928 ( 48%)]  Loss: 0.4272 (0.469)  LR: 1.975e-03  Time cost: 01:11/01:17 [03:49/2:32:50]  Acc_iter 17150       Data time: 0.00(0.00)  Forward time: 0.15(0.16)  Batch time: 0.16(0.16)
2026-02-26 09:14:05,692   INFO  Train:   19/80 ( 24%) [ 495/928 ( 53%)]  Loss: 0.4701 (0.468)  LR: 1.982e-03  Time cost: 01:19/01:09 [03:57/2:32:22]  Acc_iter 17200       Data time: 0.00(0.00)  Forward time: 0.16(0.16)  Batch time: 0.16(0.16)
2026-02-26 09:14:13,558   INFO  Train:   19/80 ( 24%) [ 545/928 ( 59%)]  Loss: 0.4986 (0.467)  LR: 1.989e-03  Time cost: 01:27/01:01 [04:05/2:31:59]  Acc_iter 17250       Data time: 0.00(0.00)  Forward time: 0.15(0.16)  Batch time: 0.16(0.16)
2026-02-26 09:14:13,834   INFO  ubuntu22                    Thu Feb 26 09:14:13 2026  550.78
[0] NVIDIA GeForce RTX 3090 | 66°C,  79 % |  4663 / 24576 MB | vipuser(4648M) root(4M)

2026-02-26 09:14:21,667   INFO  Train:   19/80 ( 24%) [ 595/928 ( 64%)]  Loss: 0.4572 (0.467)  LR: 1.996e-03  Time cost: 01:35/00:53 [04:13/2:32:01]  Acc_iter 17300       Data time: 0.00(0.00)  Forward time: 0.15(0.16)  Batch time: 0.15(0.16)
2026-02-26 09:14:29,566   INFO  Train:   19/80 ( 24%) [ 645/928 ( 70%)]  Loss: 0.3949 (0.468)  LR: 2.003e-03  Time cost: 01:43/00:45 [04:21/2:31:43]  Acc_iter 17350       Data time: 0.00(0.00)  Forward time: 0.16(0.16)  Batch time: 0.16(0.16)
2026-02-26 09:14:37,532   INFO  Train:   19/80 ( 24%) [ 695/928 ( 75%)]  Loss: 0.3847 (0.468)  LR: 2.010e-03  Time cost: 01:51/00:37 [04:29/2:31:32]  Acc_iter 17400       Data time: 0.00(0.00)  Forward time: 0.15(0.16)  Batch time: 0.16(0.16)
2026-02-26 09:14:37,806   INFO  ubuntu22                    Thu Feb 26 09:14:37 2026  550.78
[0] NVIDIA GeForce RTX 3090 | 66°C,  69 % |  4663 / 24576 MB | vipuser(4648M) root(4M)

2026-02-26 09:14:45,724   INFO  Train:   19/80 ( 24%) [ 745/928 ( 80%)]  Loss: 0.4865 (0.467)  LR: 2.017e-03  Time cost: 01:59/00:29 [04:37/2:31:39]  Acc_iter 17450       Data time: 0.00(0.00)  Forward time: 0.16(0.16)  Batch time: 0.16(0.16)
2026-02-26 09:14:53,721   INFO  Train:   19/80 ( 24%) [ 795/928 ( 86%)]  Loss: 0.4157 (0.467)  LR: 2.024e-03  Time cost: 02:07/00:21 [04:45/2:31:30]  Acc_iter 17500       Data time: 0.00(0.00)  Forward time: 0.16(0.16)  Batch time: 0.16(0.16)
2026-02-26 09:15:01,607   INFO  Train:   19/80 ( 24%) [ 845/928 ( 91%)]  Loss: 0.5858 (0.468)  LR: 2.031e-03  Time cost: 02:15/00:13 [04:53/2:31:14]  Acc_iter 17550       Data time: 0.00(0.00)  Forward time: 0.15(0.16)  Batch time: 0.16(0.16)
2026-02-26 09:15:01,889   INFO  ubuntu22                    Thu Feb 26 09:15:01 2026  550.78
[0] NVIDIA GeForce RTX 3090 | 66°C,  28 % |  4663 / 24576 MB | vipuser(4648M) root(4M)

2026-02-26 09:15:09,789   INFO  Train:   19/80 ( 24%) [ 895/928 ( 96%)]  Loss: 0.5051 (0.468)  LR: 2.037e-03  Time cost: 02:23/00:05 [05:01/2:31:17]  Acc_iter 17600       Data time: 0.00(0.00)  Forward time: 0.16(0.16)  Batch time: 0.16(0.16)
2026-02-26 09:15:14,808   INFO  Train:   19/80 ( 24%) [ 927/928 (100%)]  Loss: 0.3824 (0.467)  LR: 2.042e-03  Time cost: 02:28/00:00 [05:06/2:31:05]  Acc_iter 17632       Data time: 0.00(0.00)  Forward time: 0.15(0.16)  Batch time: 0.15(0.16)
2026-02-26 09:15:15,604   INFO  Train:   20/80 ( 25%) [   0/928 (  0%)]  Loss: 0.5211 (0.521)  LR: 2.042e-03  Time cost: 00:00/09:25 [05:07/9:34:51]  Acc_iter 17633       Data time: 0.41(0.41)  Forward time: 0.20(0.20)  Batch time: 0.61(0.61)
2026-02-26 09:15:18,309   INFO  Train:   20/80 ( 25%) [  17/928 (  2%)]  Loss: 0.4821 (0.463)  LR: 2.044e-03  Time cost: 00:03/02:47 [05:10/2:53:39]  Acc_iter 17650       Data time: 0.00(0.02)  Forward time: 0.15(0.16)  Batch time: 0.16(0.18)
2026-02-26 09:15:26,173   INFO  Train:   20/80 ( 25%) [  67/928 (  7%)]  Loss: 0.4951 (0.467)  LR: 2.051e-03  Time cost: 00:11/02:21 [05:18/2:34:55]  Acc_iter 17700       Data time: 0.00(0.01)  Forward time: 0.15(0.16)  Batch time: 0.15(0.16)
2026-02-26 09:15:26,453   INFO  ubuntu22                    Thu Feb 26 09:15:26 2026  550.78
[0] NVIDIA GeForce RTX 3090 | 66°C,  81 % |  4663 / 24576 MB | vipuser(4648M) root(4M)

2026-02-26 09:15:34,299   INFO  Train:   20/80 ( 25%) [ 117/928 ( 13%)]  Loss: 0.5353 (0.465)  LR: 2.058e-03  Time cost: 00:19/02:12 [05:26/2:34:01]  Acc_iter 17750       Data time: 0.00(0.01)  Forward time: 0.15(0.16)  Batch time: 0.16(0.16)
2026-02-26 09:15:42,136   INFO  Train:   20/80 ( 25%) [ 167/928 ( 18%)]  Loss: 0.4636 (0.466)  LR: 2.065e-03  Time cost: 00:27/02:02 [05:33/2:31:58]  Acc_iter 17800       Data time: 0.00(0.01)  Forward time: 0.15(0.16)  Batch time: 0.16(0.16)
2026-02-26 09:15:49,995   INFO  Train:   20/80 ( 25%) [ 217/928 ( 23%)]  Loss: 0.5469 (0.470)  LR: 2.071e-03  Time cost: 00:35/01:54 [05:41/2:30:53]  Acc_iter 17850       Data time: 0.00(0.00)  Forward time: 0.15(0.16)  Batch time: 0.16(0.16)
2026-02-26 09:15:50,276   INFO  ubuntu22                    Thu Feb 26 09:15:50 2026  550.78
[0] NVIDIA GeForce RTX 3090 | 66°C,  30 % |  4663 / 24576 MB | vipuser(4648M) root(4M)

2026-02-26 09:15:58,138   INFO  Train:   20/80 ( 25%) [ 267/928 ( 29%)]  Loss: 0.5444 (0.472)  LR: 2.078e-03  Time cost: 00:43/01:46 [05:49/2:31:09]  Acc_iter 17900       Data time: 0.00(0.01)  Forward time: 0.15(0.16)  Batch time: 0.16(0.16)
2026-02-26 09:16:05,981   INFO  Train:   20/80 ( 25%) [ 317/928 ( 34%)]  Loss: 0.4563 (0.472)  LR: 2.085e-03  Time cost: 00:50/01:37 [05:57/2:30:25]  Acc_iter 17950       Data time: 0.00(0.00)  Forward time: 0.15(0.16)  Batch time: 0.15(0.16)
2026-02-26 09:16:13,818   INFO  Train:   20/80 ( 25%) [ 367/928 ( 40%)]  Loss: 0.4511 (0.470)  LR: 2.092e-03  Time cost: 00:58/01:29 [06:05/2:29:49]  Acc_iter 18000       Data time: 0.00(0.00)  Forward time: 0.16(0.16)  Batch time: 0.16(0.16)
2026-02-26 09:16:14,094   INFO  ubuntu22                    Thu Feb 26 09:16:14 2026  550.78
[0] NVIDIA GeForce RTX 3090 | 66°C,  40 % |  4663 / 24576 MB | vipuser(4648M) root(4M)

2026-02-26 09:16:21,929   INFO  Train:   20/80 ( 25%) [ 417/928 ( 45%)]  Loss: 0.5482 (0.471)  LR: 2.098e-03  Time cost: 01:06/01:21 [06:13/2:29:57]  Acc_iter 18050       Data time: 0.00(0.00)  Forward time: 0.16(0.16)  Batch time: 0.16(0.16)
2026-02-26 09:16:29,826   INFO  Train:   20/80 ( 25%) [ 467/928 ( 50%)]  Loss: 0.4358 (0.471)  LR: 2.105e-03  Time cost: 01:14/01:13 [06:21/2:29:36]  Acc_iter 18100       Data time: 0.00(0.00)  Forward time: 0.16(0.16)  Batch time: 0.16(0.16)
2026-02-26 09:16:37,698   INFO  Train:   20/80 ( 25%) [ 517/928 ( 56%)]  Loss: 0.5219 (0.469)  LR: 2.112e-03  Time cost: 01:22/01:05 [06:29/2:29:15]  Acc_iter 18150       Data time: 0.00(0.00)  Forward time: 0.16(0.16)  Batch time: 0.16(0.16)
2026-02-26 09:16:37,980   INFO  ubuntu22                    Thu Feb 26 09:16:37 2026  550.78
[0] NVIDIA GeForce RTX 3090 | 66°C,  69 % |  4663 / 24576 MB | vipuser(4648M) root(4M)

2026-02-26 09:16:45,885   INFO  Train:   20/80 ( 25%) [ 567/928 ( 61%)]  Loss: 0.4656 (0.468)  LR: 2.119e-03  Time cost: 01:30/00:57 [06:37/2:29:27]  Acc_iter 18200       Data time: 0.00(0.00)  Forward time: 0.15(0.16)  Batch time: 0.15(0.16)
2026-02-26 09:16:53,817   INFO  Train:   20/80 ( 25%) [ 617/928 ( 66%)]  Loss: 0.3750 (0.469)  LR: 2.125e-03  Time cost: 01:38/00:49 [06:45/2:29:13]  Acc_iter 18250       Data time: 0.00(0.00)  Forward time: 0.16(0.16)  Batch time: 0.16(0.16)
2026-02-26 09:17:01,810   INFO  Train:   20/80 ( 25%) [ 667/928 ( 72%)]  Loss: 0.4509 (0.467)  LR: 2.132e-03  Time cost: 01:46/00:41 [06:53/2:29:05]  Acc_iter 18300       Data time: 0.00(0.00)  Forward time: 0.16(0.16)  Batch time: 0.16(0.16)
2026-02-26 09:17:02,091   INFO  ubuntu22                    Thu Feb 26 09:17:02 2026  550.78
[0] NVIDIA GeForce RTX 3090 | 66°C,  40 % |  4663 / 24576 MB | vipuser(4648M) root(4M)

2026-02-26 09:17:10,116   INFO  Train:   20/80 ( 25%) [ 717/928 ( 77%)]  Loss: 0.5642 (0.467)  LR: 2.139e-03  Time cost: 01:55/00:33 [07:01/2:29:21]  Acc_iter 18350       Data time: 0.00(0.00)  Forward time: 0.16(0.16)  Batch time: 0.16(0.16)
2026-02-26 09:17:18,178   INFO  Train:   20/80 ( 25%) [ 767/928 ( 83%)]  Loss: 0.4013 (0.466)  LR: 2.145e-03  Time cost: 02:03/00:25 [07:10/2:29:16]  Acc_iter 18400       Data time: 0.00(0.00)  Forward time: 0.16(0.16)  Batch time: 0.16(0.16)
2026-02-26 09:17:26,235   INFO  Train:   20/80 ( 25%) [ 817/928 ( 88%)]  Loss: 0.4029 (0.465)  LR: 2.152e-03  Time cost: 02:11/00:17 [07:18/2:29:11]  Acc_iter 18450       Data time: 0.00(0.00)  Forward time: 0.15(0.16)  Batch time: 0.16(0.16)
2026-02-26 09:17:26,521   INFO  ubuntu22                    Thu Feb 26 09:17:26 2026  550.78
[0] NVIDIA GeForce RTX 3090 | 66°C,  52 % |  4663 / 24576 MB | vipuser(4648M) root(4M)

2026-02-26 09:17:34,633   INFO  Train:   20/80 ( 25%) [ 867/928 ( 93%)]  Loss: 0.3784 (0.464)  LR: 2.159e-03  Time cost: 02:19/00:09 [07:26/2:29:27]  Acc_iter 18500       Data time: 0.00(0.00)  Forward time: 0.16(0.16)  Batch time: 0.16(0.16)
2026-02-26 09:17:42,650   INFO  Train:   20/80 ( 25%) [ 917/928 ( 99%)]  Loss: 0.4232 (0.464)  LR: 2.165e-03  Time cost: 02:27/00:01 [07:34/2:29:17]  Acc_iter 18550       Data time: 0.00(0.00)  Forward time: 0.16(0.16)  Batch time: 0.16(0.16)
2026-02-26 09:17:44,179   INFO  Train:   20/80 ( 25%) [ 927/928 (100%)]  Loss: 0.5547 (0.464)  LR: 2.166e-03  Time cost: 02:29/00:00 [07:36/2:29:11]  Acc_iter 18560       Data time: 0.00(0.00)  Forward time: 0.15(0.16)  Batch time: 0.15(0.16)
2026-02-26 09:17:44,987   INFO  Train:   21/80 ( 26%) [   0/928 (  0%)]  Loss: 0.4865 (0.487)  LR: 2.167e-03  Time cost: 00:00/09:38 [07:36/9:38:42]  Acc_iter 18561       Data time: 0.39(0.39)  Forward time: 0.23(0.23)  Batch time: 0.62(0.62)
2026-02-26 09:17:51,156   INFO  Train:   21/80 ( 26%) [  39/928 (  4%)]  Loss: 0.4378 (0.479)  LR: 2.172e-03  Time cost: 00:06/02:30 [07:43/2:37:27]  Acc_iter 18600       Data time: 0.00(0.01)  Forward time: 0.15(0.16)  Batch time: 0.16(0.17)
2026-02-26 09:17:51,437   INFO  ubuntu22                    Thu Feb 26 09:17:51 2026  550.78
[0] NVIDIA GeForce RTX 3090 | 66°C,  28 % |  4663 / 24576 MB | vipuser(4648M) root(4M)

2026-02-26 09:17:59,328   INFO  Train:   21/80 ( 26%) [  89/928 ( 10%)]  Loss: 0.5102 (0.470)  LR: 2.178e-03  Time cost: 00:14/02:19 [07:51/2:34:03]  Acc_iter 18650       Data time: 0.00(0.01)  Forward time: 0.16(0.16)  Batch time: 0.16(0.17)
2026-02-26 09:18:07,224   INFO  Train:   21/80 ( 26%) [ 139/928 ( 15%)]  Loss: 0.4347 (0.465)  LR: 2.185e-03  Time cost: 00:22/02:08 [07:59/2:31:09]  Acc_iter 18700       Data time: 0.00(0.01)  Forward time: 0.15(0.16)  Batch time: 0.15(0.16)
2026-02-26 09:18:15,176   INFO  Train:   21/80 ( 26%) [ 189/928 ( 20%)]  Loss: 0.5423 (0.467)  LR: 2.191e-03  Time cost: 00:30/01:59 [08:07/2:29:58]  Acc_iter 18750       Data time: 0.00(0.01)  Forward time: 0.16(0.16)  Batch time: 0.16(0.16)
2026-02-26 09:18:15,455   INFO  ubuntu22                    Thu Feb 26 09:18:15 2026  550.78
[0] NVIDIA GeForce RTX 3090 | 66°C,  40 % |  4663 / 24576 MB | vipuser(4648M) root(4M)

2026-02-26 09:18:23,336   INFO  Train:   21/80 ( 26%) [ 239/928 ( 26%)]  Loss: 0.4064 (0.465)  LR: 2.198e-03  Time cost: 00:38/01:51 [08:15/2:30:02]  Acc_iter 18800       Data time: 0.00(0.01)  Forward time: 0.15(0.16)  Batch time: 0.16(0.16)
2026-02-26 09:18:31,235   INFO  Train:   21/80 ( 26%) [ 289/928 ( 31%)]  Loss: 0.4658 (0.464)  LR: 2.205e-03  Time cost: 00:46/01:43 [08:23/2:29:12]  Acc_iter 18850       Data time: 0.00(0.01)  Forward time: 0.16(0.16)  Batch time: 0.16(0.16)
2026-02-26 09:18:39,154   INFO  Train:   21/80 ( 26%) [ 339/928 ( 37%)]  Loss: 0.5985 (0.463)  LR: 2.211e-03  Time cost: 00:54/01:34 [08:31/2:28:38]  Acc_iter 18900       Data time: 0.00(0.00)  Forward time: 0.15(0.16)  Batch time: 0.15(0.16)
2026-02-26 09:18:39,434   INFO  ubuntu22                    Thu Feb 26 09:18:39 2026  550.78
[0] NVIDIA GeForce RTX 3090 | 66°C,  34 % |  4663 / 24576 MB | vipuser(4648M) root(4M)

2026-02-26 09:18:47,306   INFO  Train:   21/80 ( 26%) [ 389/928 ( 42%)]  Loss: 0.3807 (0.461)  LR: 2.217e-03  Time cost: 01:02/01:26 [08:39/2:28:43]  Acc_iter 18950       Data time: 0.00(0.01)  Forward time: 0.16(0.16)  Batch time: 0.16(0.16)
2026-02-26 09:18:55,275   INFO  Train:   21/80 ( 26%) [ 439/928 ( 47%)]  Loss: 0.3908 (0.459)  LR: 2.224e-03  Time cost: 01:10/01:18 [08:47/2:28:22]  Acc_iter 19000       Data time: 0.00(0.00)  Forward time: 0.16(0.16)  Batch time: 0.16(0.16)
2026-02-26 09:19:03,214   INFO  Train:   21/80 ( 26%) [ 489/928 ( 53%)]  Loss: 0.4255 (0.459)  LR: 2.230e-03  Time cost: 01:18/01:10 [08:55/2:28:01]  Acc_iter 19050       Data time: 0.00(0.00)  Forward time: 0.16(0.16)  Batch time: 0.16(0.16)
2026-02-26 09:19:03,495   INFO  ubuntu22                    Thu Feb 26 09:19:03 2026  550.78
[0] NVIDIA GeForce RTX 3090 | 66°C,  55 % |  4663 / 24576 MB | vipuser(4648M) root(4M)

2026-02-26 09:19:11,395   INFO  Train:   21/80 ( 26%) [ 539/928 ( 58%)]  Loss: 0.4509 (0.459)  LR: 2.237e-03  Time cost: 01:27/01:02 [09:03/2:28:06]  Acc_iter 19100       Data time: 0.00(0.00)  Forward time: 0.16(0.16)  Batch time: 0.16(0.16)
2026-02-26 09:19:19,328   INFO  Train:   21/80 ( 26%) [ 589/928 ( 63%)]  Loss: 0.4929 (0.460)  LR: 2.243e-03  Time cost: 01:34/00:54 [09:11/2:27:47]  Acc_iter 19150       Data time: 0.00(0.00)  Forward time: 0.16(0.16)  Batch time: 0.16(0.16)
2026-02-26 09:19:27,249   INFO  Train:   21/80 ( 26%) [ 639/928 ( 69%)]  Loss: 0.5331 (0.459)  LR: 2.250e-03  Time cost: 01:42/00:46 [09:19/2:27:28]  Acc_iter 19200       Data time: 0.00(0.00)  Forward time: 0.16(0.16)  Batch time: 0.16(0.16)
2026-02-26 09:19:27,529   INFO  ubuntu22                    Thu Feb 26 09:19:27 2026  550.78
[0] NVIDIA GeForce RTX 3090 | 66°C,  68 % |  4663 / 24576 MB | vipuser(4648M) root(4M)

2026-02-26 09:19:35,418   INFO  Train:   21/80 ( 26%) [ 689/928 ( 74%)]  Loss: 0.4638 (0.458)  LR: 2.256e-03  Time cost: 01:51/00:38 [09:27/2:27:30]  Acc_iter 19250       Data time: 0.00(0.00)  Forward time: 0.16(0.16)  Batch time: 0.17(0.16)
2026-02-26 09:19:43,331   INFO  Train:   21/80 ( 26%) [ 739/928 ( 80%)]  Loss: 0.4496 (0.458)  LR: 2.262e-03  Time cost: 01:58/00:30 [09:35/2:27:12]  Acc_iter 19300       Data time: 0.00(0.00)  Forward time: 0.15(0.16)  Batch time: 0.16(0.16)
2026-02-26 09:19:51,227   INFO  Train:   21/80 ( 26%) [ 789/928 ( 85%)]  Loss: 0.5078 (0.458)  LR: 2.269e-03  Time cost: 02:06/00:22 [09:43/2:26:54]  Acc_iter 19350       Data time: 0.00(0.00)  Forward time: 0.15(0.16)  Batch time: 0.16(0.16)
2026-02-26 09:19:51,509   INFO  ubuntu22                    Thu Feb 26 09:19:51 2026  550.78
[0] NVIDIA GeForce RTX 3090 | 66°C,  64 % |  4663 / 24576 MB | vipuser(4648M) root(4M)

2026-02-26 09:19:59,427   INFO  Train:   21/80 ( 26%) [ 839/928 ( 90%)]  Loss: 0.4894 (0.458)  LR: 2.275e-03  Time cost: 02:15/00:14 [09:51/2:26:57]  Acc_iter 19400       Data time: 0.00(0.00)  Forward time: 0.16(0.16)  Batch time: 0.16(0.16)
2026-02-26 09:20:07,346   INFO  Train:   21/80 ( 26%) [ 889/928 ( 96%)]  Loss: 0.5089 (0.457)  LR: 2.281e-03  Time cost: 02:22/00:06 [09:59/2:26:42]  Acc_iter 19450       Data time: 0.00(0.00)  Forward time: 0.16(0.16)  Batch time: 0.16(0.16)
2026-02-26 09:20:13,291   INFO  Train:   21/80 ( 26%) [ 927/928 (100%)]  Loss: 0.4533 (0.457)  LR: 2.286e-03  Time cost: 02:28/00:00 [10:05/2:26:26]  Acc_iter 19488       Data time: 0.00(0.00)  Forward time: 0.15(0.16)  Batch time: 0.15(0.16)
2026-02-26 09:20:14,121   INFO  Train:   22/80 ( 28%) [   0/928 (  0%)]  Loss: 0.4357 (0.436)  LR: 2.286e-03  Time cost: 00:00/09:48 [10:05/9:38:28]  Acc_iter 19489       Data time: 0.39(0.39)  Forward time: 0.24(0.24)  Batch time: 0.63(0.63)
2026-02-26 09:20:15,852   INFO  Train:   22/80 ( 28%) [  11/928 (  1%)]  Loss: 0.4417 (0.461)  LR: 2.288e-03  Time cost: 00:02/03:00 [10:07/2:59:45]  Acc_iter 19500       Data time: 0.00(0.03)  Forward time: 0.16(0.16)  Batch time: 0.16(0.20)
2026-02-26 09:20:16,131   INFO  ubuntu22                    Thu Feb 26 09:20:16 2026  550.78
[0] NVIDIA GeForce RTX 3090 | 66°C,  79 % |  4663 / 24576 MB | vipuser(4648M) root(4M)

2026-02-26 09:20:24,066   INFO  Train:   22/80 ( 28%) [  61/928 (  7%)]  Loss: 0.4333 (0.452)  LR: 2.294e-03  Time cost: 00:10/02:27 [10:15/2:35:31]  Acc_iter 19550       Data time: 0.00(0.01)  Forward time: 0.16(0.16)  Batch time: 0.16(0.17)
2026-02-26 09:20:31,909   INFO  Train:   22/80 ( 28%) [ 111/928 ( 12%)]  Loss: 0.5327 (0.450)  LR: 2.300e-03  Time cost: 00:18/02:14 [10:23/2:29:47]  Acc_iter 19600       Data time: 0.00(0.01)  Forward time: 0.16(0.16)  Batch time: 0.16(0.16)
2026-02-26 09:20:39,750   INFO  Train:   22/80 ( 28%) [ 161/928 ( 17%)]  Loss: 0.4824 (0.452)  LR: 2.307e-03  Time cost: 00:26/02:04 [10:31/2:27:29]  Acc_iter 19650       Data time: 0.00(0.01)  Forward time: 0.15(0.16)  Batch time: 0.16(0.16)
2026-02-26 09:20:40,024   INFO  ubuntu22                    Thu Feb 26 09:20:40 2026  550.78
[0] NVIDIA GeForce RTX 3090 | 66°C,  41 % |  4665 / 24576 MB | vipuser(4650M) root(4M)

2026-02-26 09:20:47,895   INFO  Train:   22/80 ( 28%) [ 211/928 ( 23%)]  Loss: 0.3473 (0.452)  LR: 2.313e-03  Time cost: 00:34/01:56 [10:39/2:27:31]  Acc_iter 19700       Data time: 0.00(0.01)  Forward time: 0.16(0.16)  Batch time: 0.16(0.16)
2026-02-26 09:20:55,753   INFO  Train:   22/80 ( 28%) [ 261/928 ( 28%)]  Loss: 0.4800 (0.451)  LR: 2.319e-03  Time cost: 00:42/01:47 [10:47/2:26:30]  Acc_iter 19750       Data time: 0.00(0.01)  Forward time: 0.16(0.16)  Batch time: 0.16(0.16)
2026-02-26 09:21:03,583   INFO  Train:   22/80 ( 28%) [ 311/928 ( 34%)]  Loss: 0.4333 (0.450)  LR: 2.325e-03  Time cost: 00:50/01:39 [10:55/2:25:41]  Acc_iter 19800       Data time: 0.00(0.00)  Forward time: 0.16(0.16)  Batch time: 0.16(0.16)
2026-02-26 09:21:03,859   INFO  ubuntu22                    Thu Feb 26 09:21:03 2026  550.78
[0] NVIDIA GeForce RTX 3090 | 66°C,  61 % |  4665 / 24576 MB | vipuser(4650M) root(4M)

2026-02-26 09:21:11,717   INFO  Train:   22/80 ( 28%) [ 361/928 ( 39%)]  Loss: 0.4143 (0.453)  LR: 2.331e-03  Time cost: 00:58/01:31 [11:03/2:25:49]  Acc_iter 19850       Data time: 0.00(0.01)  Forward time: 0.16(0.16)  Batch time: 0.16(0.16)
2026-02-26 09:21:19,568   INFO  Train:   22/80 ( 28%) [ 411/928 ( 44%)]  Loss: 0.4329 (0.451)  LR: 2.338e-03  Time cost: 01:06/01:22 [11:11/2:25:15]  Acc_iter 19900       Data time: 0.00(0.00)  Forward time: 0.15(0.16)  Batch time: 0.16(0.16)
2026-02-26 09:21:27,422   INFO  Train:   22/80 ( 28%) [ 461/928 ( 50%)]  Loss: 0.5512 (0.449)  LR: 2.344e-03  Time cost: 01:13/01:14 [11:19/2:24:48]  Acc_iter 19950       Data time: 0.00(0.00)  Forward time: 0.16(0.16)  Batch time: 0.16(0.16)
2026-02-26 09:21:27,706   INFO  ubuntu22                    Thu Feb 26 09:21:27 2026  550.78
[0] NVIDIA GeForce RTX 3090 | 66°C,  75 % |  4665 / 24576 MB | vipuser(4650M) root(4M)

2026-02-26 09:21:35,572   INFO  Train:   22/80 ( 28%) [ 511/928 ( 55%)]  Loss: 0.4617 (0.449)  LR: 2.350e-03  Time cost: 01:22/01:06 [11:27/2:24:55]  Acc_iter 20000       Data time: 0.00(0.00)  Forward time: 0.15(0.16)  Batch time: 0.15(0.16)
2026-02-26 09:21:43,473   INFO  Train:   22/80 ( 28%) [ 561/928 ( 60%)]  Loss: 0.4082 (0.449)  LR: 2.356e-03  Time cost: 01:29/00:58 [11:35/2:24:36]  Acc_iter 20050       Data time: 0.00(0.00)  Forward time: 0.16(0.16)  Batch time: 0.16(0.16)
2026-02-26 09:21:51,353   INFO  Train:   22/80 ( 28%) [ 611/928 ( 66%)]  Loss: 0.4156 (0.448)  LR: 2.362e-03  Time cost: 01:37/00:50 [11:43/2:24:17]  Acc_iter 20100       Data time: 0.00(0.00)  Forward time: 0.16(0.16)  Batch time: 0.16(0.16)
2026-02-26 09:21:51,631   INFO  ubuntu22                    Thu Feb 26 09:21:51 2026  550.78
[0] NVIDIA GeForce RTX 3090 | 66°C,  54 % |  4665 / 24576 MB | vipuser(4650M) root(4M)

2026-02-26 09:21:59,507   INFO  Train:   22/80 ( 28%) [ 661/928 ( 71%)]  Loss: 0.4134 (0.447)  LR: 2.368e-03  Time cost: 01:46/00:42 [11:51/2:24:22]  Acc_iter 20150       Data time: 0.00(0.00)  Forward time: 0.16(0.16)  Batch time: 0.16(0.16)
2026-02-26 09:22:07,368   INFO  Train:   22/80 ( 28%) [ 711/928 ( 77%)]  Loss: 0.3549 (0.446)  LR: 2.374e-03  Time cost: 01:53/00:34 [11:59/2:24:03]  Acc_iter 20200       Data time: 0.00(0.00)  Forward time: 0.16(0.16)  Batch time: 0.16(0.16)
2026-02-26 09:22:15,241   INFO  Train:   22/80 ( 28%) [ 761/928 ( 82%)]  Loss: 0.4224 (0.446)  LR: 2.380e-03  Time cost: 02:01/00:26 [12:07/2:23:46]  Acc_iter 20250       Data time: 0.00(0.00)  Forward time: 0.16(0.16)  Batch time: 0.16(0.16)
2026-02-26 09:22:15,520   INFO  ubuntu22                    Thu Feb 26 09:22:15 2026  550.78
[0] NVIDIA GeForce RTX 3090 | 66°C,  82 % |  4665 / 24576 MB | vipuser(4650M) root(4M)

2026-02-26 09:22:23,455   INFO  Train:   22/80 ( 28%) [ 811/928 ( 87%)]  Loss: 0.4577 (0.447)  LR: 2.386e-03  Time cost: 02:09/00:18 [12:15/2:23:53]  Acc_iter 20300       Data time: 0.00(0.00)  Forward time: 0.16(0.16)  Batch time: 0.16(0.16)
2026-02-26 09:22:31,398   INFO  Train:   22/80 ( 28%) [ 861/928 ( 93%)]  Loss: 0.4054 (0.446)  LR: 2.392e-03  Time cost: 02:17/00:10 [12:23/2:23:42]  Acc_iter 20350       Data time: 0.00(0.00)  Forward time: 0.16(0.16)  Batch time: 0.16(0.16)
2026-02-26 09:22:39,296   INFO  Train:   22/80 ( 28%) [ 911/928 ( 98%)]  Loss: 0.4638 (0.447)  LR: 2.398e-03  Time cost: 02:25/00:02 [12:31/2:23:28]  Acc_iter 20400       Data time: 0.00(0.00)  Forward time: 0.15(0.16)  Batch time: 0.15(0.16)
2026-02-26 09:22:39,573   INFO  ubuntu22                    Thu Feb 26 09:22:39 2026  550.78
[0] NVIDIA GeForce RTX 3090 | 66°C,  40 % |  4665 / 24576 MB | vipuser(4650M) root(4M)

2026-02-26 09:22:42,048   INFO  Train:   22/80 ( 28%) [ 927/928 (100%)]  Loss: 0.4232 (0.447)  LR: 2.400e-03  Time cost: 02:28/00:00 [12:33/2:23:36]  Acc_iter 20416       Data time: 0.00(0.00)  Forward time: 0.15(0.16)  Batch time: 0.15(0.16)
2026-02-26 09:22:43,063   INFO  Train:   23/80 ( 29%) [   0/928 (  0%)]  Loss: 0.4673 (0.467)  LR: 2.400e-03  Time cost: 00:00/09:46 [12:34/9:26:28]  Acc_iter 20417       Data time: 0.42(0.42)  Forward time: 0.21(0.21)  Batch time: 0.63(0.63)
2026-02-26 09:22:48,310   INFO  Train:   23/80 ( 29%) [  33/928 (  4%)]  Loss: 0.4797 (0.442)  LR: 2.404e-03  Time cost: 00:05/02:34 [12:40/2:34:59]  Acc_iter 20450       Data time: 0.00(0.01)  Forward time: 0.15(0.16)  Batch time: 0.15(0.17)
2026-02-26 09:22:56,199   INFO  Train:   23/80 ( 29%) [  83/928 (  9%)]  Loss: 0.4496 (0.442)  LR: 2.410e-03  Time cost: 00:13/02:18 [12:48/2:26:47]  Acc_iter 20500       Data time: 0.00(0.01)  Forward time: 0.15(0.16)  Batch time: 0.16(0.16)
2026-02-26 09:23:04,056   INFO  Train:   23/80 ( 29%) [ 133/928 ( 14%)]  Loss: 0.4553 (0.442)  LR: 2.416e-03  Time cost: 00:21/02:08 [12:55/2:24:24]  Acc_iter 20550       Data time: 0.00(0.01)  Forward time: 0.15(0.16)  Batch time: 0.16(0.16)
2026-02-26 09:23:04,342   INFO  ubuntu22                    Thu Feb 26 09:23:04 2026  550.78
[0] NVIDIA GeForce RTX 3090 | 65°C,  31 % |  4665 / 24576 MB | vipuser(4650M) root(4M)

2026-02-26 09:23:12,190   INFO  Train:   23/80 ( 29%) [ 183/928 ( 20%)]  Loss: 0.4001 (0.440)  LR: 2.422e-03  Time cost: 00:29/02:00 [13:04/2:24:35]  Acc_iter 20600       Data time: 0.00(0.01)  Forward time: 0.15(0.16)  Batch time: 0.15(0.16)
2026-02-26 09:23:20,007   INFO  Train:   23/80 ( 29%) [ 233/928 ( 25%)]  Loss: 0.4578 (0.441)  LR: 2.427e-03  Time cost: 00:37/01:51 [13:11/2:23:25]  Acc_iter 20650       Data time: 0.00(0.00)  Forward time: 0.15(0.16)  Batch time: 0.15(0.16)
2026-02-26 09:23:27,894   INFO  Train:   23/80 ( 29%) [ 283/928 ( 30%)]  Loss: 0.4712 (0.442)  LR: 2.433e-03  Time cost: 00:45/01:43 [13:19/2:22:50]  Acc_iter 20700       Data time: 0.00(0.00)  Forward time: 0.15(0.16)  Batch time: 0.15(0.16)
2026-02-26 09:23:28,178   INFO  ubuntu22                    Thu Feb 26 09:23:28 2026  550.78
[0] NVIDIA GeForce RTX 3090 | 66°C,  42 % |  4665 / 24576 MB | vipuser(4650M) root(4M)

2026-02-26 09:23:36,027   INFO  Train:   23/80 ( 29%) [ 333/928 ( 36%)]  Loss: 0.4257 (0.440)  LR: 2.439e-03  Time cost: 00:53/01:35 [13:27/2:23:03]  Acc_iter 20750       Data time: 0.00(0.00)  Forward time: 0.15(0.16)  Batch time: 0.16(0.16)
2026-02-26 09:23:43,930   INFO  Train:   23/80 ( 29%) [ 383/928 ( 41%)]  Loss: 0.5674 (0.441)  LR: 2.445e-03  Time cost: 01:01/01:27 [13:35/2:22:38]  Acc_iter 20800       Data time: 0.00(0.00)  Forward time: 0.16(0.16)  Batch time: 0.16(0.16)
2026-02-26 09:23:51,786   INFO  Train:   23/80 ( 29%) [ 433/928 ( 47%)]  Loss: 0.4848 (0.444)  LR: 2.451e-03  Time cost: 01:09/01:19 [13:43/2:22:12]  Acc_iter 20850       Data time: 0.00(0.00)  Forward time: 0.16(0.16)  Batch time: 0.16(0.16)
2026-02-26 09:23:52,069   INFO  ubuntu22                    Thu Feb 26 09:23:52 2026  550.78
[0] NVIDIA GeForce RTX 3090 | 66°C,  80 % |  4665 / 24576 MB | vipuser(4650M) root(4M)

2026-02-26 09:23:59,928   INFO  Train:   23/80 ( 29%) [ 483/928 ( 52%)]  Loss: 0.4127 (0.444)  LR: 2.456e-03  Time cost: 01:17/01:11 [13:51/2:22:20]  Acc_iter 20900       Data time: 0.00(0.00)  Forward time: 0.15(0.16)  Batch time: 0.16(0.16)
2026-02-26 09:24:07,799   INFO  Train:   23/80 ( 29%) [ 533/928 ( 57%)]  Loss: 0.4079 (0.445)  LR: 2.462e-03  Time cost: 01:25/01:03 [13:59/2:21:59]  Acc_iter 20950       Data time: 0.00(0.00)  Forward time: 0.15(0.16)  Batch time: 0.15(0.16)
2026-02-26 09:24:15,708   INFO  Train:   23/80 ( 29%) [ 583/928 ( 63%)]  Loss: 0.4032 (0.447)  LR: 2.468e-03  Time cost: 01:33/00:55 [14:07/2:21:43]  Acc_iter 21000       Data time: 0.00(0.00)  Forward time: 0.16(0.16)  Batch time: 0.16(0.16)
2026-02-26 09:24:15,988   INFO  ubuntu22                    Thu Feb 26 09:24:15 2026  550.78
[0] NVIDIA GeForce RTX 3090 | 66°C,  57 % |  4665 / 24576 MB | vipuser(4650M) root(4M)

2026-02-26 09:24:23,867   INFO  Train:   23/80 ( 29%) [ 633/928 ( 68%)]  Loss: 0.5163 (0.448)  LR: 2.473e-03  Time cost: 01:41/00:47 [14:15/2:21:50]  Acc_iter 21050       Data time: 0.00(0.00)  Forward time: 0.16(0.16)  Batch time: 0.16(0.16)
2026-02-26 09:24:31,750   INFO  Train:   23/80 ( 29%) [ 683/928 ( 74%)]  Loss: 0.5442 (0.449)  LR: 2.479e-03  Time cost: 01:49/00:39 [14:23/2:21:33]  Acc_iter 21100       Data time: 0.00(0.00)  Forward time: 0.16(0.16)  Batch time: 0.16(0.16)
2026-02-26 09:24:39,618   INFO  Train:   23/80 ( 29%) [ 733/928 ( 79%)]  Loss: 0.5167 (0.449)  LR: 2.485e-03  Time cost: 01:57/00:31 [14:31/2:21:16]  Acc_iter 21150       Data time: 0.00(0.00)  Forward time: 0.16(0.16)  Batch time: 0.16(0.16)
2026-02-26 09:24:39,902   INFO  ubuntu22                    Thu Feb 26 09:24:39 2026  550.78
[0] NVIDIA GeForce RTX 3090 | 66°C,  26 % |  4665 / 24576 MB | vipuser(4650M) root(4M)

2026-02-26 09:24:47,781   INFO  Train:   23/80 ( 29%) [ 783/928 ( 84%)]  Loss: 0.4058 (0.448)  LR: 2.490e-03  Time cost: 02:05/00:23 [14:39/2:21:20]  Acc_iter 21200       Data time: 0.00(0.00)  Forward time: 0.15(0.16)  Batch time: 0.16(0.16)
2026-02-26 09:24:55,668   INFO  Train:   23/80 ( 29%) [ 833/928 ( 90%)]  Loss: 0.4458 (0.448)  LR: 2.496e-03  Time cost: 02:13/00:15 [14:47/2:21:05]  Acc_iter 21250       Data time: 0.00(0.00)  Forward time: 0.15(0.16)  Batch time: 0.16(0.16)
2026-02-26 09:25:03,533   INFO  Train:   23/80 ( 29%) [ 883/928 ( 95%)]  Loss: 0.4165 (0.447)  LR: 2.501e-03  Time cost: 02:21/00:07 [14:55/2:20:50]  Acc_iter 21300       Data time: 0.00(0.00)  Forward time: 0.15(0.16)  Batch time: 0.16(0.16)
2026-02-26 09:25:03,825   INFO  ubuntu22                    Thu Feb 26 09:25:03 2026  550.78
[0] NVIDIA GeForce RTX 3090 | 66°C,  70 % |  4665 / 24576 MB | vipuser(4650M) root(4M)

2026-02-26 09:25:10,693   INFO  Train:   23/80 ( 29%) [ 927/928 (100%)]  Loss: 0.4371 (0.447)  LR: 2.506e-03  Time cost: 02:28/00:00 [15:02/2:20:51]  Acc_iter 21344       Data time: 0.00(0.00)  Forward time: 0.15(0.16)  Batch time: 0.15(0.16)
2026-02-26 09:25:11,521   INFO  Train:   24/80 ( 30%) [   0/928 (  0%)]  Loss: 0.5099 (0.510)  LR: 2.506e-03  Time cost: 00:00/09:46 [15:03/9:17:28]  Acc_iter 21345       Data time: 0.39(0.39)  Forward time: 0.24(0.24)  Batch time: 0.63(0.63)
2026-02-26 09:25:12,320   INFO  Train:   24/80 ( 30%) [   5/928 (  1%)]  Loss: 0.3960 (0.456)  LR: 2.507e-03  Time cost: 00:01/03:40 [15:04/3:30:15]  Acc_iter 21350       Data time: 0.00(0.07)  Forward time: 0.16(0.17)  Batch time: 0.16(0.24)
2026-02-26 09:25:20,238   INFO  Train:   24/80 ( 30%) [  55/928 (  6%)]  Loss: 0.4342 (0.438)  LR: 2.512e-03  Time cost: 00:09/02:25 [15:12/2:27:02]  Acc_iter 21400       Data time: 0.00(0.01)  Forward time: 0.15(0.16)  Batch time: 0.16(0.17)
2026-02-26 09:25:28,147   INFO  Train:   24/80 ( 30%) [ 105/928 ( 11%)]  Loss: 0.3839 (0.441)  LR: 2.518e-03  Time cost: 00:17/02:13 [15:19/2:23:15]  Acc_iter 21450       Data time: 0.00(0.01)  Forward time: 0.15(0.16)  Batch time: 0.16(0.16)
2026-02-26 09:25:28,432   INFO  ubuntu22                    Thu Feb 26 09:25:28 2026  550.78
[0] NVIDIA GeForce RTX 3090 | 65°C,  81 % |  4665 / 24576 MB | vipuser(4650M) root(4M)

2026-02-26 09:25:36,405   INFO  Train:   24/80 ( 30%) [ 155/928 ( 17%)]  Loss: 0.4371 (0.438)  LR: 2.523e-03  Time cost: 00:25/02:06 [15:28/2:23:46]  Acc_iter 21500       Data time: 0.00(0.01)  Forward time: 0.16(0.16)  Batch time: 0.16(0.16)
2026-02-26 09:25:44,262   INFO  Train:   24/80 ( 30%) [ 205/928 ( 22%)]  Loss: 0.5458 (0.442)  LR: 2.529e-03  Time cost: 00:33/01:57 [15:36/2:22:16]  Acc_iter 21550       Data time: 0.00(0.01)  Forward time: 0.16(0.16)  Batch time: 0.16(0.16)
2026-02-26 09:25:52,106   INFO  Train:   24/80 ( 30%) [ 255/928 ( 27%)]  Loss: 0.4424 (0.441)  LR: 2.534e-03  Time cost: 00:41/01:48 [15:43/2:21:15]  Acc_iter 21600       Data time: 0.00(0.00)  Forward time: 0.16(0.16)  Batch time: 0.16(0.16)
2026-02-26 09:25:52,391   INFO  ubuntu22                    Thu Feb 26 09:25:52 2026  550.78
[0] NVIDIA GeForce RTX 3090 | 66°C,  63 % |  4665 / 24576 MB | vipuser(4650M) root(4M)

2026-02-26 09:26:00,309   INFO  Train:   24/80 ( 30%) [ 305/928 ( 33%)]  Loss: 0.5302 (0.440)  LR: 2.540e-03  Time cost: 00:49/01:40 [15:52/2:21:33]  Acc_iter 21650       Data time: 0.00(0.01)  Forward time: 0.15(0.16)  Batch time: 0.15(0.16)
2026-02-26 09:26:08,102   INFO  Train:   24/80 ( 30%) [ 355/928 ( 38%)]  Loss: 0.4007 (0.441)  LR: 2.545e-03  Time cost: 00:57/01:32 [15:59/2:20:43]  Acc_iter 21700       Data time: 0.00(0.00)  Forward time: 0.15(0.16)  Batch time: 0.15(0.16)
2026-02-26 09:26:15,940   INFO  Train:   24/80 ( 30%) [ 405/928 ( 44%)]  Loss: 0.4553 (0.441)  LR: 2.550e-03  Time cost: 01:05/01:23 [16:07/2:20:10]  Acc_iter 21750       Data time: 0.00(0.00)  Forward time: 0.16(0.16)  Batch time: 0.16(0.16)
2026-02-26 09:26:16,233   INFO  ubuntu22                    Thu Feb 26 09:26:16 2026  550.78
[0] NVIDIA GeForce RTX 3090 | 66°C,  80 % |  4665 / 24576 MB | vipuser(4650M) root(4M)

2026-02-26 09:26:24,100   INFO  Train:   24/80 ( 30%) [ 455/928 ( 49%)]  Loss: 0.4567 (0.441)  LR: 2.556e-03  Time cost: 01:13/01:15 [16:15/2:20:19]  Acc_iter 21800       Data time: 0.00(0.00)  Forward time: 0.15(0.16)  Batch time: 0.15(0.16)
2026-02-26 09:26:31,981   INFO  Train:   24/80 ( 30%) [ 505/928 ( 54%)]  Loss: 0.4811 (0.440)  LR: 2.561e-03  Time cost: 01:21/01:07 [16:23/2:19:56]  Acc_iter 21850       Data time: 0.00(0.00)  Forward time: 0.16(0.16)  Batch time: 0.16(0.16)
2026-02-26 09:26:39,873   INFO  Train:   24/80 ( 30%) [ 555/928 ( 60%)]  Loss: 0.4233 (0.441)  LR: 2.566e-03  Time cost: 01:28/00:59 [16:31/2:19:36]  Acc_iter 21900       Data time: 0.00(0.00)  Forward time: 0.16(0.16)  Batch time: 0.16(0.16)
2026-02-26 09:26:40,164   INFO  ubuntu22                    Thu Feb 26 09:26:40 2026  550.78
[0] NVIDIA GeForce RTX 3090 | 66°C,  60 % |  4665 / 24576 MB | vipuser(4650M) root(4M)

2026-02-26 09:26:48,123   INFO  Train:   24/80 ( 30%) [ 605/928 ( 65%)]  Loss: 0.4097 (0.441)  LR: 2.571e-03  Time cost: 01:37/00:51 [16:39/2:19:50]  Acc_iter 21950       Data time: 0.00(0.00)  Forward time: 0.16(0.16)  Batch time: 0.16(0.16)
2026-02-26 09:26:56,031   INFO  Train:   24/80 ( 30%) [ 655/928 ( 71%)]  Loss: 0.4309 (0.440)  LR: 2.577e-03  Time cost: 01:45/00:43 [16:47/2:19:33]  Acc_iter 22000       Data time: 0.00(0.00)  Forward time: 0.15(0.16)  Batch time: 0.15(0.16)
2026-02-26 09:27:03,986   INFO  Train:   24/80 ( 30%) [ 705/928 ( 76%)]  Loss: 0.3389 (0.440)  LR: 2.582e-03  Time cost: 01:53/00:35 [16:55/2:19:20]  Acc_iter 22050       Data time: 0.00(0.00)  Forward time: 0.16(0.16)  Batch time: 0.16(0.16)
2026-02-26 09:27:04,288   INFO  ubuntu22                    Thu Feb 26 09:27:04 2026  550.78
[0] NVIDIA GeForce RTX 3090 | 66°C,  34 % |  4665 / 24576 MB | vipuser(4650M) root(4M)

2026-02-26 09:27:12,252   INFO  Train:   24/80 ( 30%) [ 755/928 ( 81%)]  Loss: 0.4145 (0.439)  LR: 2.587e-03  Time cost: 02:01/00:27 [17:04/2:19:30]  Acc_iter 22100       Data time: 0.00(0.00)  Forward time: 0.16(0.16)  Batch time: 0.16(0.16)
2026-02-26 09:27:20,137   INFO  Train:   24/80 ( 30%) [ 805/928 ( 87%)]  Loss: 0.4782 (0.440)  LR: 2.592e-03  Time cost: 02:09/00:19 [17:11/2:19:13]  Acc_iter 22150       Data time: 0.00(0.00)  Forward time: 0.16(0.16)  Batch time: 0.16(0.16)
2026-02-26 09:27:28,088   INFO  Train:   24/80 ( 30%) [ 855/928 ( 92%)]  Loss: 0.4700 (0.440)  LR: 2.597e-03  Time cost: 02:17/00:11 [17:19/2:19:01]  Acc_iter 22200       Data time: 0.00(0.00)  Forward time: 0.16(0.16)  Batch time: 0.16(0.16)
2026-02-26 09:27:28,373   INFO  ubuntu22                    Thu Feb 26 09:27:28 2026  550.78
[0] NVIDIA GeForce RTX 3090 | 66°C,  67 % |  4665 / 24576 MB | vipuser(4650M) root(4M)

2026-02-26 09:27:36,366   INFO  Train:   24/80 ( 30%) [ 905/928 ( 98%)]  Loss: 0.4266 (0.440)  LR: 2.602e-03  Time cost: 02:25/00:03 [17:28/2:19:08]  Acc_iter 22250       Data time: 0.00(0.00)  Forward time: 0.17(0.16)  Batch time: 0.17(0.16)
2026-02-26 09:27:39,826   INFO  Train:   24/80 ( 30%) [ 927/928 (100%)]  Loss: 0.4455 (0.440)  LR: 2.604e-03  Time cost: 02:28/00:00 [17:31/2:19:00]  Acc_iter 22272       Data time: 0.00(0.00)  Forward time: 0.16(0.16)  Batch time: 0.16(0.16)
2026-02-26 09:27:40,698   INFO  Train:   25/80 ( 31%) [   0/928 (  0%)]  Loss: 0.3613 (0.361)  LR: 2.605e-03  Time cost: 00:00/10:07 [17:32/9:26:47]  Acc_iter 22273       Data time: 0.40(0.40)  Forward time: 0.25(0.25)  Batch time: 0.65(0.65)
2026-02-26 09:27:45,140   INFO  Train:   25/80 ( 31%) [  27/928 (  3%)]  Loss: 0.4325 (0.444)  LR: 2.607e-03  Time cost: 00:05/02:43 [17:36/2:37:33]  Acc_iter 22300       Data time: 0.00(0.02)  Forward time: 0.16(0.17)  Batch time: 0.16(0.18)
2026-02-26 09:27:53,176   INFO  Train:   25/80 ( 31%) [  77/928 (  8%)]  Loss: 0.4306 (0.440)  LR: 2.612e-03  Time cost: 00:13/02:23 [17:45/2:25:36]  Acc_iter 22350       Data time: 0.00(0.01)  Forward time: 0.16(0.16)  Batch time: 0.16(0.17)
2026-02-26 09:27:53,471   INFO  ubuntu22                    Thu Feb 26 09:27:53 2026  550.78
[0] NVIDIA GeForce RTX 3090 | 65°C,  34 % |  4665 / 24576 MB | vipuser(4650M) root(4M)

2026-02-26 09:28:01,476   INFO  Train:   25/80 ( 31%) [ 127/928 ( 14%)]  Loss: 0.3370 (0.437)  LR: 2.617e-03  Time cost: 00:21/02:14 [17:53/2:24:40]  Acc_iter 22400       Data time: 0.00(0.01)  Forward time: 0.16(0.16)  Batch time: 0.16(0.17)
2026-02-26 09:28:09,382   INFO  Train:   25/80 ( 31%) [ 177/928 ( 19%)]  Loss: 0.4682 (0.438)  LR: 2.622e-03  Time cost: 00:29/02:03 [18:01/2:22:16]  Acc_iter 22450       Data time: 0.00(0.01)  Forward time: 0.15(0.16)  Batch time: 0.15(0.16)
2026-02-26 09:28:17,295   INFO  Train:   25/80 ( 31%) [ 227/928 ( 24%)]  Loss: 0.4524 (0.441)  LR: 2.627e-03  Time cost: 00:37/01:54 [18:09/2:20:53]  Acc_iter 22500       Data time: 0.00(0.00)  Forward time: 0.15(0.16)  Batch time: 0.15(0.16)
2026-02-26 09:28:17,587   INFO  ubuntu22                    Thu Feb 26 09:28:17 2026  550.78
[0] NVIDIA GeForce RTX 3090 | 66°C,  81 % |  4665 / 24576 MB | vipuser(4650M) root(4M)

2026-02-26 09:28:25,530   INFO  Train:   25/80 ( 31%) [ 277/928 ( 30%)]  Loss: 0.4558 (0.440)  LR: 2.632e-03  Time cost: 00:45/01:46 [18:17/2:20:57]  Acc_iter 22550       Data time: 0.00(0.01)  Forward time: 0.16(0.16)  Batch time: 0.16(0.16)
2026-02-26 09:28:33,449   INFO  Train:   25/80 ( 31%) [ 327/928 ( 35%)]  Loss: 0.4419 (0.441)  LR: 2.637e-03  Time cost: 00:53/01:37 [18:25/2:20:08]  Acc_iter 22600       Data time: 0.00(0.00)  Forward time: 0.15(0.16)  Batch time: 0.15(0.16)
2026-02-26 09:28:41,395   INFO  Train:   25/80 ( 31%) [ 377/928 ( 41%)]  Loss: 0.3912 (0.441)  LR: 2.642e-03  Time cost: 01:01/01:29 [18:33/2:19:33]  Acc_iter 22650       Data time: 0.00(0.00)  Forward time: 0.16(0.16)  Batch time: 0.16(0.16)
2026-02-26 09:28:41,685   INFO  ubuntu22                    Thu Feb 26 09:28:41 2026  550.78
[0] NVIDIA GeForce RTX 3090 | 66°C,  42 % |  4665 / 24576 MB | vipuser(4650M) root(4M)

2026-02-26 09:28:49,626   INFO  Train:   25/80 ( 31%) [ 427/928 ( 46%)]  Loss: 0.3947 (0.441)  LR: 2.647e-03  Time cost: 01:09/01:21 [18:41/2:19:39]  Acc_iter 22700       Data time: 0.00(0.00)  Forward time: 0.15(0.16)  Batch time: 0.16(0.16)
2026-02-26 09:28:57,566   INFO  Train:   25/80 ( 31%) [ 477/928 ( 51%)]  Loss: 0.4920 (0.442)  LR: 2.652e-03  Time cost: 01:17/01:13 [18:49/2:19:10]  Acc_iter 22750       Data time: 0.00(0.00)  Forward time: 0.16(0.16)  Batch time: 0.16(0.16)
2026-02-26 09:29:05,581   INFO  Train:   25/80 ( 31%) [ 527/928 ( 57%)]  Loss: 0.3322 (0.441)  LR: 2.656e-03  Time cost: 01:25/01:04 [18:57/2:18:53]  Acc_iter 22800       Data time: 0.00(0.00)  Forward time: 0.16(0.16)  Batch time: 0.16(0.16)
2026-02-26 09:29:05,870   INFO  ubuntu22                    Thu Feb 26 09:29:05 2026  550.78
[0] NVIDIA GeForce RTX 3090 | 66°C,  41 % |  4665 / 24576 MB | vipuser(4650M) root(4M)

2026-02-26 09:29:13,848   INFO  Train:   25/80 ( 31%) [ 577/928 ( 62%)]  Loss: 0.4073 (0.440)  LR: 2.661e-03  Time cost: 01:33/00:56 [19:05/2:19:00]  Acc_iter 22850       Data time: 0.00(0.00)  Forward time: 0.16(0.16)  Batch time: 0.16(0.16)
2026-02-26 09:29:21,841   INFO  Train:   25/80 ( 31%) [ 627/928 ( 68%)]  Loss: 0.4323 (0.441)  LR: 2.666e-03  Time cost: 01:41/00:48 [19:13/2:18:42]  Acc_iter 22900       Data time: 0.00(0.00)  Forward time: 0.16(0.16)  Batch time: 0.16(0.16)
2026-02-26 09:29:29,790   INFO  Train:   25/80 ( 31%) [ 677/928 ( 73%)]  Loss: 0.4804 (0.439)  LR: 2.670e-03  Time cost: 01:49/00:40 [19:21/2:18:22]  Acc_iter 22950       Data time: 0.00(0.00)  Forward time: 0.16(0.16)  Batch time: 0.16(0.16)
2026-02-26 09:29:30,078   INFO  ubuntu22                    Thu Feb 26 09:29:30 2026  550.78
[0] NVIDIA GeForce RTX 3090 | 66°C,  46 % |  4665 / 24576 MB | vipuser(4650M) root(4M)

2026-02-26 09:29:38,006   INFO  Train:   25/80 ( 31%) [ 727/928 ( 78%)]  Loss: 0.4102 (0.438)  LR: 2.675e-03  Time cost: 01:57/00:32 [19:29/2:18:22]  Acc_iter 23000       Data time: 0.00(0.00)  Forward time: 0.16(0.16)  Batch time: 0.16(0.16)
2026-02-26 09:29:45,968   INFO  Train:   25/80 ( 31%) [ 777/928 ( 84%)]  Loss: 0.4223 (0.437)  LR: 2.680e-03  Time cost: 02:05/00:24 [19:37/2:18:05]  Acc_iter 23050       Data time: 0.00(0.00)  Forward time: 0.16(0.16)  Batch time: 0.16(0.16)
2026-02-26 09:29:53,940   INFO  Train:   25/80 ( 31%) [ 827/928 ( 89%)]  Loss: 0.4012 (0.438)  LR: 2.684e-03  Time cost: 02:13/00:16 [19:45/2:17:50]  Acc_iter 23100       Data time: 0.00(0.00)  Forward time: 0.15(0.16)  Batch time: 0.15(0.16)
2026-02-26 09:29:54,233   INFO  ubuntu22                    Thu Feb 26 09:29:54 2026  550.78
[0] NVIDIA GeForce RTX 3090 | 66°C,  37 % |  4665 / 24576 MB | vipuser(4650M) root(4M)

2026-02-26 09:30:02,152   INFO  Train:   25/80 ( 31%) [ 877/928 ( 95%)]  Loss: 0.5128 (0.437)  LR: 2.689e-03  Time cost: 02:22/00:08 [19:54/2:17:49]  Acc_iter 23150       Data time: 0.00(0.00)  Forward time: 0.16(0.16)  Batch time: 0.16(0.16)
2026-02-26 09:30:10,077   INFO  Train:   25/80 ( 31%) [ 927/928 (100%)]  Loss: 0.4230 (0.437)  LR: 2.693e-03  Time cost: 02:30/00:00 [20:01/2:17:32]  Acc_iter 23200       Data time: 0.00(0.00)  Forward time: 0.15(0.16)  Batch time: 0.15(0.16)
2026-02-26 09:30:10,914   INFO  Train:   26/80 ( 32%) [   0/928 (  0%)]  Loss: 0.4492 (0.449)  LR: 2.694e-03  Time cost: 00:00/09:40 [20:02/8:52:24]  Acc_iter 23201       Data time: 0.43(0.43)  Forward time: 0.20(0.20)  Batch time: 0.63(0.63)
2026-02-26 09:30:18,782   INFO  Train:   26/80 ( 32%) [  49/928 (  5%)]  Loss: 0.3694 (0.431)  LR: 2.698e-03  Time cost: 00:08/02:29 [20:10/2:24:22]  Acc_iter 23250       Data time: 0.00(0.01)  Forward time: 0.16(0.16)  Batch time: 0.16(0.17)
2026-02-26 09:30:19,068   INFO  ubuntu22                    Thu Feb 26 09:30:19 2026  550.78
[0] NVIDIA GeForce RTX 3090 | 66°C,  50 % |  4665 / 24576 MB | vipuser(4650M) root(4M)

2026-02-26 09:30:27,068   INFO  Train:   26/80 ( 32%) [  99/928 ( 11%)]  Loss: 0.4589 (0.425)  LR: 2.702e-03  Time cost: 00:16/02:19 [20:18/2:22:28]  Acc_iter 23300       Data time: 0.00(0.01)  Forward time: 0.16(0.16)  Batch time: 0.16(0.17)
2026-02-26 09:30:35,174   INFO  Train:   26/80 ( 32%) [ 149/928 ( 16%)]  Loss: 0.4648 (0.427)  LR: 2.707e-03  Time cost: 00:24/02:09 [20:27/2:20:43]  Acc_iter 23350       Data time: 0.00(0.01)  Forward time: 0.17(0.16)  Batch time: 0.17(0.17)
2026-02-26 09:30:43,380   INFO  Train:   26/80 ( 32%) [ 199/928 ( 21%)]  Loss: 0.3639 (0.427)  LR: 2.711e-03  Time cost: 00:33/02:00 [20:35/2:20:12]  Acc_iter 23400       Data time: 0.00(0.01)  Forward time: 0.16(0.16)  Batch time: 0.16(0.17)
2026-02-26 09:30:43,670   INFO  ubuntu22                    Thu Feb 26 09:30:43 2026  550.78
[0] NVIDIA GeForce RTX 3090 | 66°C,  52 % |  4665 / 24576 MB | vipuser(4650M) root(4M)

2026-02-26 09:30:51,758   INFO  Train:   26/80 ( 32%) [ 249/928 ( 27%)]  Loss: 0.5258 (0.429)  LR: 2.716e-03  Time cost: 00:41/01:52 [20:43/2:20:25]  Acc_iter 23450       Data time: 0.00(0.01)  Forward time: 0.16(0.16)  Batch time: 0.16(0.17)
2026-02-26 09:30:59,846   INFO  Train:   26/80 ( 32%) [ 299/928 ( 32%)]  Loss: 0.3894 (0.430)  LR: 2.720e-03  Time cost: 00:49/01:43 [20:51/2:19:42]  Acc_iter 23500       Data time: 0.00(0.01)  Forward time: 0.16(0.16)  Batch time: 0.17(0.17)
2026-02-26 09:31:07,955   INFO  Train:   26/80 ( 32%) [ 349/928 ( 38%)]  Loss: 0.3842 (0.431)  LR: 2.724e-03  Time cost: 00:57/01:35 [20:59/2:19:12]  Acc_iter 23550       Data time: 0.00(0.01)  Forward time: 0.16(0.16)  Batch time: 0.17(0.16)
2026-02-26 09:31:08,241   INFO  ubuntu22                    Thu Feb 26 09:31:08 2026  550.78
[0] NVIDIA GeForce RTX 3090 | 66°C,  42 % |  4665 / 24576 MB | vipuser(4650M) root(4M)

2026-02-26 09:31:16,283   INFO  Train:   26/80 ( 32%) [ 399/928 ( 43%)]  Loss: 0.4823 (0.432)  LR: 2.729e-03  Time cost: 01:05/01:27 [21:08/2:19:15]  Acc_iter 23600       Data time: 0.00(0.01)  Forward time: 0.16(0.16)  Batch time: 0.16(0.16)
2026-02-26 09:31:24,341   INFO  Train:   26/80 ( 32%) [ 449/928 ( 48%)]  Loss: 0.4212 (0.432)  LR: 2.733e-03  Time cost: 01:14/01:18 [21:16/2:18:45]  Acc_iter 23650       Data time: 0.00(0.00)  Forward time: 0.16(0.16)  Batch time: 0.16(0.16)
2026-02-26 09:31:32,441   INFO  Train:   26/80 ( 32%) [ 499/928 ( 54%)]  Loss: 0.4672 (0.432)  LR: 2.737e-03  Time cost: 01:22/01:10 [21:24/2:18:24]  Acc_iter 23700       Data time: 0.00(0.00)  Forward time: 0.16(0.16)  Batch time: 0.16(0.16)
2026-02-26 09:31:32,730   INFO  ubuntu22                    Thu Feb 26 09:31:32 2026  550.78
[0] NVIDIA GeForce RTX 3090 | 66°C,  78 % |  4665 / 24576 MB | vipuser(4650M) root(4M)

2026-02-26 09:31:40,791   INFO  Train:   26/80 ( 32%) [ 549/928 ( 59%)]  Loss: 0.3986 (0.433)  LR: 2.742e-03  Time cost: 01:30/01:02 [21:32/2:18:28]  Acc_iter 23750       Data time: 0.00(0.01)  Forward time: 0.16(0.16)  Batch time: 0.16(0.16)
2026-02-26 09:31:48,826   INFO  Train:   26/80 ( 32%) [ 599/928 ( 65%)]  Loss: 0.4190 (0.432)  LR: 2.746e-03  Time cost: 01:38/00:54 [21:40/2:18:03]  Acc_iter 23800       Data time: 0.00(0.00)  Forward time: 0.16(0.16)  Batch time: 0.16(0.16)
2026-02-26 09:31:56,816   INFO  Train:   26/80 ( 32%) [ 649/928 ( 70%)]  Loss: 0.4401 (0.432)  LR: 2.750e-03  Time cost: 01:46/00:45 [21:48/2:17:38]  Acc_iter 23850       Data time: 0.00(0.00)  Forward time: 0.16(0.16)  Batch time: 0.16(0.16)
2026-02-26 09:31:57,102   INFO  ubuntu22                    Thu Feb 26 09:31:57 2026  550.78
[0] NVIDIA GeForce RTX 3090 | 66°C,  74 % |  4665 / 24576 MB | vipuser(4650M) root(4M)

2026-02-26 09:32:05,183   INFO  Train:   26/80 ( 32%) [ 699/928 ( 75%)]  Loss: 0.3933 (0.432)  LR: 2.754e-03  Time cost: 01:54/00:37 [21:57/2:17:42]  Acc_iter 23900       Data time: 0.00(0.00)  Forward time: 0.16(0.16)  Batch time: 0.16(0.16)
2026-02-26 09:32:13,218   INFO  Train:   26/80 ( 32%) [ 749/928 ( 81%)]  Loss: 0.3343 (0.430)  LR: 2.758e-03  Time cost: 02:02/00:29 [22:05/2:17:23]  Acc_iter 23950       Data time: 0.00(0.00)  Forward time: 0.16(0.16)  Batch time: 0.16(0.16)
2026-02-26 09:32:21,283   INFO  Train:   26/80 ( 32%) [ 799/928 ( 86%)]  Loss: 0.4439 (0.429)  LR: 2.762e-03  Time cost: 02:10/00:21 [22:13/2:17:06]  Acc_iter 24000       Data time: 0.00(0.00)  Forward time: 0.16(0.16)  Batch time: 0.16(0.16)
2026-02-26 09:32:21,573   INFO  ubuntu22                    Thu Feb 26 09:32:21 2026  550.78
[0] NVIDIA GeForce RTX 3090 | 66°C,  30 % |  4665 / 24576 MB | vipuser(4650M) root(4M)

2026-02-26 09:32:29,627   INFO  Train:   26/80 ( 32%) [ 849/928 ( 91%)]  Loss: 0.3854 (0.428)  LR: 2.766e-03  Time cost: 02:19/00:12 [22:21/2:17:07]  Acc_iter 24050       Data time: 0.00(0.00)  Forward time: 0.16(0.16)  Batch time: 0.16(0.16)
2026-02-26 09:32:37,663   INFO  Train:   26/80 ( 32%) [ 899/928 ( 97%)]  Loss: 0.5312 (0.428)  LR: 2.770e-03  Time cost: 02:27/00:04 [22:29/2:16:50]  Acc_iter 24100       Data time: 0.00(0.00)  Forward time: 0.16(0.16)  Batch time: 0.17(0.16)
2026-02-26 09:32:42,121   INFO  Train:   26/80 ( 32%) [ 927/928 (100%)]  Loss: 0.4113 (0.428)  LR: 2.772e-03  Time cost: 02:31/00:00 [22:33/2:16:39]  Acc_iter 24128       Data time: 0.00(0.00)  Forward time: 0.15(0.16)  Batch time: 0.15(0.16)
2026-02-26 09:32:42,942   INFO  Train:   27/80 ( 34%) [   0/928 (  0%)]  Loss: 0.3612 (0.361)  LR: 2.772e-03  Time cost: 00:00/09:36 [22:34/8:38:48]  Acc_iter 24129       Data time: 0.39(0.39)  Forward time: 0.23(0.23)  Batch time: 0.62(0.62)
2026-02-26 09:32:46,356   INFO  Train:   27/80 ( 34%) [  21/928 (  2%)]  Loss: 0.4833 (0.437)  LR: 2.774e-03  Time cost: 00:04/02:46 [22:38/2:33:07]  Acc_iter 24150       Data time: 0.00(0.02)  Forward time: 0.16(0.16)  Batch time: 0.17(0.18)
2026-02-26 09:32:46,645   INFO  ubuntu22                    Thu Feb 26 09:32:46 2026  550.78
[0] NVIDIA GeForce RTX 3090 | 66°C,  55 % |  4665 / 24576 MB | vipuser(4650M) root(4M)

2026-02-26 09:32:54,664   INFO  Train:   27/80 ( 34%) [  71/928 (  8%)]  Loss: 0.4572 (0.426)  LR: 2.778e-03  Time cost: 00:12/02:26 [22:46/2:22:58]  Acc_iter 24200       Data time: 0.00(0.01)  Forward time: 0.16(0.16)  Batch time: 0.16(0.17)
2026-02-26 09:33:02,630   INFO  Train:   27/80 ( 34%) [ 121/928 ( 13%)]  Loss: 0.5107 (0.425)  LR: 2.782e-03  Time cost: 00:20/02:14 [22:54/2:18:41]  Acc_iter 24250       Data time: 0.00(0.01)  Forward time: 0.16(0.16)  Batch time: 0.16(0.17)
