2026-03-06 15:36:31,554   INFO  **********************Start logging**********************
2026-03-06 15:36:31,554   INFO  CUDA_VISIBLE_DEVICES=ALL
2026-03-06 15:36:31,554   INFO  Training with a single process
2026-03-06 15:36:31,554   INFO  cfg_file         cfgs/kitti_models/second.yaml
2026-03-06 15:36:31,554   INFO  batch_size       4
2026-03-06 15:36:31,554   INFO  epochs           5
2026-03-06 15:36:31,554   INFO  workers          4
2026-03-06 15:36:31,554   INFO  extra_tag        qat_from_checkpoint
2026-03-06 15:36:31,554   INFO  ckpt             None
2026-03-06 15:36:31,554   INFO  pretrained_model ../output/kitti_models/second/default/ckpt/checkpoint_epoch_51.pth
2026-03-06 15:36:31,554   INFO  launcher         none
2026-03-06 15:36:31,554   INFO  tcp_port         18888
2026-03-06 15:36:31,555   INFO  sync_bn          False
2026-03-06 15:36:31,555   INFO  fix_random_seed  False
2026-03-06 15:36:31,555   INFO  ckpt_save_interval 1
2026-03-06 15:36:31,555   INFO  local_rank       None
2026-03-06 15:36:31,555   INFO  max_ckpt_save_num 30
2026-03-06 15:36:31,555   INFO  merge_all_iters_to_one_epoch False
2026-03-06 15:36:31,555   INFO  set_cfgs         None
2026-03-06 15:36:31,555   INFO  max_waiting_mins 0
2026-03-06 15:36:31,555   INFO  start_epoch      0
2026-03-06 15:36:31,555   INFO  num_epochs_to_eval 0
2026-03-06 15:36:31,555   INFO  save_to_file     False
2026-03-06 15:36:31,555   INFO  use_tqdm_to_record False
2026-03-06 15:36:31,555   INFO  logger_iter_interval 50
2026-03-06 15:36:31,555   INFO  ckpt_save_time_interval 300
2026-03-06 15:36:31,555   INFO  wo_gpu_stat      False
2026-03-06 15:36:31,555   INFO  use_amp          False
2026-03-06 15:36:31,555   INFO  qat              True
2026-03-06 15:36:31,555   INFO  cfg.ROOT_DIR: /home/vipuser/桌面/OpenPCDet
2026-03-06 15:36:31,555   INFO  cfg.LOCAL_RANK: 0
2026-03-06 15:36:31,555   INFO  cfg.CLASS_NAMES: ['Car', 'Pedestrian', 'Cyclist']
2026-03-06 15:36:31,555   INFO  ----------- DATA_CONFIG -----------
2026-03-06 15:36:31,555   INFO  cfg.DATA_CONFIG.DATASET: KittiDataset
2026-03-06 15:36:31,555   INFO  cfg.DATA_CONFIG.DATA_PATH: ../data/kitti
2026-03-06 15:36:31,556   INFO  cfg.DATA_CONFIG.POINT_CLOUD_RANGE: [0, -40, -3, 70.4, 40, 1]
2026-03-06 15:36:31,556   INFO  ----------- DATA_SPLIT -----------
2026-03-06 15:36:31,556   INFO  cfg.DATA_CONFIG.DATA_SPLIT.train: train
2026-03-06 15:36:31,556   INFO  cfg.DATA_CONFIG.DATA_SPLIT.test: val
2026-03-06 15:36:31,556   INFO  ----------- INFO_PATH -----------
2026-03-06 15:36:31,556   INFO  cfg.DATA_CONFIG.INFO_PATH.train: ['kitti_infos_train.pkl']
2026-03-06 15:36:31,556   INFO  cfg.DATA_CONFIG.INFO_PATH.test: ['kitti_infos_val.pkl']
2026-03-06 15:36:31,556   INFO  cfg.DATA_CONFIG.GET_ITEM_LIST: ['points']
2026-03-06 15:36:31,556   INFO  cfg.DATA_CONFIG.FOV_POINTS_ONLY: True
2026-03-06 15:36:31,556   INFO  ----------- DATA_AUGMENTOR -----------
2026-03-06 15:36:31,556   INFO  cfg.DATA_CONFIG.DATA_AUGMENTOR.DISABLE_AUG_LIST: ['placeholder']
2026-03-06 15:36:31,556   INFO  cfg.DATA_CONFIG.DATA_AUGMENTOR.AUG_CONFIG_LIST: [{'NAME': 'gt_sampling', 'USE_ROAD_PLANE': False, 'DB_INFO_PATH': ['kitti_dbinfos_train.pkl'], 'PREPARE': {'filter_by_min_points': ['Car:5', 'Pedestrian:5', 'Cyclist:5'], 'filter_by_difficulty': [-1]}, 'SAMPLE_GROUPS': ['Car:20', 'Pedestrian:15', 'Cyclist:15'], 'NUM_POINT_FEATURES': 4, 'DATABASE_WITH_FAKELIDAR': False, 'REMOVE_EXTRA_WIDTH': [0.0, 0.0, 0.0], 'LIMIT_WHOLE_SCENE': True}, {'NAME': 'random_world_flip', 'ALONG_AXIS_LIST': ['x']}, {'NAME': 'random_world_rotation', 'WORLD_ROT_ANGLE': [-0.78539816, 0.78539816]}, {'NAME': 'random_world_scaling', 'WORLD_SCALE_RANGE': [0.95, 1.05]}]
2026-03-06 15:36:31,556   INFO  ----------- POINT_FEATURE_ENCODING -----------
2026-03-06 15:36:31,556   INFO  cfg.DATA_CONFIG.POINT_FEATURE_ENCODING.encoding_type: absolute_coordinates_encoding
2026-03-06 15:36:31,556   INFO  cfg.DATA_CONFIG.POINT_FEATURE_ENCODING.used_feature_list: ['x', 'y', 'z', 'intensity']
2026-03-06 15:36:31,556   INFO  cfg.DATA_CONFIG.POINT_FEATURE_ENCODING.src_feature_list: ['x', 'y', 'z', 'intensity']
2026-03-06 15:36:31,556   INFO  cfg.DATA_CONFIG.DATA_PROCESSOR: [{'NAME': 'mask_points_and_boxes_outside_range', 'REMOVE_OUTSIDE_BOXES': True}, {'NAME': 'shuffle_points', 'SHUFFLE_ENABLED': {'train': True, 'test': False}}, {'NAME': 'transform_points_to_voxels', 'VOXEL_SIZE': [0.05, 0.05, 0.1], 'MAX_POINTS_PER_VOXEL': 5, 'MAX_NUMBER_OF_VOXELS': {'train': 16000, 'test': 15000}}]
2026-03-06 15:36:31,556   INFO  cfg.DATA_CONFIG._BASE_CONFIG_: cfgs/dataset_configs/kitti_dataset.yaml
2026-03-06 15:36:31,556   INFO  ----------- MODEL -----------
2026-03-06 15:36:31,556   INFO  cfg.MODEL.NAME: SECONDNet
2026-03-06 15:36:31,556   INFO  ----------- VFE -----------
2026-03-06 15:36:31,556   INFO  cfg.MODEL.VFE.NAME: MeanVFE
2026-03-06 15:36:31,556   INFO  ----------- BACKBONE_3D -----------
2026-03-06 15:36:31,557   INFO  cfg.MODEL.BACKBONE_3D.NAME: VoxelBackBone8x_INT8
2026-03-06 15:36:31,557   INFO  ----------- MAP_TO_BEV -----------
2026-03-06 15:36:31,557   INFO  cfg.MODEL.MAP_TO_BEV.NAME: HeightCompression
2026-03-06 15:36:31,557   INFO  cfg.MODEL.MAP_TO_BEV.NUM_BEV_FEATURES: 256
2026-03-06 15:36:31,557   INFO  ----------- BACKBONE_2D -----------
2026-03-06 15:36:31,557   INFO  cfg.MODEL.BACKBONE_2D.NAME: BaseBEVBackbone
2026-03-06 15:36:31,557   INFO  cfg.MODEL.BACKBONE_2D.LAYER_NUMS: [5, 5]
2026-03-06 15:36:31,557   INFO  cfg.MODEL.BACKBONE_2D.LAYER_STRIDES: [1, 2]
2026-03-06 15:36:31,557   INFO  cfg.MODEL.BACKBONE_2D.NUM_FILTERS: [128, 256]
2026-03-06 15:36:31,557   INFO  cfg.MODEL.BACKBONE_2D.UPSAMPLE_STRIDES: [1, 2]
2026-03-06 15:36:31,557   INFO  cfg.MODEL.BACKBONE_2D.NUM_UPSAMPLE_FILTERS: [256, 256]
2026-03-06 15:36:31,557   INFO  ----------- DENSE_HEAD -----------
2026-03-06 15:36:31,557   INFO  cfg.MODEL.DENSE_HEAD.NAME: AnchorHeadSingle
2026-03-06 15:36:31,557   INFO  cfg.MODEL.DENSE_HEAD.CLASS_AGNOSTIC: False
2026-03-06 15:36:31,557   INFO  cfg.MODEL.DENSE_HEAD.USE_DIRECTION_CLASSIFIER: True
2026-03-06 15:36:31,557   INFO  cfg.MODEL.DENSE_HEAD.DIR_OFFSET: 0.78539
2026-03-06 15:36:31,557   INFO  cfg.MODEL.DENSE_HEAD.DIR_LIMIT_OFFSET: 0.0
2026-03-06 15:36:31,557   INFO  cfg.MODEL.DENSE_HEAD.NUM_DIR_BINS: 2
2026-03-06 15:36:31,557   INFO  cfg.MODEL.DENSE_HEAD.ANCHOR_GENERATOR_CONFIG: [{'class_name': 'Car', 'anchor_sizes': [[3.9, 1.6, 1.56]], 'anchor_rotations': [0, 1.57], 'anchor_bottom_heights': [-1.78], 'align_center': False, 'feature_map_stride': 8, 'matched_threshold': 0.6, 'unmatched_threshold': 0.45}, {'class_name': 'Pedestrian', 'anchor_sizes': [[0.8, 0.6, 1.73]], 'anchor_rotations': [0, 1.57], 'anchor_bottom_heights': [-0.6], 'align_center': False, 'feature_map_stride': 8, 'matched_threshold': 0.5, 'unmatched_threshold': 0.35}, {'class_name': 'Cyclist', 'anchor_sizes': [[1.76, 0.6, 1.73]], 'anchor_rotations': [0, 1.57], 'anchor_bottom_heights': [-0.6], 'align_center': False, 'feature_map_stride': 8, 'matched_threshold': 0.5, 'unmatched_threshold': 0.35}]
2026-03-06 15:36:31,557   INFO  ----------- TARGET_ASSIGNER_CONFIG -----------
2026-03-06 15:36:31,557   INFO  cfg.MODEL.DENSE_HEAD.TARGET_ASSIGNER_CONFIG.NAME: AxisAlignedTargetAssigner
2026-03-06 15:36:31,557   INFO  cfg.MODEL.DENSE_HEAD.TARGET_ASSIGNER_CONFIG.POS_FRACTION: -1.0
2026-03-06 15:36:31,557   INFO  cfg.MODEL.DENSE_HEAD.TARGET_ASSIGNER_CONFIG.SAMPLE_SIZE: 512
2026-03-06 15:36:31,557   INFO  cfg.MODEL.DENSE_HEAD.TARGET_ASSIGNER_CONFIG.NORM_BY_NUM_EXAMPLES: False
2026-03-06 15:36:31,558   INFO  cfg.MODEL.DENSE_HEAD.TARGET_ASSIGNER_CONFIG.MATCH_HEIGHT: False
2026-03-06 15:36:31,558   INFO  cfg.MODEL.DENSE_HEAD.TARGET_ASSIGNER_CONFIG.BOX_CODER: ResidualCoder
2026-03-06 15:36:31,558   INFO  ----------- LOSS_CONFIG -----------
2026-03-06 15:36:31,558   INFO  ----------- LOSS_WEIGHTS -----------
2026-03-06 15:36:31,558   INFO  cfg.MODEL.DENSE_HEAD.LOSS_CONFIG.LOSS_WEIGHTS.cls_weight: 1.0
2026-03-06 15:36:31,558   INFO  cfg.MODEL.DENSE_HEAD.LOSS_CONFIG.LOSS_WEIGHTS.loc_weight: 2.0
2026-03-06 15:36:31,558   INFO  cfg.MODEL.DENSE_HEAD.LOSS_CONFIG.LOSS_WEIGHTS.dir_weight: 0.2
2026-03-06 15:36:31,558   INFO  cfg.MODEL.DENSE_HEAD.LOSS_CONFIG.LOSS_WEIGHTS.code_weights: [1.0, 1.0, 1.0, 1.0, 1.0, 1.0, 1.0]
2026-03-06 15:36:31,558   INFO  ----------- POST_PROCESSING -----------
2026-03-06 15:36:31,558   INFO  cfg.MODEL.POST_PROCESSING.RECALL_THRESH_LIST: [0.3, 0.5, 0.7]
2026-03-06 15:36:31,558   INFO  cfg.MODEL.POST_PROCESSING.SCORE_THRESH: 0.1
2026-03-06 15:36:31,558   INFO  cfg.MODEL.POST_PROCESSING.OUTPUT_RAW_SCORE: False
2026-03-06 15:36:31,558   INFO  cfg.MODEL.POST_PROCESSING.EVAL_METRIC: kitti
2026-03-06 15:36:31,558   INFO  ----------- NMS_CONFIG -----------
2026-03-06 15:36:31,558   INFO  cfg.MODEL.POST_PROCESSING.NMS_CONFIG.MULTI_CLASSES_NMS: False
2026-03-06 15:36:31,558   INFO  cfg.MODEL.POST_PROCESSING.NMS_CONFIG.NMS_TYPE: nms_gpu
2026-03-06 15:36:31,558   INFO  cfg.MODEL.POST_PROCESSING.NMS_CONFIG.NMS_THRESH: 0.01
2026-03-06 15:36:31,558   INFO  cfg.MODEL.POST_PROCESSING.NMS_CONFIG.NMS_PRE_MAXSIZE: 4096
2026-03-06 15:36:31,558   INFO  cfg.MODEL.POST_PROCESSING.NMS_CONFIG.NMS_POST_MAXSIZE: 500
2026-03-06 15:36:31,558   INFO  ----------- OPTIMIZATION -----------
2026-03-06 15:36:31,558   INFO  cfg.OPTIMIZATION.BATCH_SIZE_PER_GPU: 4
2026-03-06 15:36:31,558   INFO  cfg.OPTIMIZATION.NUM_EPOCHS: 5
2026-03-06 15:36:31,558   INFO  cfg.OPTIMIZATION.OPTIMIZER: adam_onecycle
2026-03-06 15:36:31,558   INFO  cfg.OPTIMIZATION.LR: 0.0001
2026-03-06 15:36:31,558   INFO  cfg.OPTIMIZATION.WEIGHT_DECAY: 0.01
2026-03-06 15:36:31,559   INFO  cfg.OPTIMIZATION.MOMENTUM: 0.9
2026-03-06 15:36:31,559   INFO  cfg.OPTIMIZATION.MOMS: [0.95, 0.85]
2026-03-06 15:36:31,559   INFO  cfg.OPTIMIZATION.PCT_START: 0.4
2026-03-06 15:36:31,559   INFO  cfg.OPTIMIZATION.DIV_FACTOR: 10
2026-03-06 15:36:31,559   INFO  cfg.OPTIMIZATION.DECAY_STEP_LIST: [35, 45]
2026-03-06 15:36:31,559   INFO  cfg.OPTIMIZATION.LR_DECAY: 0.1
2026-03-06 15:36:31,559   INFO  cfg.OPTIMIZATION.LR_CLIP: 1e-07
2026-03-06 15:36:31,559   INFO  cfg.OPTIMIZATION.LR_WARMUP: False
2026-03-06 15:36:31,559   INFO  cfg.OPTIMIZATION.WARMUP_EPOCH: 1
2026-03-06 15:36:31,559   INFO  cfg.OPTIMIZATION.GRAD_NORM_CLIP: 10
2026-03-06 15:36:31,559   INFO  cfg.TAG: second
2026-03-06 15:36:31,559   INFO  cfg.EXP_GROUP_PATH: kitti_models
2026-03-06 15:36:31,570   INFO  ----------- Create dataloader & network & optimizer -----------
2026-03-06 15:36:31,746   INFO  Database filter by min points Car: 14357 => 13532
2026-03-06 15:36:31,747   INFO  Database filter by min points Pedestrian: 2207 => 2168
2026-03-06 15:36:31,747   INFO  Database filter by min points Cyclist: 734 => 705
2026-03-06 15:36:31,770   INFO  Database filter by difficulty Car: 13532 => 10759
2026-03-06 15:36:31,773   INFO  Database filter by difficulty Pedestrian: 2168 => 2075
2026-03-06 15:36:31,775   INFO  Database filter by difficulty Cyclist: 705 => 581
2026-03-06 15:36:31,783   INFO  Loading KITTI dataset
2026-03-06 15:36:31,916   INFO  Total samples for KITTI dataset: 3712
2026-03-06 15:36:32,229   INFO  ==> Loading parameters from checkpoint ../output/kitti_models/second/default/ckpt/checkpoint_epoch_51.pth to GPU
2026-03-06 15:36:32,310   INFO  ==> Checkpoint trained from version: pcdet+0.6.0+233f849+py3a0d9e7
2026-03-06 15:36:32,318   INFO  ==> Done (loaded 163/163)
2026-03-06 15:36:32,373   INFO  Converted backbone to INT8 representation with static scales
2026-03-06 15:36:32,373   INFO  Enabled QAT on backbone_3d (model.backbone_3d.enable_qat(True))
2026-03-06 15:36:32,374   INFO  ----------- Model SECONDNet created, param count: 5325576 -----------
2026-03-06 15:36:32,374   INFO  SECONDNet(
  (vfe): MeanVFE()
  (backbone_3d): VoxelBackBone8x_INT8(
    (conv_input): SparseSequential(
      (0): SubMConv3d(4, 16, kernel_size=[3, 3, 3], stride=[1, 1, 1], padding=[1, 1, 1], dilation=[1, 1, 1], output_padding=[0, 0, 0], bias=False, algo=ConvAlgo.MaskImplicitGemm)
      (1): BatchNorm1d(16, eps=0.001, momentum=0.01, affine=True, track_running_stats=True)
      (2): ReLU()
    )
    (conv1): SparseSequential(
      (0): SparseSequential(
        (0): SubMConv3d(16, 16, kernel_size=[3, 3, 3], stride=[1, 1, 1], padding=[0, 0, 0], dilation=[1, 1, 1], output_padding=[0, 0, 0], bias=False, algo=ConvAlgo.MaskImplicitGemm)
        (1): BatchNorm1d(16, eps=0.001, momentum=0.01, affine=True, track_running_stats=True)
        (2): ReLU()
      )
    )
    (conv2): SparseSequential(
      (0): SparseSequential(
        (0): SparseConv3d(16, 32, kernel_size=[3, 3, 3], stride=[2, 2, 2], padding=[1, 1, 1], dilation=[1, 1, 1], output_padding=[0, 0, 0], bias=False, algo=ConvAlgo.MaskImplicitGemm)
        (1): BatchNorm1d(32, eps=0.001, momentum=0.01, affine=True, track_running_stats=True)
        (2): ReLU()
      )
      (1): SparseSequential(
        (0): SubMConv3d(32, 32, kernel_size=[3, 3, 3], stride=[1, 1, 1], padding=[0, 0, 0], dilation=[1, 1, 1], output_padding=[0, 0, 0], bias=False, algo=ConvAlgo.MaskImplicitGemm)
        (1): BatchNorm1d(32, eps=0.001, momentum=0.01, affine=True, track_running_stats=True)
        (2): ReLU()
      )
      (2): SparseSequential(
        (0): SubMConv3d(32, 32, kernel_size=[3, 3, 3], stride=[1, 1, 1], padding=[0, 0, 0], dilation=[1, 1, 1], output_padding=[0, 0, 0], bias=False, algo=ConvAlgo.MaskImplicitGemm)
        (1): BatchNorm1d(32, eps=0.001, momentum=0.01, affine=True, track_running_stats=True)
        (2): ReLU()
      )
    )
    (conv3): SparseSequential(
      (0): SparseSequential(
        (0): SparseConv3d(32, 64, kernel_size=[3, 3, 3], stride=[2, 2, 2], padding=[1, 1, 1], dilation=[1, 1, 1], output_padding=[0, 0, 0], bias=False, algo=ConvAlgo.MaskImplicitGemm)
        (1): BatchNorm1d(64, eps=0.001, momentum=0.01, affine=True, track_running_stats=True)
        (2): ReLU()
      )
      (1): SparseSequential(
        (0): SubMConv3d(64, 64, kernel_size=[3, 3, 3], stride=[1, 1, 1], padding=[0, 0, 0], dilation=[1, 1, 1], output_padding=[0, 0, 0], bias=False, algo=ConvAlgo.MaskImplicitGemm)
        (1): BatchNorm1d(64, eps=0.001, momentum=0.01, affine=True, track_running_stats=True)
        (2): ReLU()
      )
      (2): SparseSequential(
        (0): SubMConv3d(64, 64, kernel_size=[3, 3, 3], stride=[1, 1, 1], padding=[0, 0, 0], dilation=[1, 1, 1], output_padding=[0, 0, 0], bias=False, algo=ConvAlgo.MaskImplicitGemm)
        (1): BatchNorm1d(64, eps=0.001, momentum=0.01, affine=True, track_running_stats=True)
        (2): ReLU()
      )
    )
    (conv4): SparseSequential(
      (0): SparseSequential(
        (0): SparseConv3d(64, 64, kernel_size=[3, 3, 3], stride=[2, 2, 2], padding=[0, 1, 1], dilation=[1, 1, 1], output_padding=[0, 0, 0], bias=False, algo=ConvAlgo.MaskImplicitGemm)
        (1): BatchNorm1d(64, eps=0.001, momentum=0.01, affine=True, track_running_stats=True)
        (2): ReLU()
      )
      (1): SparseSequential(
        (0): SubMConv3d(64, 64, kernel_size=[3, 3, 3], stride=[1, 1, 1], padding=[0, 0, 0], dilation=[1, 1, 1], output_padding=[0, 0, 0], bias=False, algo=ConvAlgo.MaskImplicitGemm)
        (1): BatchNorm1d(64, eps=0.001, momentum=0.01, affine=True, track_running_stats=True)
        (2): ReLU()
      )
      (2): SparseSequential(
        (0): SubMConv3d(64, 64, kernel_size=[3, 3, 3], stride=[1, 1, 1], padding=[0, 0, 0], dilation=[1, 1, 1], output_padding=[0, 0, 0], bias=False, algo=ConvAlgo.MaskImplicitGemm)
        (1): BatchNorm1d(64, eps=0.001, momentum=0.01, affine=True, track_running_stats=True)
        (2): ReLU()
      )
    )
    (conv_out): SparseSequential(
      (0): SparseConv3d(64, 128, kernel_size=[3, 1, 1], stride=[2, 1, 1], padding=[0, 0, 0], dilation=[1, 1, 1], output_padding=[0, 0, 0], bias=False, algo=ConvAlgo.MaskImplicitGemm)
      (1): BatchNorm1d(128, eps=0.001, momentum=0.01, affine=True, track_running_stats=True)
      (2): ReLU()
    )
  )
  (map_to_bev_module): HeightCompression()
  (pfe): None
  (backbone_2d): BaseBEVBackbone(
    (blocks): ModuleList(
      (0): Sequential(
        (0): ZeroPad2d((1, 1, 1, 1))
        (1): Conv2d(256, 128, kernel_size=(3, 3), stride=(1, 1), bias=False)
        (2): BatchNorm2d(128, eps=0.001, momentum=0.01, affine=True, track_running_stats=True)
        (3): ReLU()
        (4): Conv2d(128, 128, kernel_size=(3, 3), stride=(1, 1), padding=(1, 1), bias=False)
        (5): BatchNorm2d(128, eps=0.001, momentum=0.01, affine=True, track_running_stats=True)
        (6): ReLU()
        (7): Conv2d(128, 128, kernel_size=(3, 3), stride=(1, 1), padding=(1, 1), bias=False)
        (8): BatchNorm2d(128, eps=0.001, momentum=0.01, affine=True, track_running_stats=True)
        (9): ReLU()
        (10): Conv2d(128, 128, kernel_size=(3, 3), stride=(1, 1), padding=(1, 1), bias=False)
        (11): BatchNorm2d(128, eps=0.001, momentum=0.01, affine=True, track_running_stats=True)
        (12): ReLU()
        (13): Conv2d(128, 128, kernel_size=(3, 3), stride=(1, 1), padding=(1, 1), bias=False)
        (14): BatchNorm2d(128, eps=0.001, momentum=0.01, affine=True, track_running_stats=True)
        (15): ReLU()
        (16): Conv2d(128, 128, kernel_size=(3, 3), stride=(1, 1), padding=(1, 1), bias=False)
        (17): BatchNorm2d(128, eps=0.001, momentum=0.01, affine=True, track_running_stats=True)
        (18): ReLU()
      )
      (1): Sequential(
        (0): ZeroPad2d((1, 1, 1, 1))
        (1): Conv2d(128, 256, kernel_size=(3, 3), stride=(2, 2), bias=False)
        (2): BatchNorm2d(256, eps=0.001, momentum=0.01, affine=True, track_running_stats=True)
        (3): ReLU()
        (4): Conv2d(256, 256, kernel_size=(3, 3), stride=(1, 1), padding=(1, 1), bias=False)
        (5): BatchNorm2d(256, eps=0.001, momentum=0.01, affine=True, track_running_stats=True)
        (6): ReLU()
        (7): Conv2d(256, 256, kernel_size=(3, 3), stride=(1, 1), padding=(1, 1), bias=False)
        (8): BatchNorm2d(256, eps=0.001, momentum=0.01, affine=True, track_running_stats=True)
        (9): ReLU()
        (10): Conv2d(256, 256, kernel_size=(3, 3), stride=(1, 1), padding=(1, 1), bias=False)
        (11): BatchNorm2d(256, eps=0.001, momentum=0.01, affine=True, track_running_stats=True)
        (12): ReLU()
        (13): Conv2d(256, 256, kernel_size=(3, 3), stride=(1, 1), padding=(1, 1), bias=False)
        (14): BatchNorm2d(256, eps=0.001, momentum=0.01, affine=True, track_running_stats=True)
        (15): ReLU()
        (16): Conv2d(256, 256, kernel_size=(3, 3), stride=(1, 1), padding=(1, 1), bias=False)
        (17): BatchNorm2d(256, eps=0.001, momentum=0.01, affine=True, track_running_stats=True)
        (18): ReLU()
      )
    )
    (deblocks): ModuleList(
      (0): Sequential(
        (0): ConvTranspose2d(128, 256, kernel_size=(1, 1), stride=(1, 1), bias=False)
        (1): BatchNorm2d(256, eps=0.001, momentum=0.01, affine=True, track_running_stats=True)
        (2): ReLU()
      )
      (1): Sequential(
        (0): ConvTranspose2d(256, 256, kernel_size=(2, 2), stride=(2, 2), bias=False)
        (1): BatchNorm2d(256, eps=0.001, momentum=0.01, affine=True, track_running_stats=True)
        (2): ReLU()
      )
    )
  )
  (dense_head): AnchorHeadSingle(
    (cls_loss_func): SigmoidFocalClassificationLoss()
    (reg_loss_func): WeightedSmoothL1Loss()
    (dir_loss_func): WeightedCrossEntropyLoss()
    (conv_cls): Conv2d(512, 18, kernel_size=(1, 1), stride=(1, 1))
    (conv_box): Conv2d(512, 42, kernel_size=(1, 1), stride=(1, 1))
    (conv_dir_cls): Conv2d(512, 12, kernel_size=(1, 1), stride=(1, 1))
  )
  (point_head): None
  (roi_head): None
)
2026-03-06 15:36:32,377   INFO  **********************Start training kitti_models/second(qat_from_checkpoint)**********************
2026-03-06 15:36:40,799   INFO  Train:    1/5 ( 20%) [   0/928 (  0%)]  Loss: 0.3050 (0.305)  LR: 1.000e-05  Time cost: 00:08/2:07:59 [00:08/10:39:59]  Acc_iter 1           Data time: 0.95(0.95)  Forward time: 7.32(7.32)  Batch time: 8.28(8.28)
2026-03-06 15:36:50,540   INFO  Train:    1/5 ( 20%) [  49/928 (  5%)]  Loss: 0.2047 (0.245)  LR: 1.015e-05  Time cost: 00:18/05:16 [00:18/27:34]  Acc_iter 50          Data time: 0.00(0.02)  Forward time: 0.20(0.34)  Batch time: 0.20(0.36)
2026-03-06 15:37:00,711   INFO  Train:    1/5 ( 20%) [  99/928 ( 11%)]  Loss: 0.2531 (0.246)  LR: 1.063e-05  Time cost: 00:28/03:53 [00:28/21:20]  Acc_iter 100         Data time: 0.00(0.01)  Forward time: 0.20(0.27)  Batch time: 0.20(0.28)
2026-03-06 15:37:10,819   INFO  Train:    1/5 ( 20%) [ 149/928 ( 16%)]  Loss: 0.2419 (0.247)  LR: 1.142e-05  Time cost: 00:38/03:18 [00:38/19:06]  Acc_iter 150         Data time: 0.00(0.01)  Forward time: 0.19(0.25)  Batch time: 0.19(0.26)
2026-03-06 15:37:11,282   INFO  ubuntu22                    Fri Mar  6 15:37:11 2026  550.78
[0] NVIDIA GeForce RTX 3080 | 48°C,  25 % |  4590 / 10240 MB | vipuser(4576M) root(4M)

2026-03-06 15:37:21,290   INFO  Train:    1/5 ( 20%) [ 199/928 ( 21%)]  Loss: 0.2071 (0.247)  LR: 1.253e-05  Time cost: 00:48/02:57 [00:48/18:02]  Acc_iter 200         Data time: 0.00(0.01)  Forward time: 0.20(0.23)  Batch time: 0.20(0.24)
2026-03-06 15:37:31,309   INFO  Train:    1/5 ( 20%) [ 249/928 ( 27%)]  Loss: 0.2497 (0.248)  LR: 1.394e-05  Time cost: 00:58/02:39 [00:58/17:12]  Acc_iter 250         Data time: 0.00(0.01)  Forward time: 0.20(0.23)  Batch time: 0.20(0.24)
2026-03-06 15:37:41,364   INFO  Train:    1/5 ( 20%) [ 299/928 ( 32%)]  Loss: 0.2162 (0.248)  LR: 1.564e-05  Time cost: 01:08/02:24 [01:08/16:36]  Acc_iter 300         Data time: 0.00(0.01)  Forward time: 0.20(0.22)  Batch time: 0.20(0.23)
2026-03-06 15:37:41,732   INFO  ubuntu22                    Fri Mar  6 15:37:41 2026  550.78
[0] NVIDIA GeForce RTX 3080 | 53°C,   0 % |  4590 / 10240 MB | vipuser(4576M) root(4M)

2026-03-06 15:37:52,127   INFO  Train:    1/5 ( 20%) [ 349/928 ( 38%)]  Loss: 0.2039 (0.247)  LR: 1.763e-05  Time cost: 01:19/02:11 [01:19/16:15]  Acc_iter 350         Data time: 0.00(0.01)  Forward time: 0.25(0.22)  Batch time: 0.25(0.23)
2026-03-06 15:38:02,347   INFO  Train:    1/5 ( 20%) [ 399/928 ( 43%)]  Loss: 0.3238 (0.248)  LR: 1.988e-05  Time cost: 01:29/01:58 [01:29/15:52]  Acc_iter 400         Data time: 0.00(0.01)  Forward time: 0.20(0.22)  Batch time: 0.21(0.22)
2026-03-06 15:38:12,633   INFO  Train:    1/5 ( 20%) [ 449/928 ( 48%)]  Loss: 0.2276 (0.249)  LR: 2.238e-05  Time cost: 01:40/01:46 [01:40/15:32]  Acc_iter 450         Data time: 0.00(0.01)  Forward time: 0.21(0.22)  Batch time: 0.21(0.22)
2026-03-06 15:38:12,993   INFO  ubuntu22                    Fri Mar  6 15:38:12 2026  550.78
[0] NVIDIA GeForce RTX 3080 | 55°C,  36 % |  4590 / 10240 MB | vipuser(4576M) root(4M)

2026-03-06 15:38:23,305   INFO  Train:    1/5 ( 20%) [ 499/928 ( 54%)]  Loss: 0.2352 (0.249)  LR: 2.512e-05  Time cost: 01:50/01:35 [01:50/15:17]  Acc_iter 500         Data time: 0.00(0.01)  Forward time: 0.20(0.21)  Batch time: 0.20(0.22)
2026-03-06 15:38:33,504   INFO  Train:    1/5 ( 20%) [ 549/928 ( 59%)]  Loss: 0.2406 (0.249)  LR: 2.807e-05  Time cost: 02:00/01:23 [02:01/14:59]  Acc_iter 550         Data time: 0.00(0.01)  Forward time: 0.20(0.21)  Batch time: 0.21(0.22)
2026-03-06 15:38:43,603   INFO  Train:    1/5 ( 20%) [ 599/928 ( 65%)]  Loss: 0.2770 (0.249)  LR: 3.122e-05  Time cost: 02:11/01:11 [02:11/14:42]  Acc_iter 600         Data time: 0.00(0.01)  Forward time: 0.20(0.21)  Batch time: 0.20(0.22)
2026-03-06 15:38:43,968   INFO  ubuntu22                    Fri Mar  6 15:38:43 2026  550.78
[0] NVIDIA GeForce RTX 3080 | 56°C,  28 % |  4590 / 10240 MB | vipuser(4576M) root(4M)

2026-03-06 15:38:54,036   INFO  Train:    1/5 ( 20%) [ 649/928 ( 70%)]  Loss: 0.2753 (0.249)  LR: 3.453e-05  Time cost: 02:21/01:00 [02:21/14:28]  Acc_iter 650         Data time: 0.00(0.01)  Forward time: 0.20(0.21)  Batch time: 0.21(0.22)
2026-03-06 15:39:04,155   INFO  Train:    1/5 ( 20%) [ 699/928 ( 75%)]  Loss: 0.3083 (0.249)  LR: 3.799e-05  Time cost: 02:31/00:49 [02:31/14:13]  Acc_iter 700         Data time: 0.00(0.01)  Forward time: 0.20(0.21)  Batch time: 0.20(0.22)
2026-03-06 15:39:14,240   INFO  Train:    1/5 ( 20%) [ 749/928 ( 81%)]  Loss: 0.2632 (0.249)  LR: 4.157e-05  Time cost: 02:41/00:38 [02:41/13:58]  Acc_iter 750         Data time: 0.00(0.01)  Forward time: 0.20(0.21)  Batch time: 0.20(0.22)
2026-03-06 15:39:14,606   INFO  ubuntu22                    Fri Mar  6 15:39:14 2026  550.78
[0] NVIDIA GeForce RTX 3080 | 57°C,  49 % |  4590 / 10240 MB | vipuser(4576M) root(4M)

2026-03-06 15:39:24,735   INFO  Train:    1/5 ( 20%) [ 799/928 ( 86%)]  Loss: 0.2811 (0.249)  LR: 4.525e-05  Time cost: 02:52/00:27 [02:52/13:46]  Acc_iter 800         Data time: 0.00(0.01)  Forward time: 0.21(0.21)  Batch time: 0.21(0.22)
2026-03-06 15:39:34,813   INFO  Train:    1/5 ( 20%) [ 849/928 ( 91%)]  Loss: 0.2055 (0.249)  LR: 4.900e-05  Time cost: 03:02/00:16 [03:02/13:33]  Acc_iter 850         Data time: 0.00(0.01)  Forward time: 0.20(0.21)  Batch time: 0.20(0.21)
2026-03-06 15:39:44,862   INFO  Train:    1/5 ( 20%) [ 899/928 ( 97%)]  Loss: 0.2331 (0.249)  LR: 5.279e-05  Time cost: 03:12/00:06 [03:12/13:19]  Acc_iter 900         Data time: 0.00(0.01)  Forward time: 0.20(0.21)  Batch time: 0.20(0.21)
2026-03-06 15:39:45,232   INFO  ubuntu22                    Fri Mar  6 15:39:45 2026  550.78
[0] NVIDIA GeForce RTX 3080 | 58°C,  53 % |  4590 / 10240 MB | vipuser(4576M) root(4M)

2026-03-06 15:39:50,857   INFO  Train:    1/5 ( 20%) [ 927/928 (100%)]  Loss: 0.2221 (0.249)  LR: 5.492e-05  Time cost: 03:18/00:00 [03:18/13:13]  Acc_iter 928         Data time: 0.00(0.01)  Forward time: 0.19(0.21)  Batch time: 0.20(0.21)
2026-03-06 15:39:52,177   INFO  Train:    2/5 ( 40%) [   0/928 (  0%)]  Loss: 0.2279 (0.228)  LR: 5.500e-05  Time cost: 00:01/16:38 [03:19/1:06:34]  Acc_iter 929         Data time: 0.76(0.76)  Forward time: 0.31(0.31)  Batch time: 1.08(1.08)
2026-03-06 15:39:56,533   INFO  Train:    2/5 ( 40%) [  21/928 (  2%)]  Loss: 0.2018 (0.241)  LR: 5.660e-05  Time cost: 00:05/03:43 [03:24/15:11]  Acc_iter 950         Data time: 0.00(0.04)  Forward time: 0.20(0.21)  Batch time: 0.20(0.25)
2026-03-06 15:40:06,620   INFO  Train:    2/5 ( 40%) [  71/928 (  8%)]  Loss: 0.2848 (0.248)  LR: 6.040e-05  Time cost: 00:15/03:04 [03:34/13:04]  Acc_iter 1000        Data time: 0.00(0.01)  Forward time: 0.20(0.20)  Batch time: 0.21(0.22)
2026-03-06 15:40:16,727   INFO  Train:    2/5 ( 40%) [ 121/928 ( 13%)]  Loss: 0.2411 (0.254)  LR: 6.415e-05  Time cost: 00:25/02:49 [03:44/12:34]  Acc_iter 1050        Data time: 0.00(0.01)  Forward time: 0.20(0.20)  Batch time: 0.20(0.21)
2026-03-06 15:40:17,078   INFO  ubuntu22                    Fri Mar  6 15:40:17 2026  550.78
[0] NVIDIA GeForce RTX 3080 | 58°C,   4 % |  4590 / 10240 MB | vipuser(4576M) root(4M)

2026-03-06 15:40:27,186   INFO  Train:    2/5 ( 40%) [ 171/928 ( 18%)]  Loss: 0.2180 (0.253)  LR: 6.784e-05  Time cost: 00:36/02:38 [03:54/12:22]  Acc_iter 1100        Data time: 0.00(0.01)  Forward time: 0.20(0.20)  Batch time: 0.20(0.21)
2026-03-06 15:40:37,320   INFO  Train:    2/5 ( 40%) [ 221/928 ( 24%)]  Loss: 0.2140 (0.252)  LR: 7.144e-05  Time cost: 00:46/02:27 [04:04/12:06]  Acc_iter 1150        Data time: 0.00(0.01)  Forward time: 0.20(0.20)  Batch time: 0.20(0.21)
2026-03-06 15:40:47,489   INFO  Train:    2/5 ( 40%) [ 271/928 ( 29%)]  Loss: 0.2337 (0.252)  LR: 7.493e-05  Time cost: 00:56/02:16 [04:15/11:53]  Acc_iter 1200        Data time: 0.00(0.01)  Forward time: 0.20(0.20)  Batch time: 0.20(0.21)
2026-03-06 15:40:47,847   INFO  ubuntu22                    Fri Mar  6 15:40:47 2026  550.78
[0] NVIDIA GeForce RTX 3080 | 58°C,   0 % |  4590 / 10240 MB | vipuser(4576M) root(4M)

2026-03-06 15:40:58,000   INFO  Train:    2/5 ( 40%) [ 321/928 ( 35%)]  Loss: 0.2190 (0.252)  LR: 7.827e-05  Time cost: 01:06/02:06 [04:25/11:44]  Acc_iter 1250        Data time: 0.00(0.01)  Forward time: 0.20(0.20)  Batch time: 0.21(0.21)
2026-03-06 15:41:08,091   INFO  Train:    2/5 ( 40%) [ 371/928 ( 40%)]  Loss: 0.3128 (0.251)  LR: 8.144e-05  Time cost: 01:16/01:55 [04:35/11:31]  Acc_iter 1300        Data time: 0.00(0.01)  Forward time: 0.20(0.20)  Batch time: 0.20(0.21)
2026-03-06 15:41:18,175   INFO  Train:    2/5 ( 40%) [ 421/928 ( 45%)]  Loss: 0.2489 (0.251)  LR: 8.442e-05  Time cost: 01:27/01:44 [04:45/11:19]  Acc_iter 1350        Data time: 0.00(0.01)  Forward time: 0.19(0.20)  Batch time: 0.20(0.21)
2026-03-06 15:41:18,533   INFO  ubuntu22                    Fri Mar  6 15:41:18 2026  550.78
[0] NVIDIA GeForce RTX 3080 | 58°C,  37 % |  4590 / 10240 MB | vipuser(4576M) root(4M)

2026-03-06 15:41:28,628   INFO  Train:    2/5 ( 40%) [ 471/928 ( 51%)]  Loss: 0.2564 (0.250)  LR: 8.719e-05  Time cost: 01:37/01:34 [04:56/11:09]  Acc_iter 1400        Data time: 0.00(0.01)  Forward time: 0.20(0.20)  Batch time: 0.20(0.21)
2026-03-06 15:41:38,725   INFO  Train:    2/5 ( 40%) [ 521/928 ( 56%)]  Loss: 0.2221 (0.250)  LR: 8.974e-05  Time cost: 01:47/01:23 [05:06/10:57]  Acc_iter 1450        Data time: 0.00(0.01)  Forward time: 0.20(0.20)  Batch time: 0.21(0.21)
2026-03-06 15:41:48,855   INFO  Train:    2/5 ( 40%) [ 571/928 ( 62%)]  Loss: 0.2132 (0.250)  LR: 9.203e-05  Time cost: 01:57/01:13 [05:16/10:46]  Acc_iter 1500        Data time: 0.00(0.01)  Forward time: 0.20(0.20)  Batch time: 0.20(0.21)
2026-03-06 15:41:49,216   INFO  ubuntu22                    Fri Mar  6 15:41:49 2026  550.78
[0] NVIDIA GeForce RTX 3080 | 58°C,  67 % |  4590 / 10240 MB | vipuser(4576M) root(4M)

2026-03-06 15:41:59,316   INFO  Train:    2/5 ( 40%) [ 621/928 ( 67%)]  Loss: 0.1654 (0.250)  LR: 9.406e-05  Time cost: 02:08/01:03 [05:26/10:37]  Acc_iter 1550        Data time: 0.00(0.01)  Forward time: 0.20(0.20)  Batch time: 0.20(0.21)
2026-03-06 15:42:09,417   INFO  Train:    2/5 ( 40%) [ 671/928 ( 72%)]  Loss: 0.2777 (0.250)  LR: 9.581e-05  Time cost: 02:18/00:52 [05:37/10:25]  Acc_iter 1600        Data time: 0.00(0.01)  Forward time: 0.20(0.20)  Batch time: 0.20(0.21)
2026-03-06 15:42:19,546   INFO  Train:    2/5 ( 40%) [ 721/928 ( 78%)]  Loss: 0.2219 (0.249)  LR: 9.727e-05  Time cost: 02:28/00:42 [05:47/10:14]  Acc_iter 1650        Data time: 0.00(0.01)  Forward time: 0.20(0.20)  Batch time: 0.21(0.21)
2026-03-06 15:42:19,899   INFO  ubuntu22                    Fri Mar  6 15:42:19 2026  550.78
[0] NVIDIA GeForce RTX 3080 | 58°C,  31 % |  4590 / 10240 MB | vipuser(4576M) root(4M)

2026-03-06 15:42:29,965   INFO  Train:    2/5 ( 40%) [ 771/928 ( 83%)]  Loss: 0.2475 (0.249)  LR: 9.842e-05  Time cost: 02:38/00:32 [05:57/10:05]  Acc_iter 1700        Data time: 0.00(0.01)  Forward time: 0.20(0.20)  Batch time: 0.20(0.21)
2026-03-06 15:42:40,049   INFO  Train:    2/5 ( 40%) [ 821/928 ( 88%)]  Loss: 0.3110 (0.249)  LR: 9.926e-05  Time cost: 02:48/00:21 [06:07/09:54]  Acc_iter 1750        Data time: 0.01(0.01)  Forward time: 0.20(0.20)  Batch time: 0.21(0.21)
2026-03-06 15:42:50,186   INFO  Train:    2/5 ( 40%) [ 871/928 ( 94%)]  Loss: 0.3627 (0.249)  LR: 9.979e-05  Time cost: 02:59/00:11 [06:17/09:43]  Acc_iter 1800        Data time: 0.00(0.01)  Forward time: 0.20(0.20)  Batch time: 0.21(0.21)
2026-03-06 15:42:50,550   INFO  ubuntu22                    Fri Mar  6 15:42:50 2026  550.78
[0] NVIDIA GeForce RTX 3080 | 58°C,  51 % |  4590 / 10240 MB | vipuser(4576M) root(4M)

2026-03-06 15:43:00,716   INFO  Train:    2/5 ( 40%) [ 921/928 ( 99%)]  Loss: 0.2603 (0.250)  LR: 1.000e-04  Time cost: 03:09/00:01 [06:28/09:33]  Acc_iter 1850        Data time: 0.00(0.01)  Forward time: 0.19(0.20)  Batch time: 0.19(0.21)
2026-03-06 15:43:01,888   INFO  Train:    2/5 ( 40%) [ 927/928 (100%)]  Loss: 0.2474 (0.250)  LR: 1.000e-04  Time cost: 03:10/00:00 [06:29/09:32]  Acc_iter 1856        Data time: 0.00(0.01)  Forward time: 0.19(0.20)  Batch time: 0.20(0.21)
2026-03-06 15:43:03,213   INFO  Train:    3/5 ( 60%) [   0/928 (  0%)]  Loss: 0.2591 (0.259)  LR: 1.000e-04  Time cost: 00:01/16:27 [06:30/49:22]  Acc_iter 1857        Data time: 0.79(0.79)  Forward time: 0.28(0.28)  Batch time: 1.06(1.06)
2026-03-06 15:43:12,068   INFO  Train:    3/5 ( 60%) [  43/928 (  5%)]  Loss: 0.2426 (0.248)  LR: 9.994e-05  Time cost: 00:09/03:19 [06:39/10:17]  Acc_iter 1900        Data time: 0.00(0.02)  Forward time: 0.21(0.20)  Batch time: 0.21(0.23)
2026-03-06 15:43:22,267   INFO  Train:    3/5 ( 60%) [  93/928 ( 10%)]  Loss: 0.2072 (0.248)  LR: 9.972e-05  Time cost: 00:20/02:58 [06:49/09:35]  Acc_iter 1950        Data time: 0.00(0.01)  Forward time: 0.20(0.20)  Batch time: 0.21(0.21)
2026-03-06 15:43:22,625   INFO  ubuntu22                    Fri Mar  6 15:43:22 2026  550.78
[0] NVIDIA GeForce RTX 3080 | 58°C,   0 % |  4590 / 10240 MB | vipuser(4576M) root(4M)

2026-03-06 15:43:32,815   INFO  Train:    3/5 ( 60%) [ 143/928 ( 15%)]  Loss: 0.2937 (0.248)  LR: 9.935e-05  Time cost: 00:30/02:47 [07:00/09:22]  Acc_iter 2000        Data time: 0.00(0.01)  Forward time: 0.20(0.20)  Batch time: 0.20(0.21)
2026-03-06 15:43:42,941   INFO  Train:    3/5 ( 60%) [ 193/928 ( 21%)]  Loss: 0.2610 (0.248)  LR: 9.882e-05  Time cost: 00:40/02:34 [07:10/09:04]  Acc_iter 2050        Data time: 0.00(0.01)  Forward time: 0.20(0.20)  Batch time: 0.20(0.21)
2026-03-06 15:43:53,049   INFO  Train:    3/5 ( 60%) [ 243/928 ( 26%)]  Loss: 0.1893 (0.248)  LR: 9.813e-05  Time cost: 00:50/02:22 [07:20/08:50]  Acc_iter 2100        Data time: 0.00(0.01)  Forward time: 0.20(0.20)  Batch time: 0.20(0.21)
2026-03-06 15:43:53,418   INFO  ubuntu22                    Fri Mar  6 15:43:53 2026  550.78
[0] NVIDIA GeForce RTX 3080 | 58°C,   0 % |  4590 / 10240 MB | vipuser(4576M) root(4M)

2026-03-06 15:44:03,596   INFO  Train:    3/5 ( 60%) [ 293/928 ( 32%)]  Loss: 0.2098 (0.249)  LR: 9.729e-05  Time cost: 01:01/02:12 [07:31/08:40]  Acc_iter 2150        Data time: 0.00(0.01)  Forward time: 0.20(0.20)  Batch time: 0.20(0.21)
2026-03-06 15:44:13,903   INFO  Train:    3/5 ( 60%) [ 343/928 ( 37%)]  Loss: 0.1894 (0.249)  LR: 9.630e-05  Time cost: 01:11/02:02 [07:41/08:29]  Acc_iter 2200        Data time: 0.00(0.01)  Forward time: 0.20(0.20)  Batch time: 0.20(0.21)
2026-03-06 15:44:24,200   INFO  Train:    3/5 ( 60%) [ 393/928 ( 42%)]  Loss: 0.1941 (0.249)  LR: 9.516e-05  Time cost: 01:22/01:51 [07:51/08:17]  Acc_iter 2250        Data time: 0.00(0.01)  Forward time: 0.20(0.20)  Batch time: 0.20(0.21)
2026-03-06 15:44:24,556   INFO  ubuntu22                    Fri Mar  6 15:44:24 2026  550.78
[0] NVIDIA GeForce RTX 3080 | 58°C,  60 % |  4590 / 10240 MB | vipuser(4576M) root(4M)

2026-03-06 15:44:34,854   INFO  Train:    3/5 ( 60%) [ 443/928 ( 48%)]  Loss: 0.2482 (0.248)  LR: 9.388e-05  Time cost: 01:32/01:41 [08:02/08:08]  Acc_iter 2300        Data time: 0.00(0.01)  Forward time: 0.21(0.20)  Batch time: 0.21(0.21)
2026-03-06 15:44:45,132   INFO  Train:    3/5 ( 60%) [ 493/928 ( 53%)]  Loss: 0.2960 (0.249)  LR: 9.246e-05  Time cost: 01:42/01:30 [08:12/07:57]  Acc_iter 2350        Data time: 0.00(0.01)  Forward time: 0.20(0.20)  Batch time: 0.20(0.21)
2026-03-06 15:44:55,350   INFO  Train:    3/5 ( 60%) [ 543/928 ( 59%)]  Loss: 0.2736 (0.249)  LR: 9.090e-05  Time cost: 01:53/01:20 [08:22/07:46]  Acc_iter 2400        Data time: 0.00(0.01)  Forward time: 0.20(0.20)  Batch time: 0.20(0.21)
2026-03-06 15:44:55,717   INFO  ubuntu22                    Fri Mar  6 15:44:55 2026  550.78
[0] NVIDIA GeForce RTX 3080 | 58°C,  50 % |  4590 / 10240 MB | vipuser(4576M) root(4M)

2026-03-06 15:45:06,006   INFO  Train:    3/5 ( 60%) [ 593/928 ( 64%)]  Loss: 0.2317 (0.249)  LR: 8.922e-05  Time cost: 02:03/01:09 [08:33/07:36]  Acc_iter 2450        Data time: 0.00(0.01)  Forward time: 0.20(0.20)  Batch time: 0.21(0.21)
2026-03-06 15:45:16,220   INFO  Train:    3/5 ( 60%) [ 643/928 ( 69%)]  Loss: 0.2902 (0.249)  LR: 8.741e-05  Time cost: 02:14/00:59 [08:43/07:25]  Acc_iter 2500        Data time: 0.00(0.01)  Forward time: 0.21(0.20)  Batch time: 0.21(0.21)
2026-03-06 15:45:26,513   INFO  Train:    3/5 ( 60%) [ 693/928 ( 75%)]  Loss: 0.2189 (0.250)  LR: 8.547e-05  Time cost: 02:24/00:48 [08:54/07:14]  Acc_iter 2550        Data time: 0.01(0.01)  Forward time: 0.20(0.20)  Batch time: 0.21(0.21)
2026-03-06 15:45:26,866   INFO  ubuntu22                    Fri Mar  6 15:45:26 2026  550.78
[0] NVIDIA GeForce RTX 3080 | 58°C,  39 % |  4590 / 10240 MB | vipuser(4576M) root(4M)

2026-03-06 15:45:37,121   INFO  Train:    3/5 ( 60%) [ 743/928 ( 80%)]  Loss: 0.2369 (0.250)  LR: 8.343e-05  Time cost: 02:34/00:38 [09:04/07:05]  Acc_iter 2600        Data time: 0.00(0.01)  Forward time: 0.20(0.20)  Batch time: 0.20(0.21)
2026-03-06 15:45:47,299   INFO  Train:    3/5 ( 60%) [ 793/928 ( 85%)]  Loss: 0.2143 (0.250)  LR: 8.128e-05  Time cost: 02:45/00:28 [09:14/06:54]  Acc_iter 2650        Data time: 0.00(0.01)  Forward time: 0.20(0.20)  Batch time: 0.21(0.21)
2026-03-06 15:45:57,502   INFO  Train:    3/5 ( 60%) [ 843/928 ( 91%)]  Loss: 0.1813 (0.250)  LR: 7.903e-05  Time cost: 02:55/00:17 [09:25/06:43]  Acc_iter 2700        Data time: 0.00(0.01)  Forward time: 0.20(0.20)  Batch time: 0.21(0.21)
2026-03-06 15:45:57,865   INFO  ubuntu22                    Fri Mar  6 15:45:57 2026  550.78
[0] NVIDIA GeForce RTX 3080 | 58°C,  40 % |  4590 / 10240 MB | vipuser(4576M) root(4M)

2026-03-06 15:46:08,202   INFO  Train:    3/5 ( 60%) [ 893/928 ( 96%)]  Loss: 0.2865 (0.250)  LR: 7.669e-05  Time cost: 03:06/00:07 [09:35/06:33]  Acc_iter 2750        Data time: 0.00(0.01)  Forward time: 0.20(0.20)  Batch time: 0.21(0.21)
2026-03-06 15:46:15,090   INFO  Train:    3/5 ( 60%) [ 927/928 (100%)]  Loss: 0.2388 (0.249)  LR: 7.505e-05  Time cost: 03:12/00:00 [09:42/06:26]  Acc_iter 2784        Data time: 0.00(0.01)  Forward time: 0.19(0.20)  Batch time: 0.19(0.21)
2026-03-06 15:46:16,385   INFO  Train:    4/5 ( 80%) [   0/928 (  0%)]  Loss: 0.2694 (0.269)  LR: 7.500e-05  Time cost: 00:01/15:55 [09:44/31:51]  Acc_iter 2785        Data time: 0.75(0.75)  Forward time: 0.28(0.28)  Batch time: 1.03(1.03)
2026-03-06 15:46:19,468   INFO  Train:    4/5 ( 80%) [  15/928 (  2%)]  Loss: 0.2380 (0.254)  LR: 7.426e-05  Time cost: 00:04/03:54 [09:47/07:53]  Acc_iter 2800        Data time: 0.00(0.05)  Forward time: 0.20(0.21)  Batch time: 0.20(0.26)
2026-03-06 15:46:29,658   INFO  Train:    4/5 ( 80%) [  65/928 (  7%)]  Loss: 0.2288 (0.254)  LR: 7.176e-05  Time cost: 00:14/03:07 [09:57/06:28]  Acc_iter 2850        Data time: 0.00(0.01)  Forward time: 0.20(0.20)  Batch time: 0.20(0.22)
2026-03-06 15:46:30,015   INFO  ubuntu22                    Fri Mar  6 15:46:29 2026  550.78
[0] NVIDIA GeForce RTX 3080 | 58°C,  24 % |  4590 / 10240 MB | vipuser(4576M) root(4M)

2026-03-06 15:46:40,054   INFO  Train:    4/5 ( 80%) [ 115/928 ( 12%)]  Loss: 0.2474 (0.249)  LR: 6.919e-05  Time cost: 00:24/02:53 [10:07/06:10]  Acc_iter 2900        Data time: 0.00(0.01)  Forward time: 0.20(0.20)  Batch time: 0.20(0.21)
2026-03-06 15:46:50,073   INFO  Train:    4/5 ( 80%) [ 165/928 ( 18%)]  Loss: 0.2492 (0.250)  LR: 6.655e-05  Time cost: 00:34/02:39 [10:17/05:53]  Acc_iter 2950        Data time: 0.00(0.01)  Forward time: 0.20(0.20)  Batch time: 0.21(0.21)
2026-03-06 15:47:00,267   INFO  Train:    4/5 ( 80%) [ 215/928 ( 23%)]  Loss: 0.2316 (0.248)  LR: 6.387e-05  Time cost: 00:44/02:28 [10:27/05:41]  Acc_iter 3000        Data time: 0.00(0.01)  Forward time: 0.20(0.20)  Batch time: 0.20(0.21)
2026-03-06 15:47:00,626   INFO  ubuntu22                    Fri Mar  6 15:47:00 2026  550.78
[0] NVIDIA GeForce RTX 3080 | 58°C,  30 % |  4590 / 10240 MB | vipuser(4576M) root(4M)

2026-03-06 15:47:10,872   INFO  Train:    4/5 ( 80%) [ 265/928 ( 29%)]  Loss: 0.2357 (0.248)  LR: 6.113e-05  Time cost: 00:55/02:18 [10:38/05:32]  Acc_iter 3050        Data time: 0.00(0.01)  Forward time: 0.20(0.20)  Batch time: 0.20(0.21)
2026-03-06 15:47:21,079   INFO  Train:    4/5 ( 80%) [ 315/928 ( 34%)]  Loss: 0.1972 (0.248)  LR: 5.837e-05  Time cost: 01:05/02:07 [10:48/05:20]  Acc_iter 3100        Data time: 0.00(0.01)  Forward time: 0.21(0.20)  Batch time: 0.21(0.21)
2026-03-06 15:47:31,295   INFO  Train:    4/5 ( 80%) [ 365/928 ( 39%)]  Loss: 0.2013 (0.249)  LR: 5.557e-05  Time cost: 01:15/01:56 [10:58/05:09]  Acc_iter 3150        Data time: 0.00(0.01)  Forward time: 0.20(0.20)  Batch time: 0.20(0.21)
2026-03-06 15:47:31,664   INFO  ubuntu22                    Fri Mar  6 15:47:31 2026  550.78
[0] NVIDIA GeForce RTX 3080 | 58°C,  49 % |  4590 / 10240 MB | vipuser(4576M) root(4M)

2026-03-06 15:47:41,912   INFO  Train:    4/5 ( 80%) [ 415/928 ( 45%)]  Loss: 0.2872 (0.248)  LR: 5.276e-05  Time cost: 01:26/01:46 [11:09/04:59]  Acc_iter 3200        Data time: 0.00(0.01)  Forward time: 0.20(0.20)  Batch time: 0.20(0.21)
2026-03-06 15:47:52,082   INFO  Train:    4/5 ( 80%) [ 465/928 ( 50%)]  Loss: 0.2001 (0.248)  LR: 4.994e-05  Time cost: 01:36/01:36 [11:19/04:48]  Acc_iter 3250        Data time: 0.00(0.01)  Forward time: 0.20(0.20)  Batch time: 0.20(0.21)
2026-03-06 15:48:02,282   INFO  Train:    4/5 ( 80%) [ 515/928 ( 55%)]  Loss: 0.2356 (0.248)  LR: 4.712e-05  Time cost: 01:46/01:25 [11:29/04:37]  Acc_iter 3300        Data time: 0.00(0.01)  Forward time: 0.20(0.20)  Batch time: 0.20(0.21)
2026-03-06 15:48:02,646   INFO  ubuntu22                    Fri Mar  6 15:48:02 2026  550.78
[0] NVIDIA GeForce RTX 3080 | 58°C,  47 % |  4590 / 10240 MB | vipuser(4576M) root(4M)

2026-03-06 15:48:12,771   INFO  Train:    4/5 ( 80%) [ 565/928 ( 61%)]  Loss: 0.2035 (0.248)  LR: 4.431e-05  Time cost: 01:57/01:15 [11:40/04:27]  Acc_iter 3350        Data time: 0.00(0.01)  Forward time: 0.20(0.20)  Batch time: 0.20(0.21)
2026-03-06 15:48:22,799   INFO  Train:    4/5 ( 80%) [ 615/928 ( 66%)]  Loss: 0.2213 (0.248)  LR: 4.152e-05  Time cost: 02:07/01:04 [11:50/04:16]  Acc_iter 3400        Data time: 0.00(0.01)  Forward time: 0.20(0.20)  Batch time: 0.20(0.21)
2026-03-06 15:48:32,837   INFO  Train:    4/5 ( 80%) [ 665/928 ( 72%)]  Loss: 0.2785 (0.248)  LR: 3.876e-05  Time cost: 02:17/00:54 [12:00/04:05]  Acc_iter 3450        Data time: 0.00(0.01)  Forward time: 0.20(0.20)  Batch time: 0.20(0.21)
2026-03-06 15:48:33,207   INFO  ubuntu22                    Fri Mar  6 15:48:33 2026  550.78
[0] NVIDIA GeForce RTX 3080 | 58°C,  31 % |  4590 / 10240 MB | vipuser(4576M) root(4M)

2026-03-06 15:48:43,301   INFO  Train:    4/5 ( 80%) [ 715/928 ( 77%)]  Loss: 0.2611 (0.248)  LR: 3.603e-05  Time cost: 02:27/00:44 [12:10/03:55]  Acc_iter 3500        Data time: 0.00(0.01)  Forward time: 0.20(0.20)  Batch time: 0.20(0.21)
2026-03-06 15:48:53,356   INFO  Train:    4/5 ( 80%) [ 765/928 ( 82%)]  Loss: 0.2012 (0.248)  LR: 3.334e-05  Time cost: 02:38/00:33 [12:20/03:45]  Acc_iter 3550        Data time: 0.00(0.01)  Forward time: 0.20(0.20)  Batch time: 0.20(0.21)
2026-03-06 15:49:03,444   INFO  Train:    4/5 ( 80%) [ 815/928 ( 88%)]  Loss: 0.3135 (0.247)  LR: 3.071e-05  Time cost: 02:48/00:23 [12:31/03:34]  Acc_iter 3600        Data time: 0.00(0.01)  Forward time: 0.20(0.20)  Batch time: 0.20(0.21)
2026-03-06 15:49:03,799   INFO  ubuntu22                    Fri Mar  6 15:49:03 2026  550.78
[0] NVIDIA GeForce RTX 3080 | 58°C,  41 % |  4590 / 10240 MB | vipuser(4576M) root(4M)

2026-03-06 15:49:13,855   INFO  Train:    4/5 ( 80%) [ 865/928 ( 93%)]  Loss: 0.2701 (0.248)  LR: 2.814e-05  Time cost: 02:58/00:12 [12:41/03:24]  Acc_iter 3650        Data time: 0.00(0.01)  Forward time: 0.20(0.20)  Batch time: 0.20(0.21)
2026-03-06 15:49:23,879   INFO  Train:    4/5 ( 80%) [ 915/928 ( 99%)]  Loss: 0.2748 (0.247)  LR: 2.564e-05  Time cost: 03:08/00:02 [12:51/03:13]  Acc_iter 3700        Data time: 0.00(0.01)  Forward time: 0.20(0.20)  Batch time: 0.20(0.21)
2026-03-06 15:49:26,237   INFO  Train:    4/5 ( 80%) [ 927/928 (100%)]  Loss: 0.1973 (0.247)  LR: 2.505e-05  Time cost: 03:10/00:00 [12:53/03:11]  Acc_iter 3712        Data time: 0.00(0.01)  Forward time: 0.19(0.20)  Batch time: 0.19(0.21)
2026-03-06 15:49:27,519   INFO  Train:    5/5 (100%) [   0/928 (  0%)]  Loss: 0.2996 (0.300)  LR: 2.500e-05  Time cost: 00:01/15:35 [12:55/15:35]  Acc_iter 3713        Data time: 0.74(0.74)  Forward time: 0.27(0.27)  Batch time: 1.01(1.01)
2026-03-06 15:49:35,107   INFO  Train:    5/5 (100%) [  37/928 (  4%)]  Loss: 0.1929 (0.252)  LR: 2.322e-05  Time cost: 00:08/03:21 [13:02/03:21]  Acc_iter 3750        Data time: 0.00(0.02)  Forward time: 0.19(0.20)  Batch time: 0.20(0.23)
2026-03-06 15:49:35,473   INFO  ubuntu22                    Fri Mar  6 15:49:35 2026  550.78
[0] NVIDIA GeForce RTX 3080 | 58°C,  67 % |  4590 / 10240 MB | vipuser(4576M) root(4M)

2026-03-06 15:49:45,534   INFO  Train:    5/5 (100%) [  87/928 (  9%)]  Loss: 0.2642 (0.248)  LR: 2.088e-05  Time cost: 00:19/03:01 [13:13/03:01]  Acc_iter 3800        Data time: 0.00(0.02)  Forward time: 0.20(0.20)  Batch time: 0.20(0.22)
2026-03-06 15:49:55,537   INFO  Train:    5/5 (100%) [ 137/928 ( 15%)]  Loss: 0.2767 (0.250)  LR: 1.863e-05  Time cost: 00:29/02:46 [13:23/02:46]  Acc_iter 3850        Data time: 0.00(0.01)  Forward time: 0.20(0.20)  Batch time: 0.20(0.21)
2026-03-06 15:50:05,558   INFO  Train:    5/5 (100%) [ 187/928 ( 20%)]  Loss: 0.2625 (0.250)  LR: 1.649e-05  Time cost: 00:39/02:33 [13:33/02:33]  Acc_iter 3900        Data time: 0.00(0.01)  Forward time: 0.20(0.20)  Batch time: 0.20(0.21)
2026-03-06 15:50:05,918   INFO  ubuntu22                    Fri Mar  6 15:50:05 2026  550.78
[0] NVIDIA GeForce RTX 3080 | 58°C,  13 % |  4590 / 10240 MB | vipuser(4576M) root(4M)

2026-03-06 15:50:15,982   INFO  Train:    5/5 (100%) [ 237/928 ( 26%)]  Loss: 0.2085 (0.249)  LR: 1.445e-05  Time cost: 00:49/02:23 [13:43/02:23]  Acc_iter 3950        Data time: 0.01(0.01)  Forward time: 0.20(0.20)  Batch time: 0.21(0.21)
2026-03-06 15:50:26,053   INFO  Train:    5/5 (100%) [ 287/928 ( 31%)]  Loss: 0.2229 (0.247)  LR: 1.252e-05  Time cost: 00:59/02:12 [13:53/02:12]  Acc_iter 4000        Data time: 0.00(0.01)  Forward time: 0.20(0.20)  Batch time: 0.20(0.21)
2026-03-06 15:50:36,081   INFO  Train:    5/5 (100%) [ 337/928 ( 36%)]  Loss: 0.3021 (0.247)  LR: 1.071e-05  Time cost: 01:09/02:01 [14:03/02:01]  Acc_iter 4050        Data time: 0.00(0.01)  Forward time: 0.20(0.20)  Batch time: 0.20(0.21)
2026-03-06 15:50:36,471   INFO  ubuntu22                    Fri Mar  6 15:50:36 2026  550.78
[0] NVIDIA GeForce RTX 3080 | 58°C,   0 % |  4590 / 10240 MB | vipuser(4576M) root(4M)

2026-03-06 15:50:46,606   INFO  Train:    5/5 (100%) [ 387/928 ( 42%)]  Loss: 0.2364 (0.247)  LR: 9.033e-06  Time cost: 01:20/01:51 [14:14/01:51]  Acc_iter 4100        Data time: 0.00(0.01)  Forward time: 0.20(0.20)  Batch time: 0.20(0.21)
2026-03-06 15:50:56,633   INFO  Train:    5/5 (100%) [ 437/928 ( 47%)]  Loss: 0.2048 (0.246)  LR: 7.481e-06  Time cost: 01:30/01:41 [14:24/01:41]  Acc_iter 4150        Data time: 0.00(0.01)  Forward time: 0.20(0.20)  Batch time: 0.20(0.21)
2026-03-06 15:51:06,649   INFO  Train:    5/5 (100%) [ 487/928 ( 52%)]  Loss: 0.2713 (0.245)  LR: 6.065e-06  Time cost: 01:40/01:30 [14:34/01:30]  Acc_iter 4200        Data time: 0.00(0.01)  Forward time: 0.19(0.20)  Batch time: 0.20(0.21)
2026-03-06 15:51:07,030   INFO  ubuntu22                    Fri Mar  6 15:51:07 2026  550.78
[0] NVIDIA GeForce RTX 3080 | 58°C,  57 % |  4590 / 10240 MB | vipuser(4576M) root(4M)

2026-03-06 15:51:17,094   INFO  Train:    5/5 (100%) [ 537/928 ( 58%)]  Loss: 0.2747 (0.245)  LR: 4.789e-06  Time cost: 01:50/01:20 [14:44/01:20]  Acc_iter 4250        Data time: 0.01(0.01)  Forward time: 0.20(0.20)  Batch time: 0.20(0.21)
2026-03-06 15:51:27,146   INFO  Train:    5/5 (100%) [ 587/928 ( 63%)]  Loss: 0.2478 (0.245)  LR: 3.657e-06  Time cost: 02:00/01:09 [14:54/01:09]  Acc_iter 4300        Data time: 0.00(0.01)  Forward time: 0.20(0.20)  Batch time: 0.20(0.21)
2026-03-06 15:51:37,233   INFO  Train:    5/5 (100%) [ 637/928 ( 69%)]  Loss: 0.3124 (0.245)  LR: 2.673e-06  Time cost: 02:10/00:59 [15:04/00:59]  Acc_iter 4350        Data time: 0.00(0.01)  Forward time: 0.20(0.20)  Batch time: 0.20(0.20)
2026-03-06 15:51:37,600   INFO  ubuntu22                    Fri Mar  6 15:51:37 2026  550.78
[0] NVIDIA GeForce RTX 3080 | 58°C,  56 % |  4590 / 10240 MB | vipuser(4576M) root(4M)

2026-03-06 15:51:47,677   INFO  Train:    5/5 (100%) [ 687/928 ( 74%)]  Loss: 0.2197 (0.245)  LR: 1.839e-06  Time cost: 02:21/00:49 [15:15/00:49]  Acc_iter 4400        Data time: 0.00(0.01)  Forward time: 0.20(0.20)  Batch time: 0.20(0.21)
2026-03-06 15:51:57,712   INFO  Train:    5/5 (100%) [ 737/928 ( 79%)]  Loss: 0.3023 (0.246)  LR: 1.158e-06  Time cost: 02:31/00:39 [15:25/00:39]  Acc_iter 4450        Data time: 0.00(0.01)  Forward time: 0.20(0.20)  Batch time: 0.20(0.20)
2026-03-06 15:52:07,750   INFO  Train:    5/5 (100%) [ 787/928 ( 85%)]  Loss: 0.2243 (0.246)  LR: 6.326e-07  Time cost: 02:41/00:28 [15:35/00:28]  Acc_iter 4500        Data time: 0.00(0.01)  Forward time: 0.20(0.20)  Batch time: 0.20(0.20)
2026-03-06 15:52:08,114   INFO  ubuntu22                    Fri Mar  6 15:52:08 2026  550.78
[0] NVIDIA GeForce RTX 3080 | 58°C,  34 % |  4590 / 10240 MB | vipuser(4576M) root(4M)

2026-03-06 15:52:18,160   INFO  Train:    5/5 (100%) [ 837/928 ( 90%)]  Loss: 0.2640 (0.246)  LR: 2.644e-07  Time cost: 02:51/00:18 [15:45/00:18]  Acc_iter 4550        Data time: 0.00(0.01)  Forward time: 0.19(0.20)  Batch time: 0.20(0.20)
2026-03-06 15:52:28,209   INFO  Train:    5/5 (100%) [ 887/928 ( 96%)]  Loss: 0.2300 (0.246)  LR: 5.450e-08  Time cost: 03:01/00:08 [15:55/00:08]  Acc_iter 4600        Data time: 0.00(0.01)  Forward time: 0.19(0.20)  Batch time: 0.20(0.20)
2026-03-06 15:52:36,183   INFO  Train:    5/5 (100%) [ 927/928 (100%)]  Loss: 0.2520 (0.246)  LR: 1.032e-09  Time cost: 03:09/00:00 [16:03/00:00]  Acc_iter 4640        Data time: 0.00(0.01)  Forward time: 0.19(0.20)  Batch time: 0.19(0.20)
2026-03-06 15:52:36,691   INFO  **********************End training kitti_models/second(qat_from_checkpoint)**********************



2026-03-06 15:52:36,692   INFO  **********************Start evaluation kitti_models/second(qat_from_checkpoint)**********************
2026-03-06 15:52:36,695   INFO  Loading KITTI dataset
2026-03-06 15:52:36,849   INFO  Total samples for KITTI dataset: 3769
2026-03-06 15:52:36,852   INFO  ==> Loading parameters from checkpoint /home/vipuser/桌面/OpenPCDet/output/kitti_models/second/qat_from_checkpoint/ckpt/checkpoint_epoch_5.pth to GPU
2026-03-06 15:52:36,909   INFO  ==> Checkpoint trained from version: pcdet+0.6.0+233f849+py46a12fe
2026-03-06 15:52:36,916   INFO  ==> Done (loaded 187/187)
2026-03-06 15:52:36,919   INFO  *************** EPOCH 5 EVALUATION *****************
2026-03-06 15:53:38,819   INFO  *************** Performance of EPOCH 5 *****************
2026-03-06 15:53:38,820   INFO  Generate label finished(sec_per_example: 0.0164 second).
2026-03-06 15:53:38,820   INFO  recall_roi_0.3: 0.000000
2026-03-06 15:53:38,820   INFO  recall_rcnn_0.3: 0.928750
2026-03-06 15:53:38,820   INFO  recall_roi_0.5: 0.000000
2026-03-06 15:53:38,820   INFO  recall_rcnn_0.5: 0.866044
2026-03-06 15:53:38,820   INFO  recall_roi_0.7: 0.000000
2026-03-06 15:53:38,820   INFO  recall_rcnn_0.7: 0.633614
2026-03-06 15:53:38,825   INFO  Average predicted number of objects(3769 samples): 15.489
2026-03-06 15:54:16,570   INFO  Car AP@0.70, 0.70, 0.70:
bbox AP:90.7367, 89.3779, 88.1788
bev  AP:89.7557, 86.6511, 83.8886
3d   AP:87.6613, 77.3923, 75.1514
aos  AP:90.70, 89.16, 87.81
Car AP_R40@0.70, 0.70, 0.70:
bbox AP:95.6310, 91.9136, 89.2773
bev  AP:92.1202, 87.8694, 85.2466
3d   AP:88.6191, 78.7398, 75.6051
aos  AP:95.58, 91.67, 88.90
Car AP@0.70, 0.50, 0.50:
bbox AP:90.7367, 89.3779, 88.1788
bev  AP:90.7683, 89.8262, 89.0930
3d   AP:90.7649, 89.7639, 88.9339
aos  AP:90.70, 89.16, 87.81
Car AP_R40@0.70, 0.50, 0.50:
bbox AP:95.6310, 91.9136, 89.2773
bev  AP:95.7432, 94.3294, 93.4404
3d   AP:95.7198, 94.1340, 91.7090
aos  AP:95.58, 91.67, 88.90
Pedestrian AP@0.50, 0.50, 0.50:
bbox AP:67.5362, 63.2781, 59.8476
bev  AP:56.3543, 51.9802, 47.6969
3d   AP:52.4388, 47.3367, 42.1832
aos  AP:63.46, 58.86, 55.40
Pedestrian AP_R40@0.50, 0.50, 0.50:
bbox AP:68.5913, 63.3288, 59.5364
bev  AP:56.2480, 50.7720, 46.1157
3d   AP:51.0970, 45.5958, 40.2969
aos  AP:64.04, 58.38, 54.59
Pedestrian AP@0.50, 0.25, 0.25:
bbox AP:67.5362, 63.2781, 59.8476
bev  AP:72.7429, 68.7003, 65.0424
3d   AP:72.6397, 68.4915, 64.9347
aos  AP:63.46, 58.86, 55.40
Pedestrian AP_R40@0.50, 0.25, 0.25:
bbox AP:68.5913, 63.3288, 59.5364
bev  AP:73.2041, 69.1950, 65.2793
3d   AP:73.1167, 68.8340, 65.1377
aos  AP:64.04, 58.38, 54.59
Cyclist AP@0.50, 0.50, 0.50:
bbox AP:86.7222, 76.2621, 72.3427
bev  AP:83.4070, 70.4874, 66.3626
3d   AP:81.3024, 66.5031, 61.7243
aos  AP:86.55, 75.82, 71.91
Cyclist AP_R40@0.50, 0.50, 0.50:
bbox AP:90.9217, 77.2143, 72.9821
bev  AP:86.8515, 71.4399, 66.9824
3d   AP:83.1609, 66.4353, 62.1220
aos  AP:90.69, 76.73, 72.49
Cyclist AP@0.50, 0.25, 0.25:
bbox AP:86.7222, 76.2621, 72.3427
bev  AP:89.5507, 74.4814, 71.1089
3d   AP:89.5507, 74.4814, 71.1089
aos  AP:86.55, 75.82, 71.91
Cyclist AP_R40@0.50, 0.25, 0.25:
bbox AP:90.9217, 77.2143, 72.9821
bev  AP:90.7950, 75.9113, 72.1738
3d   AP:90.7950, 75.9113, 72.1738
aos  AP:90.69, 76.73, 72.49

2026-03-06 15:54:16,579   INFO  Result is saved to /home/vipuser/桌面/OpenPCDet/output/kitti_models/second/qat_from_checkpoint/eval/eval_with_train/epoch_5/val
2026-03-06 15:54:16,579   INFO  ****************Evaluation done.*****************
2026-03-06 15:54:16,609   INFO  Epoch 5 has been evaluated
2026-03-06 15:54:46,627   INFO  **********************End evaluation kitti_models/second(qat_from_checkpoint)**********************
