2026-06-19 22:56:20,219   INFO  **********************Start HW-QAT logging**********************
2026-06-19 22:56:20,219   INFO  CUDA_VISIBLE_DEVICES=ALL
2026-06-19 22:56:20,219   INFO  Training in single-process mode
2026-06-19 22:56:20,219   INFO  cfg_file                 cfgs/kitti_models/second_hw_qat.yaml
2026-06-19 22:56:20,219   INFO  batch_size               4
2026-06-19 22:56:20,219   INFO  epochs                   10
2026-06-19 22:56:20,219   INFO  workers                  4
2026-06-19 22:56:20,219   INFO  extra_tag                hw_qat_10ep
2026-06-19 22:56:20,219   INFO  ckpt                     None
2026-06-19 22:56:20,219   INFO  pretrained_model         ../output/kitti_models/second/default/ckpt/checkpoint_epoch_80.pth
2026-06-19 22:56:20,220   INFO  launcher                 none
2026-06-19 22:56:20,220   INFO  tcp_port                 18888
2026-06-19 22:56:20,220   INFO  sync_bn                  False
2026-06-19 22:56:20,220   INFO  fix_random_seed          False
2026-06-19 22:56:20,220   INFO  ckpt_save_interval       1
2026-06-19 22:56:20,220   INFO  local_rank               None
2026-06-19 22:56:20,220   INFO  max_ckpt_save_num        30
2026-06-19 22:56:20,220   INFO  merge_all_iters_to_one_epoch False
2026-06-19 22:56:20,220   INFO  set_cfgs                 None
2026-06-19 22:56:20,220   INFO  max_waiting_mins         0
2026-06-19 22:56:20,220   INFO  start_epoch              0
2026-06-19 22:56:20,220   INFO  num_epochs_to_eval       0
2026-06-19 22:56:20,220   INFO  save_to_file             False
2026-06-19 22:56:20,220   INFO  use_tqdm_to_record       False
2026-06-19 22:56:20,220   INFO  logger_iter_interval     50
2026-06-19 22:56:20,220   INFO  ckpt_save_time_interval  300
2026-06-19 22:56:20,220   INFO  wo_gpu_stat              False
2026-06-19 22:56:20,220   INFO  use_amp                  False
2026-06-19 22:56:20,220   INFO  hw_qat                   True
2026-06-19 22:56:20,220   INFO  activation_quant         signed_symmetric
2026-06-19 22:56:20,220   INFO  weight_quant             per_channel
2026-06-19 22:56:20,220   INFO  observer                 max
2026-06-19 22:56:20,220   INFO  observer_momentum        0.95
2026-06-19 22:56:20,221   INFO  freeze_observer_epoch    -1
2026-06-19 22:56:20,221   INFO  export_qparams           True
2026-06-19 22:56:20,221   INFO  cfg.ROOT_DIR: /home/vipuser/桌面/OpenPCDet
2026-06-19 22:56:20,221   INFO  cfg.LOCAL_RANK: 0
2026-06-19 22:56:20,221   INFO  cfg.CLASS_NAMES: ['Car', 'Pedestrian', 'Cyclist']
2026-06-19 22:56:20,221   INFO  ----------- DATA_CONFIG -----------
2026-06-19 22:56:20,221   INFO  cfg.DATA_CONFIG.DATASET: KittiDataset
2026-06-19 22:56:20,221   INFO  cfg.DATA_CONFIG.DATA_PATH: ../data/kitti
2026-06-19 22:56:20,221   INFO  cfg.DATA_CONFIG.POINT_CLOUD_RANGE: [0, -40, -3, 70.4, 40, 1]
2026-06-19 22:56:20,221   INFO  ----------- DATA_SPLIT -----------
2026-06-19 22:56:20,221   INFO  cfg.DATA_CONFIG.DATA_SPLIT.train: train
2026-06-19 22:56:20,221   INFO  cfg.DATA_CONFIG.DATA_SPLIT.test: val
2026-06-19 22:56:20,221   INFO  ----------- INFO_PATH -----------
2026-06-19 22:56:20,221   INFO  cfg.DATA_CONFIG.INFO_PATH.train: ['kitti_infos_train.pkl']
2026-06-19 22:56:20,221   INFO  cfg.DATA_CONFIG.INFO_PATH.test: ['kitti_infos_val.pkl']
2026-06-19 22:56:20,221   INFO  cfg.DATA_CONFIG.GET_ITEM_LIST: ['points']
2026-06-19 22:56:20,221   INFO  cfg.DATA_CONFIG.FOV_POINTS_ONLY: True
2026-06-19 22:56:20,221   INFO  ----------- DATA_AUGMENTOR -----------
2026-06-19 22:56:20,221   INFO  cfg.DATA_CONFIG.DATA_AUGMENTOR.DISABLE_AUG_LIST: ['placeholder']
2026-06-19 22:56:20,222   INFO  cfg.DATA_CONFIG.DATA_AUGMENTOR.AUG_CONFIG_LIST: [{'NAME': 'gt_sampling', 'USE_ROAD_PLANE': False, 'DB_INFO_PATH': ['kitti_dbinfos_train.pkl'], 'PREPARE': {'filter_by_min_points': ['Car:5', 'Pedestrian:5', 'Cyclist:5'], 'filter_by_difficulty': [-1]}, 'SAMPLE_GROUPS': ['Car:20', 'Pedestrian:15', 'Cyclist:15'], 'NUM_POINT_FEATURES': 4, 'DATABASE_WITH_FAKELIDAR': False, 'REMOVE_EXTRA_WIDTH': [0.0, 0.0, 0.0], 'LIMIT_WHOLE_SCENE': True}, {'NAME': 'random_world_flip', 'ALONG_AXIS_LIST': ['x']}, {'NAME': 'random_world_rotation', 'WORLD_ROT_ANGLE': [-0.78539816, 0.78539816]}, {'NAME': 'random_world_scaling', 'WORLD_SCALE_RANGE': [0.95, 1.05]}]
2026-06-19 22:56:20,222   INFO  ----------- POINT_FEATURE_ENCODING -----------
2026-06-19 22:56:20,222   INFO  cfg.DATA_CONFIG.POINT_FEATURE_ENCODING.encoding_type: absolute_coordinates_encoding
2026-06-19 22:56:20,222   INFO  cfg.DATA_CONFIG.POINT_FEATURE_ENCODING.used_feature_list: ['x', 'y', 'z', 'intensity']
2026-06-19 22:56:20,222   INFO  cfg.DATA_CONFIG.POINT_FEATURE_ENCODING.src_feature_list: ['x', 'y', 'z', 'intensity']
2026-06-19 22:56:20,222   INFO  cfg.DATA_CONFIG.DATA_PROCESSOR: [{'NAME': 'mask_points_and_boxes_outside_range', 'REMOVE_OUTSIDE_BOXES': True}, {'NAME': 'shuffle_points', 'SHUFFLE_ENABLED': {'train': True, 'test': False}}, {'NAME': 'transform_points_to_voxels', 'VOXEL_SIZE': [0.05, 0.05, 0.1], 'MAX_POINTS_PER_VOXEL': 5, 'MAX_NUMBER_OF_VOXELS': {'train': 16000, 'test': 15000}}]
2026-06-19 22:56:20,222   INFO  cfg.DATA_CONFIG._BASE_CONFIG_: cfgs/dataset_configs/kitti_dataset.yaml
2026-06-19 22:56:20,222   INFO  ----------- MODEL -----------
2026-06-19 22:56:20,222   INFO  cfg.MODEL.NAME: SECONDNet
2026-06-19 22:56:20,222   INFO  ----------- VFE -----------
2026-06-19 22:56:20,222   INFO  cfg.MODEL.VFE.NAME: MeanVFE
2026-06-19 22:56:20,223   INFO  ----------- BACKBONE_3D -----------
2026-06-19 22:56:20,223   INFO  cfg.MODEL.BACKBONE_3D.NAME: VoxelBackBone8x_HWQAT
2026-06-19 22:56:20,223   INFO  ----------- MAP_TO_BEV -----------
2026-06-19 22:56:20,223   INFO  cfg.MODEL.MAP_TO_BEV.NAME: HeightCompression
2026-06-19 22:56:20,223   INFO  cfg.MODEL.MAP_TO_BEV.NUM_BEV_FEATURES: 256
2026-06-19 22:56:20,223   INFO  ----------- BACKBONE_2D -----------
2026-06-19 22:56:20,223   INFO  cfg.MODEL.BACKBONE_2D.NAME: BaseBEVBackbone
2026-06-19 22:56:20,223   INFO  cfg.MODEL.BACKBONE_2D.LAYER_NUMS: [5, 5]
2026-06-19 22:56:20,223   INFO  cfg.MODEL.BACKBONE_2D.LAYER_STRIDES: [1, 2]
2026-06-19 22:56:20,223   INFO  cfg.MODEL.BACKBONE_2D.NUM_FILTERS: [128, 256]
2026-06-19 22:56:20,223   INFO  cfg.MODEL.BACKBONE_2D.UPSAMPLE_STRIDES: [1, 2]
2026-06-19 22:56:20,223   INFO  cfg.MODEL.BACKBONE_2D.NUM_UPSAMPLE_FILTERS: [256, 256]
2026-06-19 22:56:20,223   INFO  ----------- DENSE_HEAD -----------
2026-06-19 22:56:20,224   INFO  cfg.MODEL.DENSE_HEAD.NAME: AnchorHeadSingle
2026-06-19 22:56:20,224   INFO  cfg.MODEL.DENSE_HEAD.CLASS_AGNOSTIC: False
2026-06-19 22:56:20,224   INFO  cfg.MODEL.DENSE_HEAD.USE_DIRECTION_CLASSIFIER: True
2026-06-19 22:56:20,224   INFO  cfg.MODEL.DENSE_HEAD.DIR_OFFSET: 0.78539
2026-06-19 22:56:20,224   INFO  cfg.MODEL.DENSE_HEAD.DIR_LIMIT_OFFSET: 0.0
2026-06-19 22:56:20,224   INFO  cfg.MODEL.DENSE_HEAD.NUM_DIR_BINS: 2
2026-06-19 22:56:20,224   INFO  cfg.MODEL.DENSE_HEAD.ANCHOR_GENERATOR_CONFIG: [{'class_name': 'Car', 'anchor_sizes': [[3.9, 1.6, 1.56]], 'anchor_rotations': [0, 1.57], 'anchor_bottom_heights': [-1.78], 'align_center': False, 'feature_map_stride': 8, 'matched_threshold': 0.6, 'unmatched_threshold': 0.45}, {'class_name': 'Pedestrian', 'anchor_sizes': [[0.8, 0.6, 1.73]], 'anchor_rotations': [0, 1.57], 'anchor_bottom_heights': [-0.6], 'align_center': False, 'feature_map_stride': 8, 'matched_threshold': 0.5, 'unmatched_threshold': 0.35}, {'class_name': 'Cyclist', 'anchor_sizes': [[1.76, 0.6, 1.73]], 'anchor_rotations': [0, 1.57], 'anchor_bottom_heights': [-0.6], 'align_center': False, 'feature_map_stride': 8, 'matched_threshold': 0.5, 'unmatched_threshold': 0.35}]
2026-06-19 22:56:20,224   INFO  ----------- TARGET_ASSIGNER_CONFIG -----------
2026-06-19 22:56:20,224   INFO  cfg.MODEL.DENSE_HEAD.TARGET_ASSIGNER_CONFIG.NAME: AxisAlignedTargetAssigner
2026-06-19 22:56:20,224   INFO  cfg.MODEL.DENSE_HEAD.TARGET_ASSIGNER_CONFIG.POS_FRACTION: -1.0
2026-06-19 22:56:20,224   INFO  cfg.MODEL.DENSE_HEAD.TARGET_ASSIGNER_CONFIG.SAMPLE_SIZE: 512
2026-06-19 22:56:20,224   INFO  cfg.MODEL.DENSE_HEAD.TARGET_ASSIGNER_CONFIG.NORM_BY_NUM_EXAMPLES: False
2026-06-19 22:56:20,224   INFO  cfg.MODEL.DENSE_HEAD.TARGET_ASSIGNER_CONFIG.MATCH_HEIGHT: False
2026-06-19 22:56:20,224   INFO  cfg.MODEL.DENSE_HEAD.TARGET_ASSIGNER_CONFIG.BOX_CODER: ResidualCoder
2026-06-19 22:56:20,225   INFO  ----------- LOSS_CONFIG -----------
2026-06-19 22:56:20,225   INFO  ----------- LOSS_WEIGHTS -----------
2026-06-19 22:56:20,225   INFO  cfg.MODEL.DENSE_HEAD.LOSS_CONFIG.LOSS_WEIGHTS.cls_weight: 1.0
2026-06-19 22:56:20,225   INFO  cfg.MODEL.DENSE_HEAD.LOSS_CONFIG.LOSS_WEIGHTS.loc_weight: 2.0
2026-06-19 22:56:20,225   INFO  cfg.MODEL.DENSE_HEAD.LOSS_CONFIG.LOSS_WEIGHTS.dir_weight: 0.2
2026-06-19 22:56:20,225   INFO  cfg.MODEL.DENSE_HEAD.LOSS_CONFIG.LOSS_WEIGHTS.code_weights: [1.0, 1.0, 1.0, 1.0, 1.0, 1.0, 1.0]
2026-06-19 22:56:20,225   INFO  ----------- POST_PROCESSING -----------
2026-06-19 22:56:20,225   INFO  cfg.MODEL.POST_PROCESSING.RECALL_THRESH_LIST: [0.3, 0.5, 0.7]
2026-06-19 22:56:20,225   INFO  cfg.MODEL.POST_PROCESSING.SCORE_THRESH: 0.1
2026-06-19 22:56:20,225   INFO  cfg.MODEL.POST_PROCESSING.OUTPUT_RAW_SCORE: False
2026-06-19 22:56:20,225   INFO  cfg.MODEL.POST_PROCESSING.EVAL_METRIC: kitti
2026-06-19 22:56:20,225   INFO  ----------- NMS_CONFIG -----------
2026-06-19 22:56:20,225   INFO  cfg.MODEL.POST_PROCESSING.NMS_CONFIG.MULTI_CLASSES_NMS: False
2026-06-19 22:56:20,225   INFO  cfg.MODEL.POST_PROCESSING.NMS_CONFIG.NMS_TYPE: nms_gpu
2026-06-19 22:56:20,225   INFO  cfg.MODEL.POST_PROCESSING.NMS_CONFIG.NMS_THRESH: 0.01
2026-06-19 22:56:20,225   INFO  cfg.MODEL.POST_PROCESSING.NMS_CONFIG.NMS_PRE_MAXSIZE: 4096
2026-06-19 22:56:20,225   INFO  cfg.MODEL.POST_PROCESSING.NMS_CONFIG.NMS_POST_MAXSIZE: 500
2026-06-19 22:56:20,225   INFO  ----------- OPTIMIZATION -----------
2026-06-19 22:56:20,225   INFO  cfg.OPTIMIZATION.BATCH_SIZE_PER_GPU: 4
2026-06-19 22:56:20,225   INFO  cfg.OPTIMIZATION.NUM_EPOCHS: 5
2026-06-19 22:56:20,225   INFO  cfg.OPTIMIZATION.OPTIMIZER: adam_onecycle
2026-06-19 22:56:20,225   INFO  cfg.OPTIMIZATION.LR: 0.0001
2026-06-19 22:56:20,225   INFO  cfg.OPTIMIZATION.WEIGHT_DECAY: 0.01
2026-06-19 22:56:20,226   INFO  cfg.OPTIMIZATION.MOMENTUM: 0.9
2026-06-19 22:56:20,226   INFO  cfg.OPTIMIZATION.MOMS: [0.95, 0.85]
2026-06-19 22:56:20,226   INFO  cfg.OPTIMIZATION.PCT_START: 0.4
2026-06-19 22:56:20,226   INFO  cfg.OPTIMIZATION.DIV_FACTOR: 10
2026-06-19 22:56:20,226   INFO  cfg.OPTIMIZATION.DECAY_STEP_LIST: [35, 45]
2026-06-19 22:56:20,226   INFO  cfg.OPTIMIZATION.LR_DECAY: 0.1
2026-06-19 22:56:20,226   INFO  cfg.OPTIMIZATION.LR_CLIP: 1e-07
2026-06-19 22:56:20,226   INFO  cfg.OPTIMIZATION.LR_WARMUP: False
2026-06-19 22:56:20,226   INFO  cfg.OPTIMIZATION.WARMUP_EPOCH: 1
2026-06-19 22:56:20,226   INFO  cfg.OPTIMIZATION.GRAD_NORM_CLIP: 10
2026-06-19 22:56:20,226   INFO  cfg.TAG: second_hw_qat
2026-06-19 22:56:20,226   INFO  cfg.EXP_GROUP_PATH: kitti_models
2026-06-19 22:56:20,238   INFO  ----------- Create dataloader & network & optimizer -----------
2026-06-19 22:56:20,453   INFO  Database filter by min points Car: 14357 => 13532
2026-06-19 22:56:20,453   INFO  Database filter by min points Pedestrian: 2207 => 2168
2026-06-19 22:56:20,454   INFO  Database filter by min points Cyclist: 734 => 705
2026-06-19 22:56:20,475   INFO  Database filter by difficulty Car: 13532 => 10759
2026-06-19 22:56:20,478   INFO  Database filter by difficulty Pedestrian: 2168 => 2075
2026-06-19 22:56:20,480   INFO  Database filter by difficulty Cyclist: 705 => 581
2026-06-19 22:56:20,485   INFO  Loading KITTI dataset
2026-06-19 22:56:20,664   INFO  Total samples for KITTI dataset: 3712
2026-06-19 22:56:21,004   INFO  ==> Loading parameters from checkpoint ../output/kitti_models/second/default/ckpt/checkpoint_epoch_80.pth to GPU
2026-06-19 22:56:21,282   INFO  ==> Checkpoint trained from version: pcdet+0.6.0+233f849+py3a0d9e7
2026-06-19 22:56:21,288   INFO  Not updated weight backbone_3d._hw_act_scale_input: torch.Size([])
2026-06-19 22:56:21,289   INFO  Not updated weight backbone_3d._hw_act_seen_input: torch.Size([])
2026-06-19 22:56:21,289   INFO  Not updated weight backbone_3d._hw_act_scale_l00_conv_input: torch.Size([])
2026-06-19 22:56:21,289   INFO  Not updated weight backbone_3d._hw_act_seen_l00_conv_input: torch.Size([])
2026-06-19 22:56:21,289   INFO  Not updated weight backbone_3d._hw_act_scale_l01_conv1: torch.Size([])
2026-06-19 22:56:21,289   INFO  Not updated weight backbone_3d._hw_act_seen_l01_conv1: torch.Size([])
2026-06-19 22:56:21,289   INFO  Not updated weight backbone_3d._hw_act_scale_l02_conv2_0: torch.Size([])
2026-06-19 22:56:21,289   INFO  Not updated weight backbone_3d._hw_act_seen_l02_conv2_0: torch.Size([])
2026-06-19 22:56:21,289   INFO  Not updated weight backbone_3d._hw_act_scale_l03_conv2_1: torch.Size([])
2026-06-19 22:56:21,289   INFO  Not updated weight backbone_3d._hw_act_seen_l03_conv2_1: torch.Size([])
2026-06-19 22:56:21,289   INFO  Not updated weight backbone_3d._hw_act_scale_l04_conv2_2: torch.Size([])
2026-06-19 22:56:21,289   INFO  Not updated weight backbone_3d._hw_act_seen_l04_conv2_2: torch.Size([])
2026-06-19 22:56:21,289   INFO  Not updated weight backbone_3d._hw_act_scale_l05_conv3_0: torch.Size([])
2026-06-19 22:56:21,289   INFO  Not updated weight backbone_3d._hw_act_seen_l05_conv3_0: torch.Size([])
2026-06-19 22:56:21,289   INFO  Not updated weight backbone_3d._hw_act_scale_l06_conv3_1: torch.Size([])
2026-06-19 22:56:21,289   INFO  Not updated weight backbone_3d._hw_act_seen_l06_conv3_1: torch.Size([])
2026-06-19 22:56:21,289   INFO  Not updated weight backbone_3d._hw_act_scale_l07_conv3_2: torch.Size([])
2026-06-19 22:56:21,289   INFO  Not updated weight backbone_3d._hw_act_seen_l07_conv3_2: torch.Size([])
2026-06-19 22:56:21,289   INFO  Not updated weight backbone_3d._hw_act_scale_l08_conv4_0: torch.Size([])
2026-06-19 22:56:21,289   INFO  Not updated weight backbone_3d._hw_act_seen_l08_conv4_0: torch.Size([])
2026-06-19 22:56:21,289   INFO  Not updated weight backbone_3d._hw_act_scale_l09_conv4_1: torch.Size([])
2026-06-19 22:56:21,289   INFO  Not updated weight backbone_3d._hw_act_seen_l09_conv4_1: torch.Size([])
2026-06-19 22:56:21,290   INFO  Not updated weight backbone_3d._hw_act_scale_l10_conv4_2: torch.Size([])
2026-06-19 22:56:21,290   INFO  Not updated weight backbone_3d._hw_act_seen_l10_conv4_2: torch.Size([])
2026-06-19 22:56:21,290   INFO  Not updated weight backbone_3d._hw_act_scale_l11_conv_out: torch.Size([])
2026-06-19 22:56:21,290   INFO  Not updated weight backbone_3d._hw_act_seen_l11_conv_out: torch.Size([])
2026-06-19 22:56:21,290   INFO  ==> Done (loaded 163/189)
2026-06-19 22:56:21,292   INFO  HW-QAT backbone setup:
2026-06-19 22:56:21,292   INFO    enabled: True
2026-06-19 22:56:21,292   INFO    activation_quant: signed_symmetric
2026-06-19 22:56:21,292   INFO    weight_quant: per_channel
2026-06-19 22:56:21,292   INFO    observer: max
2026-06-19 22:56:21,292   INFO    observer_momentum: 0.950000
2026-06-19 22:56:21,292   INFO    freeze_observer_epoch metadata: -1
2026-06-19 22:56:21,292   INFO  ----------- Model SECONDNet created, param count: 5325576 -----------
2026-06-19 22:56:21,292   INFO  SECONDNet(
  (vfe): MeanVFE()
  (backbone_3d): VoxelBackBone8x_HWQAT(
    (conv_input): SparseSequential(
      (0): SubMConv3d(4, 16, kernel_size=[3, 3, 3], stride=[1, 1, 1], padding=[1, 1, 1], dilation=[1, 1, 1], output_padding=[0, 0, 0], bias=False, algo=ConvAlgo.MaskImplicitGemm)
      (1): BatchNorm1d(16, eps=0.001, momentum=0.01, affine=True, track_running_stats=True)
      (2): ReLU()
    )
    (conv1): SparseSequential(
      (0): SparseSequential(
        (0): SubMConv3d(16, 16, kernel_size=[3, 3, 3], stride=[1, 1, 1], padding=[0, 0, 0], dilation=[1, 1, 1], output_padding=[0, 0, 0], bias=False, algo=ConvAlgo.MaskImplicitGemm)
        (1): BatchNorm1d(16, eps=0.001, momentum=0.01, affine=True, track_running_stats=True)
        (2): ReLU()
      )
    )
    (conv2): SparseSequential(
      (0): SparseSequential(
        (0): SparseConv3d(16, 32, kernel_size=[3, 3, 3], stride=[2, 2, 2], padding=[1, 1, 1], dilation=[1, 1, 1], output_padding=[0, 0, 0], bias=False, algo=ConvAlgo.MaskImplicitGemm)
        (1): BatchNorm1d(32, eps=0.001, momentum=0.01, affine=True, track_running_stats=True)
        (2): ReLU()
      )
      (1): SparseSequential(
        (0): SubMConv3d(32, 32, kernel_size=[3, 3, 3], stride=[1, 1, 1], padding=[0, 0, 0], dilation=[1, 1, 1], output_padding=[0, 0, 0], bias=False, algo=ConvAlgo.MaskImplicitGemm)
        (1): BatchNorm1d(32, eps=0.001, momentum=0.01, affine=True, track_running_stats=True)
        (2): ReLU()
      )
      (2): SparseSequential(
        (0): SubMConv3d(32, 32, kernel_size=[3, 3, 3], stride=[1, 1, 1], padding=[0, 0, 0], dilation=[1, 1, 1], output_padding=[0, 0, 0], bias=False, algo=ConvAlgo.MaskImplicitGemm)
        (1): BatchNorm1d(32, eps=0.001, momentum=0.01, affine=True, track_running_stats=True)
        (2): ReLU()
      )
    )
    (conv3): SparseSequential(
      (0): SparseSequential(
        (0): SparseConv3d(32, 64, kernel_size=[3, 3, 3], stride=[2, 2, 2], padding=[1, 1, 1], dilation=[1, 1, 1], output_padding=[0, 0, 0], bias=False, algo=ConvAlgo.MaskImplicitGemm)
        (1): BatchNorm1d(64, eps=0.001, momentum=0.01, affine=True, track_running_stats=True)
        (2): ReLU()
      )
      (1): SparseSequential(
        (0): SubMConv3d(64, 64, kernel_size=[3, 3, 3], stride=[1, 1, 1], padding=[0, 0, 0], dilation=[1, 1, 1], output_padding=[0, 0, 0], bias=False, algo=ConvAlgo.MaskImplicitGemm)
        (1): BatchNorm1d(64, eps=0.001, momentum=0.01, affine=True, track_running_stats=True)
        (2): ReLU()
      )
      (2): SparseSequential(
        (0): SubMConv3d(64, 64, kernel_size=[3, 3, 3], stride=[1, 1, 1], padding=[0, 0, 0], dilation=[1, 1, 1], output_padding=[0, 0, 0], bias=False, algo=ConvAlgo.MaskImplicitGemm)
        (1): BatchNorm1d(64, eps=0.001, momentum=0.01, affine=True, track_running_stats=True)
        (2): ReLU()
      )
    )
    (conv4): SparseSequential(
      (0): SparseSequential(
        (0): SparseConv3d(64, 64, kernel_size=[3, 3, 3], stride=[2, 2, 2], padding=[0, 1, 1], dilation=[1, 1, 1], output_padding=[0, 0, 0], bias=False, algo=ConvAlgo.MaskImplicitGemm)
        (1): BatchNorm1d(64, eps=0.001, momentum=0.01, affine=True, track_running_stats=True)
        (2): ReLU()
      )
      (1): SparseSequential(
        (0): SubMConv3d(64, 64, kernel_size=[3, 3, 3], stride=[1, 1, 1], padding=[0, 0, 0], dilation=[1, 1, 1], output_padding=[0, 0, 0], bias=False, algo=ConvAlgo.MaskImplicitGemm)
        (1): BatchNorm1d(64, eps=0.001, momentum=0.01, affine=True, track_running_stats=True)
        (2): ReLU()
      )
      (2): SparseSequential(
        (0): SubMConv3d(64, 64, kernel_size=[3, 3, 3], stride=[1, 1, 1], padding=[0, 0, 0], dilation=[1, 1, 1], output_padding=[0, 0, 0], bias=False, algo=ConvAlgo.MaskImplicitGemm)
        (1): BatchNorm1d(64, eps=0.001, momentum=0.01, affine=True, track_running_stats=True)
        (2): ReLU()
      )
    )
    (conv_out): SparseSequential(
      (0): SparseConv3d(64, 128, kernel_size=[3, 1, 1], stride=[2, 1, 1], padding=[0, 0, 0], dilation=[1, 1, 1], output_padding=[0, 0, 0], bias=False, algo=ConvAlgo.MaskImplicitGemm)
      (1): BatchNorm1d(128, eps=0.001, momentum=0.01, affine=True, track_running_stats=True)
      (2): ReLU()
    )
  )
  (map_to_bev_module): HeightCompression()
  (pfe): None
  (backbone_2d): BaseBEVBackbone(
    (blocks): ModuleList(
      (0): Sequential(
        (0): ZeroPad2d((1, 1, 1, 1))
        (1): Conv2d(256, 128, kernel_size=(3, 3), stride=(1, 1), bias=False)
        (2): BatchNorm2d(128, eps=0.001, momentum=0.01, affine=True, track_running_stats=True)
        (3): ReLU()
        (4): Conv2d(128, 128, kernel_size=(3, 3), stride=(1, 1), padding=(1, 1), bias=False)
        (5): BatchNorm2d(128, eps=0.001, momentum=0.01, affine=True, track_running_stats=True)
        (6): ReLU()
        (7): Conv2d(128, 128, kernel_size=(3, 3), stride=(1, 1), padding=(1, 1), bias=False)
        (8): BatchNorm2d(128, eps=0.001, momentum=0.01, affine=True, track_running_stats=True)
        (9): ReLU()
        (10): Conv2d(128, 128, kernel_size=(3, 3), stride=(1, 1), padding=(1, 1), bias=False)
        (11): BatchNorm2d(128, eps=0.001, momentum=0.01, affine=True, track_running_stats=True)
        (12): ReLU()
        (13): Conv2d(128, 128, kernel_size=(3, 3), stride=(1, 1), padding=(1, 1), bias=False)
        (14): BatchNorm2d(128, eps=0.001, momentum=0.01, affine=True, track_running_stats=True)
        (15): ReLU()
        (16): Conv2d(128, 128, kernel_size=(3, 3), stride=(1, 1), padding=(1, 1), bias=False)
        (17): BatchNorm2d(128, eps=0.001, momentum=0.01, affine=True, track_running_stats=True)
        (18): ReLU()
      )
      (1): Sequential(
        (0): ZeroPad2d((1, 1, 1, 1))
        (1): Conv2d(128, 256, kernel_size=(3, 3), stride=(2, 2), bias=False)
        (2): BatchNorm2d(256, eps=0.001, momentum=0.01, affine=True, track_running_stats=True)
        (3): ReLU()
        (4): Conv2d(256, 256, kernel_size=(3, 3), stride=(1, 1), padding=(1, 1), bias=False)
        (5): BatchNorm2d(256, eps=0.001, momentum=0.01, affine=True, track_running_stats=True)
        (6): ReLU()
        (7): Conv2d(256, 256, kernel_size=(3, 3), stride=(1, 1), padding=(1, 1), bias=False)
        (8): BatchNorm2d(256, eps=0.001, momentum=0.01, affine=True, track_running_stats=True)
        (9): ReLU()
        (10): Conv2d(256, 256, kernel_size=(3, 3), stride=(1, 1), padding=(1, 1), bias=False)
        (11): BatchNorm2d(256, eps=0.001, momentum=0.01, affine=True, track_running_stats=True)
        (12): ReLU()
        (13): Conv2d(256, 256, kernel_size=(3, 3), stride=(1, 1), padding=(1, 1), bias=False)
        (14): BatchNorm2d(256, eps=0.001, momentum=0.01, affine=True, track_running_stats=True)
        (15): ReLU()
        (16): Conv2d(256, 256, kernel_size=(3, 3), stride=(1, 1), padding=(1, 1), bias=False)
        (17): BatchNorm2d(256, eps=0.001, momentum=0.01, affine=True, track_running_stats=True)
        (18): ReLU()
      )
    )
    (deblocks): ModuleList(
      (0): Sequential(
        (0): ConvTranspose2d(128, 256, kernel_size=(1, 1), stride=(1, 1), bias=False)
        (1): BatchNorm2d(256, eps=0.001, momentum=0.01, affine=True, track_running_stats=True)
        (2): ReLU()
      )
      (1): Sequential(
        (0): ConvTranspose2d(256, 256, kernel_size=(2, 2), stride=(2, 2), bias=False)
        (1): BatchNorm2d(256, eps=0.001, momentum=0.01, affine=True, track_running_stats=True)
        (2): ReLU()
      )
    )
  )
  (dense_head): AnchorHeadSingle(
    (cls_loss_func): SigmoidFocalClassificationLoss()
    (reg_loss_func): WeightedSmoothL1Loss()
    (dir_loss_func): WeightedCrossEntropyLoss()
    (conv_cls): Conv2d(512, 18, kernel_size=(1, 1), stride=(1, 1))
    (conv_box): Conv2d(512, 42, kernel_size=(1, 1), stride=(1, 1))
    (conv_dir_cls): Conv2d(512, 12, kernel_size=(1, 1), stride=(1, 1))
  )
  (point_head): None
  (roi_head): None
)
2026-06-19 22:56:21,294   INFO  **********************Start HW-QAT training kitti_models/second_hw_qat(hw_qat_10ep)**********************
2026-06-19 22:56:27,983   INFO  Train:    1/10 ( 10%) [   0/928 (  0%)]  Loss: 0.3068 (0.307)  LR: 1.000e-05  Time cost: 00:06/1:41:17 [00:06/16:52:56]  Acc_iter 1           Data time: 0.90(0.90)  Forward time: 5.65(5.65)  Batch time: 6.55(6.55)
2026-06-19 22:56:36,879   INFO  Train:    1/10 ( 10%) [  49/928 (  5%)]  Loss: 0.3376 (0.315)  LR: 1.004e-05  Time cost: 00:15/04:31 [00:15/47:31]  Acc_iter 50          Data time: 0.00(0.02)  Forward time: 0.17(0.29)  Batch time: 0.18(0.31)
2026-06-19 22:56:46,053   INFO  Train:    1/10 ( 10%) [  99/928 ( 11%)]  Loss: 0.2808 (0.307)  LR: 1.016e-05  Time cost: 00:24/03:24 [00:24/37:40]  Acc_iter 100         Data time: 0.00(0.01)  Forward time: 0.19(0.23)  Batch time: 0.19(0.25)
2026-06-19 22:56:55,147   INFO  Train:    1/10 ( 10%) [ 149/928 ( 16%)]  Loss: 0.3001 (0.304)  LR: 1.036e-05  Time cost: 00:33/02:55 [00:33/34:12]  Acc_iter 150         Data time: 0.00(0.01)  Forward time: 0.17(0.22)  Batch time: 0.18(0.22)
2026-06-19 22:56:55,616   INFO  ubuntu22                    Fri Jun 19 22:56:55 2026  550.78
[0] NVIDIA GeForce RTX 3090 | 57°C,   0 % |  4989 / 24576 MB | vipuser(4974M) root(4M)

2026-06-19 22:57:04,834   INFO  Train:    1/10 ( 10%) [ 199/928 ( 21%)]  Loss: 0.3114 (0.301)  LR: 1.064e-05  Time cost: 00:43/02:38 [00:43/32:50]  Acc_iter 200         Data time: 0.00(0.01)  Forward time: 0.17(0.21)  Batch time: 0.18(0.22)
2026-06-19 22:57:13,975   INFO  Train:    1/10 ( 10%) [ 249/928 ( 27%)]  Loss: 0.2293 (0.299)  LR: 1.100e-05  Time cost: 00:52/02:22 [00:52/31:37]  Acc_iter 250         Data time: 0.00(0.01)  Forward time: 0.19(0.20)  Batch time: 0.19(0.21)
2026-06-19 22:57:23,093   INFO  Train:    1/10 ( 10%) [ 299/928 ( 32%)]  Loss: 0.3213 (0.300)  LR: 1.143e-05  Time cost: 01:01/02:09 [01:01/30:45]  Acc_iter 300         Data time: 0.00(0.01)  Forward time: 0.19(0.20)  Batch time: 0.19(0.21)
2026-06-19 22:57:23,468   INFO  ubuntu22                    Fri Jun 19 22:57:23 2026  550.78
[0] NVIDIA GeForce RTX 3090 | 62°C,  58 % |  4989 / 24576 MB | vipuser(4974M) root(4M)

2026-06-19 22:57:32,641   INFO  Train:    1/10 ( 10%) [ 349/928 ( 38%)]  Loss: 0.3412 (0.299)  LR: 1.195e-05  Time cost: 01:11/01:57 [01:11/30:16]  Acc_iter 350         Data time: 0.00(0.01)  Forward time: 0.17(0.20)  Batch time: 0.18(0.20)
2026-06-19 22:57:41,753   INFO  Train:    1/10 ( 10%) [ 399/928 ( 43%)]  Loss: 0.2947 (0.299)  LR: 1.254e-05  Time cost: 01:20/01:46 [01:20/29:43]  Acc_iter 400         Data time: 0.00(0.01)  Forward time: 0.17(0.19)  Batch time: 0.18(0.20)
2026-06-19 22:57:51,061   INFO  Train:    1/10 ( 10%) [ 449/928 ( 48%)]  Loss: 0.2667 (0.297)  LR: 1.321e-05  Time cost: 01:29/01:35 [01:29/29:18]  Acc_iter 450         Data time: 0.00(0.01)  Forward time: 0.17(0.19)  Batch time: 0.17(0.20)
2026-06-19 22:57:51,432   INFO  ubuntu22                    Fri Jun 19 22:57:51 2026  550.78
[0] NVIDIA GeForce RTX 3090 | 65°C,  52 % |  4989 / 24576 MB | vipuser(4974M) root(4M)

2026-06-19 22:58:00,645   INFO  Train:    1/10 ( 10%) [ 499/928 ( 54%)]  Loss: 0.2542 (0.295)  LR: 1.395e-05  Time cost: 01:39/01:25 [01:39/29:02]  Acc_iter 500         Data time: 0.00(0.01)  Forward time: 0.19(0.19)  Batch time: 0.19(0.20)
2026-06-19 22:58:09,832   INFO  Train:    1/10 ( 10%) [ 549/928 ( 59%)]  Loss: 0.2276 (0.294)  LR: 1.477e-05  Time cost: 01:48/01:14 [01:48/28:40]  Acc_iter 550         Data time: 0.00(0.01)  Forward time: 0.18(0.19)  Batch time: 0.18(0.20)
2026-06-19 22:58:19,037   INFO  Train:    1/10 ( 10%) [ 599/928 ( 65%)]  Loss: 0.2135 (0.294)  LR: 1.566e-05  Time cost: 01:57/01:04 [01:57/28:21]  Acc_iter 600         Data time: 0.00(0.01)  Forward time: 0.18(0.19)  Batch time: 0.18(0.20)
2026-06-19 22:58:19,389   INFO  ubuntu22                    Fri Jun 19 22:58:19 2026  550.78
[0] NVIDIA GeForce RTX 3090 | 68°C,  42 % |  4989 / 24576 MB | vipuser(4974M) root(4M)

2026-06-19 22:58:28,709   INFO  Train:    1/10 ( 10%) [ 649/928 ( 70%)]  Loss: 0.2871 (0.294)  LR: 1.662e-05  Time cost: 02:07/00:54 [02:07/28:10]  Acc_iter 650         Data time: 0.00(0.01)  Forward time: 0.17(0.19)  Batch time: 0.17(0.20)
2026-06-19 22:58:37,787   INFO  Train:    1/10 ( 10%) [ 699/928 ( 75%)]  Loss: 0.2628 (0.293)  LR: 1.765e-05  Time cost: 02:16/00:44 [02:16/27:51]  Acc_iter 700         Data time: 0.00(0.01)  Forward time: 0.18(0.19)  Batch time: 0.18(0.19)
2026-06-19 22:58:46,991   INFO  Train:    1/10 ( 10%) [ 749/928 ( 81%)]  Loss: 0.3149 (0.293)  LR: 1.874e-05  Time cost: 02:25/00:34 [02:25/27:35]  Acc_iter 750         Data time: 0.00(0.01)  Forward time: 0.18(0.19)  Batch time: 0.18(0.19)
2026-06-19 22:58:47,346   INFO  ubuntu22                    Fri Jun 19 22:58:47 2026  550.78
[0] NVIDIA GeForce RTX 3090 | 69°C,  38 % |  4989 / 24576 MB | vipuser(4974M) root(4M)

2026-06-19 22:58:56,655   INFO  Train:    1/10 ( 10%) [ 799/928 ( 86%)]  Loss: 0.2110 (0.292)  LR: 1.990e-05  Time cost: 02:35/00:25 [02:35/27:25]  Acc_iter 800         Data time: 0.00(0.01)  Forward time: 0.18(0.19)  Batch time: 0.19(0.19)
2026-06-19 22:59:05,852   INFO  Train:    1/10 ( 10%) [ 849/928 ( 91%)]  Loss: 0.2565 (0.292)  LR: 2.113e-05  Time cost: 02:44/00:15 [02:44/27:10]  Acc_iter 850         Data time: 0.00(0.01)  Forward time: 0.19(0.19)  Batch time: 0.20(0.19)
2026-06-19 22:59:15,173   INFO  Train:    1/10 ( 10%) [ 899/928 ( 97%)]  Loss: 0.2592 (0.291)  LR: 2.241e-05  Time cost: 02:53/00:05 [02:53/26:57]  Acc_iter 900         Data time: 0.00(0.01)  Forward time: 0.18(0.19)  Batch time: 0.18(0.19)
2026-06-19 22:59:15,533   INFO  ubuntu22                    Fri Jun 19 22:59:15 2026  550.78
[0] NVIDIA GeForce RTX 3090 | 70°C,  34 % |  4989 / 24576 MB | vipuser(4974M) root(4M)

2026-06-19 22:59:20,756   INFO  Train:    1/10 ( 10%) [ 927/928 (100%)]  Loss: 0.2498 (0.290)  LR: 2.315e-05  Time cost: 02:59/00:00 [02:59/26:54]  Acc_iter 928         Data time: 0.00(0.01)  Forward time: 0.18(0.19)  Batch time: 0.18(0.19)
2026-06-19 22:59:22,026   INFO  Train:    2/10 ( 20%) [   0/928 (  0%)]  Loss: 0.3160 (0.316)  LR: 2.318e-05  Time cost: 00:00/15:22 [03:00/2:18:24]  Acc_iter 929         Data time: 0.76(0.76)  Forward time: 0.24(0.24)  Batch time: 0.99(0.99)
2026-06-19 22:59:25,900   INFO  Train:    2/10 ( 20%) [  21/928 (  2%)]  Loss: 0.3227 (0.283)  LR: 2.375e-05  Time cost: 00:04/03:20 [03:04/30:43]  Acc_iter 950         Data time: 0.00(0.04)  Forward time: 0.18(0.18)  Batch time: 0.18(0.22)
2026-06-19 22:59:35,015   INFO  Train:    2/10 ( 20%) [  71/928 (  8%)]  Loss: 0.2800 (0.276)  LR: 2.515e-05  Time cost: 00:13/02:46 [03:13/26:48]  Acc_iter 1000        Data time: 0.00(0.01)  Forward time: 0.17(0.18)  Batch time: 0.18(0.19)
2026-06-19 22:59:44,208   INFO  Train:    2/10 ( 20%) [ 121/928 ( 13%)]  Loss: 0.2904 (0.280)  LR: 2.660e-05  Time cost: 00:23/02:33 [03:22/26:03]  Acc_iter 1050        Data time: 0.00(0.01)  Forward time: 0.18(0.18)  Batch time: 0.18(0.19)
2026-06-19 22:59:44,562   INFO  ubuntu22                    Fri Jun 19 22:59:44 2026  550.78
[0] NVIDIA GeForce RTX 3090 | 70°C,  43 % |  4989 / 24576 MB | vipuser(4974M) root(4M)

2026-06-19 22:59:53,823   INFO  Train:    2/10 ( 20%) [ 171/928 ( 18%)]  Loss: 0.2709 (0.279)  LR: 2.810e-05  Time cost: 00:32/02:24 [03:32/25:59]  Acc_iter 1100        Data time: 0.00(0.01)  Forward time: 0.20(0.18)  Batch time: 0.20(0.19)
2026-06-19 23:00:03,146   INFO  Train:    2/10 ( 20%) [ 221/928 ( 24%)]  Loss: 0.2335 (0.277)  LR: 2.965e-05  Time cost: 00:42/02:14 [03:41/25:42]  Acc_iter 1150        Data time: 0.00(0.01)  Forward time: 0.18(0.18)  Batch time: 0.18(0.19)
2026-06-19 23:00:12,398   INFO  Train:    2/10 ( 20%) [ 271/928 ( 29%)]  Loss: 0.2904 (0.276)  LR: 3.125e-05  Time cost: 00:51/02:04 [03:51/25:26]  Acc_iter 1200        Data time: 0.00(0.01)  Forward time: 0.18(0.18)  Batch time: 0.18(0.19)
2026-06-19 23:00:12,762   INFO  ubuntu22                    Fri Jun 19 23:00:12 2026  550.78
[0] NVIDIA GeForce RTX 3090 | 71°C,  43 % |  4989 / 24576 MB | vipuser(4974M) root(4M)

2026-06-19 23:00:22,035   INFO  Train:    2/10 ( 20%) [ 321/928 ( 35%)]  Loss: 0.2688 (0.276)  LR: 3.289e-05  Time cost: 01:01/01:54 [04:00/25:21]  Acc_iter 1250        Data time: 0.00(0.01)  Forward time: 0.18(0.18)  Batch time: 0.18(0.19)
2026-06-19 23:00:31,235   INFO  Train:    2/10 ( 20%) [ 371/928 ( 40%)]  Loss: 0.2808 (0.277)  LR: 3.456e-05  Time cost: 01:10/01:45 [04:09/25:06]  Acc_iter 1300        Data time: 0.00(0.01)  Forward time: 0.18(0.18)  Batch time: 0.18(0.19)
2026-06-19 23:00:40,445   INFO  Train:    2/10 ( 20%) [ 421/928 ( 45%)]  Loss: 0.2628 (0.276)  LR: 3.628e-05  Time cost: 01:19/01:35 [04:19/24:52]  Acc_iter 1350        Data time: 0.00(0.01)  Forward time: 0.18(0.18)  Batch time: 0.19(0.19)
2026-06-19 23:00:40,802   INFO  ubuntu22                    Fri Jun 19 23:00:40 2026  550.78
[0] NVIDIA GeForce RTX 3090 | 71°C,  63 % |  4989 / 24576 MB | vipuser(4974M) root(4M)

2026-06-19 23:00:50,167   INFO  Train:    2/10 ( 20%) [ 471/928 ( 51%)]  Loss: 0.2665 (0.275)  LR: 3.803e-05  Time cost: 01:29/01:26 [04:28/24:48]  Acc_iter 1400        Data time: 0.00(0.01)  Forward time: 0.20(0.18)  Batch time: 0.20(0.19)
2026-06-19 23:00:59,445   INFO  Train:    2/10 ( 20%) [ 521/928 ( 56%)]  Loss: 0.2790 (0.275)  LR: 3.980e-05  Time cost: 01:38/01:16 [04:38/24:36]  Acc_iter 1450        Data time: 0.00(0.01)  Forward time: 0.17(0.18)  Batch time: 0.18(0.19)
2026-06-19 23:01:08,701   INFO  Train:    2/10 ( 20%) [ 571/928 ( 62%)]  Loss: 0.2880 (0.274)  LR: 4.161e-05  Time cost: 01:47/01:07 [04:47/24:24]  Acc_iter 1500        Data time: 0.00(0.01)  Forward time: 0.18(0.18)  Batch time: 0.18(0.19)
2026-06-19 23:01:09,069   INFO  ubuntu22                    Fri Jun 19 23:01:09 2026  550.78
[0] NVIDIA GeForce RTX 3090 | 71°C,  17 % |  4989 / 24576 MB | vipuser(4974M) root(4M)

2026-06-19 23:01:18,393   INFO  Train:    2/10 ( 20%) [ 621/928 ( 67%)]  Loss: 0.2713 (0.274)  LR: 4.344e-05  Time cost: 01:57/00:57 [04:57/24:18]  Acc_iter 1550        Data time: 0.00(0.01)  Forward time: 0.18(0.18)  Batch time: 0.18(0.19)
2026-06-19 23:01:27,621   INFO  Train:    2/10 ( 20%) [ 671/928 ( 72%)]  Loss: 0.2649 (0.274)  LR: 4.529e-05  Time cost: 02:06/00:48 [05:06/24:06]  Acc_iter 1600        Data time: 0.00(0.01)  Forward time: 0.18(0.18)  Batch time: 0.18(0.19)
2026-06-19 23:01:36,817   INFO  Train:    2/10 ( 20%) [ 721/928 ( 78%)]  Loss: 0.2283 (0.274)  LR: 4.716e-05  Time cost: 02:15/00:38 [05:15/23:55]  Acc_iter 1650        Data time: 0.00(0.01)  Forward time: 0.18(0.18)  Batch time: 0.18(0.19)
2026-06-19 23:01:37,169   INFO  ubuntu22                    Fri Jun 19 23:01:37 2026  550.78
[0] NVIDIA GeForce RTX 3090 | 71°C,  61 % |  4989 / 24576 MB | vipuser(4974M) root(4M)

2026-06-19 23:01:46,415   INFO  Train:    2/10 ( 20%) [ 771/928 ( 83%)]  Loss: 0.1968 (0.274)  LR: 4.904e-05  Time cost: 02:25/00:29 [05:25/23:47]  Acc_iter 1700        Data time: 0.00(0.01)  Forward time: 0.18(0.18)  Batch time: 0.18(0.19)
2026-06-19 23:01:55,735   INFO  Train:    2/10 ( 20%) [ 821/928 ( 88%)]  Loss: 0.2136 (0.274)  LR: 5.093e-05  Time cost: 02:34/00:20 [05:34/23:37]  Acc_iter 1750        Data time: 0.00(0.01)  Forward time: 0.18(0.18)  Batch time: 0.19(0.19)
2026-06-19 23:02:05,171   INFO  Train:    2/10 ( 20%) [ 871/928 ( 94%)]  Loss: 0.2700 (0.274)  LR: 5.283e-05  Time cost: 02:44/00:10 [05:43/23:28]  Acc_iter 1800        Data time: 0.00(0.01)  Forward time: 0.18(0.18)  Batch time: 0.18(0.19)
2026-06-19 23:02:05,526   INFO  ubuntu22                    Fri Jun 19 23:02:05 2026  550.78
[0] NVIDIA GeForce RTX 3090 | 71°C,  46 % |  4989 / 24576 MB | vipuser(4974M) root(4M)

2026-06-19 23:02:14,891   INFO  Train:    2/10 ( 20%) [ 921/928 ( 99%)]  Loss: 0.2931 (0.273)  LR: 5.473e-05  Time cost: 02:53/00:01 [05:53/23:21]  Acc_iter 1850        Data time: 0.00(0.01)  Forward time: 0.19(0.18)  Batch time: 0.20(0.19)
2026-06-19 23:02:15,972   INFO  Train:    2/10 ( 20%) [ 927/928 (100%)]  Loss: 0.2665 (0.273)  LR: 5.496e-05  Time cost: 02:54/00:00 [05:54/23:19]  Acc_iter 1856        Data time: 0.00(0.01)  Forward time: 0.18(0.18)  Batch time: 0.18(0.19)
2026-06-19 23:02:17,279   INFO  Train:    3/10 ( 30%) [   0/928 (  0%)]  Loss: 0.2864 (0.286)  LR: 5.500e-05  Time cost: 00:01/15:44 [05:55/2:05:58]  Acc_iter 1857        Data time: 0.77(0.77)  Forward time: 0.25(0.25)  Batch time: 1.02(1.02)
2026-06-19 23:02:25,207   INFO  Train:    3/10 ( 30%) [  43/928 (  5%)]  Loss: 0.2144 (0.267)  LR: 5.664e-05  Time cost: 00:08/02:59 [06:03/25:00]  Acc_iter 1900        Data time: 0.00(0.02)  Forward time: 0.18(0.18)  Batch time: 0.19(0.20)
2026-06-19 23:02:34,449   INFO  Train:    3/10 ( 30%) [  93/928 ( 10%)]  Loss: 0.2680 (0.270)  LR: 5.854e-05  Time cost: 00:18/02:41 [06:13/23:38]  Acc_iter 1950        Data time: 0.00(0.01)  Forward time: 0.19(0.18)  Batch time: 0.19(0.19)
2026-06-19 23:02:34,803   INFO  ubuntu22                    Fri Jun 19 23:02:34 2026  550.78
[0] NVIDIA GeForce RTX 3090 | 70°C,   0 % |  4989 / 24576 MB | vipuser(4974M) root(4M)

2026-06-19 23:02:43,956   INFO  Train:    3/10 ( 30%) [ 143/928 ( 15%)]  Loss: 0.2223 (0.268)  LR: 6.043e-05  Time cost: 00:27/02:30 [06:22/23:20]  Acc_iter 2000        Data time: 0.00(0.01)  Forward time: 0.18(0.18)  Batch time: 0.19(0.19)
2026-06-19 23:02:53,151   INFO  Train:    3/10 ( 30%) [ 193/928 ( 21%)]  Loss: 0.3232 (0.269)  LR: 6.232e-05  Time cost: 00:36/02:19 [06:31/22:55]  Acc_iter 2050        Data time: 0.00(0.01)  Forward time: 0.18(0.18)  Batch time: 0.18(0.19)
2026-06-19 23:03:02,409   INFO  Train:    3/10 ( 30%) [ 243/928 ( 26%)]  Loss: 0.2417 (0.266)  LR: 6.419e-05  Time cost: 00:46/02:09 [06:41/22:38]  Acc_iter 2100        Data time: 0.00(0.01)  Forward time: 0.20(0.18)  Batch time: 0.21(0.19)
2026-06-19 23:03:02,782   INFO  ubuntu22                    Fri Jun 19 23:03:02 2026  550.78
[0] NVIDIA GeForce RTX 3090 | 71°C,   0 % |  4989 / 24576 MB | vipuser(4974M) root(4M)

2026-06-19 23:03:11,993   INFO  Train:    3/10 ( 30%) [ 293/928 ( 32%)]  Loss: 0.3326 (0.267)  LR: 6.604e-05  Time cost: 00:55/02:00 [06:50/22:31]  Acc_iter 2150        Data time: 0.00(0.01)  Forward time: 0.18(0.18)  Batch time: 0.18(0.19)
2026-06-19 23:03:21,300   INFO  Train:    3/10 ( 30%) [ 343/928 ( 37%)]  Loss: 0.2052 (0.267)  LR: 6.788e-05  Time cost: 01:05/01:50 [07:00/22:18]  Acc_iter 2200        Data time: 0.00(0.01)  Forward time: 0.18(0.18)  Batch time: 0.18(0.19)
2026-06-19 23:03:30,427   INFO  Train:    3/10 ( 30%) [ 393/928 ( 42%)]  Loss: 0.2949 (0.267)  LR: 6.969e-05  Time cost: 01:14/01:40 [07:09/22:03]  Acc_iter 2250        Data time: 0.00(0.01)  Forward time: 0.18(0.18)  Batch time: 0.18(0.19)
2026-06-19 23:03:30,781   INFO  ubuntu22                    Fri Jun 19 23:03:30 2026  550.78
[0] NVIDIA GeForce RTX 3090 | 71°C,   2 % |  4989 / 24576 MB | vipuser(4974M) root(4M)

2026-06-19 23:03:40,132   INFO  Train:    3/10 ( 30%) [ 443/928 ( 48%)]  Loss: 0.2266 (0.267)  LR: 7.148e-05  Time cost: 01:23/01:31 [07:18/21:58]  Acc_iter 2300        Data time: 0.00(0.01)  Forward time: 0.18(0.18)  Batch time: 0.18(0.19)
2026-06-19 23:03:49,346   INFO  Train:    3/10 ( 30%) [ 493/928 ( 53%)]  Loss: 0.2473 (0.267)  LR: 7.324e-05  Time cost: 01:33/01:21 [07:28/21:46]  Acc_iter 2350        Data time: 0.00(0.01)  Forward time: 0.18(0.18)  Batch time: 0.18(0.19)
2026-06-19 23:03:58,667   INFO  Train:    3/10 ( 30%) [ 543/928 ( 59%)]  Loss: 0.3282 (0.267)  LR: 7.496e-05  Time cost: 01:42/01:12 [07:37/21:35]  Acc_iter 2400        Data time: 0.00(0.01)  Forward time: 0.19(0.18)  Batch time: 0.19(0.19)
2026-06-19 23:03:59,021   INFO  ubuntu22                    Fri Jun 19 23:03:58 2026  550.78
[0] NVIDIA GeForce RTX 3090 | 71°C,  22 % |  4989 / 24576 MB | vipuser(4974M) root(4M)

2026-06-19 23:04:08,444   INFO  Train:    3/10 ( 30%) [ 593/928 ( 64%)]  Loss: 0.2468 (0.267)  LR: 7.665e-05  Time cost: 01:52/01:03 [07:47/21:30]  Acc_iter 2450        Data time: 0.00(0.01)  Forward time: 0.20(0.18)  Batch time: 0.21(0.19)
2026-06-19 23:04:17,759   INFO  Train:    3/10 ( 30%) [ 643/928 ( 69%)]  Loss: 0.2568 (0.267)  LR: 7.830e-05  Time cost: 02:01/00:53 [07:56/21:19]  Acc_iter 2500        Data time: 0.00(0.01)  Forward time: 0.18(0.18)  Batch time: 0.18(0.19)
2026-06-19 23:04:27,053   INFO  Train:    3/10 ( 30%) [ 693/928 ( 75%)]  Loss: 0.3355 (0.267)  LR: 7.991e-05  Time cost: 02:10/00:44 [08:05/21:08]  Acc_iter 2550        Data time: 0.00(0.01)  Forward time: 0.19(0.18)  Batch time: 0.19(0.19)
2026-06-19 23:04:27,408   INFO  ubuntu22                    Fri Jun 19 23:04:27 2026  550.78
[0] NVIDIA GeForce RTX 3090 | 71°C,  25 % |  4989 / 24576 MB | vipuser(4974M) root(4M)

2026-06-19 23:04:36,653   INFO  Train:    3/10 ( 30%) [ 743/928 ( 80%)]  Loss: 0.3095 (0.267)  LR: 8.147e-05  Time cost: 02:20/00:34 [08:15/21:00]  Acc_iter 2600        Data time: 0.00(0.01)  Forward time: 0.18(0.18)  Batch time: 0.18(0.19)
2026-06-19 23:04:45,840   INFO  Train:    3/10 ( 30%) [ 793/928 ( 85%)]  Loss: 0.2538 (0.266)  LR: 8.298e-05  Time cost: 02:29/00:25 [08:24/20:49]  Acc_iter 2650        Data time: 0.00(0.01)  Forward time: 0.18(0.18)  Batch time: 0.19(0.19)
2026-06-19 23:04:55,126   INFO  Train:    3/10 ( 30%) [ 843/928 ( 91%)]  Loss: 0.2742 (0.266)  LR: 8.445e-05  Time cost: 02:38/00:15 [08:33/20:38]  Acc_iter 2700        Data time: 0.00(0.01)  Forward time: 0.18(0.18)  Batch time: 0.18(0.19)
2026-06-19 23:04:55,508   INFO  ubuntu22                    Fri Jun 19 23:04:55 2026  550.78
[0] NVIDIA GeForce RTX 3090 | 70°C,  51 % |  4991 / 24576 MB | vipuser(4976M) root(4M)

2026-06-19 23:05:04,903   INFO  Train:    3/10 ( 30%) [ 893/928 ( 96%)]  Loss: 0.2938 (0.266)  LR: 8.586e-05  Time cost: 02:48/00:06 [08:43/20:31]  Acc_iter 2750        Data time: 0.00(0.01)  Forward time: 0.18(0.18)  Batch time: 0.19(0.19)
2026-06-19 23:05:11,162   INFO  Train:    3/10 ( 30%) [ 927/928 (100%)]  Loss: 0.2526 (0.266)  LR: 8.679e-05  Time cost: 02:54/00:00 [08:49/20:24]  Acc_iter 2784        Data time: 0.00(0.01)  Forward time: 0.18(0.18)  Batch time: 0.18(0.19)
2026-06-19 23:05:12,427   INFO  Train:    4/10 ( 40%) [   0/928 (  0%)]  Loss: 0.2274 (0.227)  LR: 8.682e-05  Time cost: 00:00/15:10 [08:51/1:46:14]  Acc_iter 2785        Data time: 0.64(0.64)  Forward time: 0.34(0.34)  Batch time: 0.98(0.98)
2026-06-19 23:05:15,257   INFO  Train:    4/10 ( 40%) [  15/928 (  2%)]  Loss: 0.2663 (0.252)  LR: 8.722e-05  Time cost: 00:03/03:37 [08:53/25:44]  Acc_iter 2800        Data time: 0.00(0.04)  Forward time: 0.19(0.19)  Batch time: 0.19(0.24)
2026-06-19 23:05:24,573   INFO  Train:    4/10 ( 40%) [  65/928 (  7%)]  Loss: 0.2679 (0.252)  LR: 8.852e-05  Time cost: 00:13/02:51 [09:03/21:19]  Acc_iter 2850        Data time: 0.00(0.01)  Forward time: 0.19(0.19)  Batch time: 0.19(0.20)
2026-06-19 23:05:24,930   INFO  ubuntu22                    Fri Jun 19 23:05:24 2026  550.78
[0] NVIDIA GeForce RTX 3090 | 70°C,   0 % |  4991 / 24576 MB | vipuser(4976M) root(4M)

2026-06-19 23:05:34,334   INFO  Train:    4/10 ( 40%) [ 115/928 ( 12%)]  Loss: 0.2327 (0.251)  LR: 8.976e-05  Time cost: 00:22/02:40 [09:13/20:59]  Acc_iter 2900        Data time: 0.00(0.01)  Forward time: 0.20(0.19)  Batch time: 0.20(0.20)
2026-06-19 23:05:43,570   INFO  Train:    4/10 ( 40%) [ 165/928 ( 18%)]  Loss: 0.2639 (0.252)  LR: 9.094e-05  Time cost: 00:32/02:27 [09:22/20:25]  Acc_iter 2950        Data time: 0.00(0.01)  Forward time: 0.18(0.18)  Batch time: 0.19(0.19)
2026-06-19 23:05:52,815   INFO  Train:    4/10 ( 40%) [ 215/928 ( 23%)]  Loss: 0.2554 (0.254)  LR: 9.205e-05  Time cost: 00:41/02:16 [09:31/20:02]  Acc_iter 3000        Data time: 0.00(0.01)  Forward time: 0.19(0.18)  Batch time: 0.19(0.19)
2026-06-19 23:05:53,195   INFO  ubuntu22                    Fri Jun 19 23:05:53 2026  550.78
[0] NVIDIA GeForce RTX 3090 | 70°C,  20 % |  4991 / 24576 MB | vipuser(4976M) root(4M)

2026-06-19 23:06:02,463   INFO  Train:    4/10 ( 40%) [ 265/928 ( 29%)]  Loss: 0.2533 (0.255)  LR: 9.310e-05  Time cost: 00:51/02:07 [09:41/19:55]  Acc_iter 3050        Data time: 0.00(0.01)  Forward time: 0.18(0.18)  Batch time: 0.18(0.19)
2026-06-19 23:06:11,696   INFO  Train:    4/10 ( 40%) [ 315/928 ( 34%)]  Loss: 0.2427 (0.254)  LR: 9.408e-05  Time cost: 01:00/01:56 [09:50/19:38]  Acc_iter 3100        Data time: 0.00(0.01)  Forward time: 0.18(0.18)  Batch time: 0.18(0.19)
2026-06-19 23:06:20,864   INFO  Train:    4/10 ( 40%) [ 365/928 ( 39%)]  Loss: 0.2697 (0.254)  LR: 9.499e-05  Time cost: 01:09/01:46 [09:59/19:22]  Acc_iter 3150        Data time: 0.00(0.01)  Forward time: 0.18(0.18)  Batch time: 0.18(0.19)
2026-06-19 23:06:21,225   INFO  ubuntu22                    Fri Jun 19 23:06:21 2026  550.78
[0] NVIDIA GeForce RTX 3090 | 71°C,  41 % |  4991 / 24576 MB | vipuser(4976M) root(4M)

2026-06-19 23:06:30,431   INFO  Train:    4/10 ( 40%) [ 415/928 ( 45%)]  Loss: 0.2342 (0.253)  LR: 9.582e-05  Time cost: 01:18/01:37 [10:09/19:14]  Acc_iter 3200        Data time: 0.00(0.01)  Forward time: 0.18(0.18)  Batch time: 0.18(0.19)
2026-06-19 23:06:39,675   INFO  Train:    4/10 ( 40%) [ 465/928 ( 50%)]  Loss: 0.2024 (0.254)  LR: 9.659e-05  Time cost: 01:28/01:27 [10:18/19:01]  Acc_iter 3250        Data time: 0.00(0.01)  Forward time: 0.18(0.18)  Batch time: 0.18(0.19)
2026-06-19 23:06:49,214   INFO  Train:    4/10 ( 40%) [ 515/928 ( 55%)]  Loss: 0.2454 (0.254)  LR: 9.728e-05  Time cost: 01:37/01:18 [10:27/18:53]  Acc_iter 3300        Data time: 0.00(0.01)  Forward time: 0.19(0.18)  Batch time: 0.20(0.19)
2026-06-19 23:06:49,581   INFO  ubuntu22                    Fri Jun 19 23:06:49 2026  550.78
[0] NVIDIA GeForce RTX 3090 | 71°C,  30 % |  4991 / 24576 MB | vipuser(4976M) root(4M)

2026-06-19 23:06:58,861   INFO  Train:    4/10 ( 40%) [ 565/928 ( 61%)]  Loss: 0.3208 (0.255)  LR: 9.789e-05  Time cost: 01:47/01:08 [10:37/18:45]  Acc_iter 3350        Data time: 0.00(0.01)  Forward time: 0.18(0.18)  Batch time: 0.18(0.19)
2026-06-19 23:07:08,042   INFO  Train:    4/10 ( 40%) [ 615/928 ( 66%)]  Loss: 0.2444 (0.255)  LR: 9.843e-05  Time cost: 01:56/00:59 [10:46/18:33]  Acc_iter 3400        Data time: 0.00(0.01)  Forward time: 0.19(0.18)  Batch time: 0.20(0.19)
2026-06-19 23:07:17,305   INFO  Train:    4/10 ( 40%) [ 665/928 ( 72%)]  Loss: 0.1858 (0.255)  LR: 9.889e-05  Time cost: 02:05/00:49 [10:56/18:21]  Acc_iter 3450        Data time: 0.00(0.01)  Forward time: 0.18(0.18)  Batch time: 0.18(0.19)
2026-06-19 23:07:17,672   INFO  ubuntu22                    Fri Jun 19 23:07:17 2026  550.78
[0] NVIDIA GeForce RTX 3090 | 70°C,  62 % |  4991 / 24576 MB | vipuser(4976M) root(4M)

2026-06-19 23:07:26,906   INFO  Train:    4/10 ( 40%) [ 715/928 ( 77%)]  Loss: 0.2073 (0.255)  LR: 9.927e-05  Time cost: 02:15/00:40 [11:05/18:13]  Acc_iter 3500        Data time: 0.01(0.01)  Forward time: 0.18(0.18)  Batch time: 0.18(0.19)
2026-06-19 23:07:36,124   INFO  Train:    4/10 ( 40%) [ 765/928 ( 82%)]  Loss: 0.2260 (0.256)  LR: 9.957e-05  Time cost: 02:24/00:30 [11:14/18:02]  Acc_iter 3550        Data time: 0.00(0.01)  Forward time: 0.18(0.18)  Batch time: 0.18(0.19)
2026-06-19 23:07:45,321   INFO  Train:    4/10 ( 40%) [ 815/928 ( 88%)]  Loss: 0.2268 (0.256)  LR: 9.979e-05  Time cost: 02:33/00:21 [11:24/17:51]  Acc_iter 3600        Data time: 0.00(0.01)  Forward time: 0.18(0.18)  Batch time: 0.18(0.19)
2026-06-19 23:07:45,688   INFO  ubuntu22                    Fri Jun 19 23:07:45 2026  550.78
[0] NVIDIA GeForce RTX 3090 | 70°C,   0 % |  4991 / 24576 MB | vipuser(4976M) root(4M)

2026-06-19 23:07:55,035   INFO  Train:    4/10 ( 40%) [ 865/928 ( 93%)]  Loss: 0.2867 (0.256)  LR: 9.994e-05  Time cost: 02:43/00:11 [11:33/17:43]  Acc_iter 3650        Data time: 0.00(0.01)  Forward time: 0.18(0.18)  Batch time: 0.18(0.19)
2026-06-19 23:08:04,422   INFO  Train:    4/10 ( 40%) [ 915/928 ( 99%)]  Loss: 0.3310 (0.256)  LR: 1.000e-04  Time cost: 02:52/00:02 [11:43/17:33]  Acc_iter 3700        Data time: 0.00(0.01)  Forward time: 0.18(0.18)  Batch time: 0.18(0.19)
2026-06-19 23:08:06,611   INFO  Train:    4/10 ( 40%) [ 927/928 (100%)]  Loss: 0.1790 (0.256)  LR: 1.000e-04  Time cost: 02:55/00:00 [11:45/17:31]  Acc_iter 3712        Data time: 0.00(0.01)  Forward time: 0.18(0.18)  Batch time: 0.18(0.19)
2026-06-19 23:08:07,786   INFO  Train:    5/10 ( 50%) [   0/928 (  0%)]  Loss: 0.2482 (0.248)  LR: 1.000e-04  Time cost: 00:00/13:33 [11:46/1:21:19]  Acc_iter 3713        Data time: 0.61(0.61)  Forward time: 0.26(0.26)  Batch time: 0.88(0.88)
2026-06-19 23:08:14,763   INFO  Train:    5/10 ( 50%) [  37/928 (  4%)]  Loss: 0.2564 (0.257)  LR: 9.999e-05  Time cost: 00:07/03:04 [11:53/19:03]  Acc_iter 3750        Data time: 0.00(0.02)  Forward time: 0.18(0.19)  Batch time: 0.18(0.21)
2026-06-19 23:08:15,119   INFO  ubuntu22                    Fri Jun 19 23:08:15 2026  550.78
[0] NVIDIA GeForce RTX 3090 | 70°C,  17 % |  4991 / 24576 MB | vipuser(4976M) root(4M)

2026-06-19 23:08:24,550   INFO  Train:    5/10 ( 50%) [  87/928 (  9%)]  Loss: 0.2004 (0.253)  LR: 9.994e-05  Time cost: 00:17/02:48 [12:03/18:18]  Acc_iter 3800        Data time: 0.00(0.01)  Forward time: 0.18(0.19)  Batch time: 0.18(0.20)
2026-06-19 23:08:34,035   INFO  Train:    5/10 ( 50%) [ 137/928 ( 15%)]  Loss: 0.3723 (0.255)  LR: 9.985e-05  Time cost: 00:27/02:35 [12:12/17:47]  Acc_iter 3850        Data time: 0.00(0.01)  Forward time: 0.19(0.19)  Batch time: 0.19(0.20)
2026-06-19 23:08:43,507   INFO  Train:    5/10 ( 50%) [ 187/928 ( 20%)]  Loss: 0.2772 (0.252)  LR: 9.972e-05  Time cost: 00:36/02:24 [12:22/17:27]  Acc_iter 3900        Data time: 0.00(0.01)  Forward time: 0.18(0.19)  Batch time: 0.19(0.19)
2026-06-19 23:08:43,871   INFO  ubuntu22                    Fri Jun 19 23:08:43 2026  550.78
[0] NVIDIA GeForce RTX 3090 | 70°C,   0 % |  4991 / 24576 MB | vipuser(4976M) root(4M)

2026-06-19 23:08:53,426   INFO  Train:    5/10 ( 50%) [ 237/928 ( 26%)]  Loss: 0.2363 (0.253)  LR: 9.955e-05  Time cost: 00:46/02:15 [12:32/17:21]  Acc_iter 3950        Data time: 0.00(0.01)  Forward time: 0.20(0.19)  Batch time: 0.20(0.20)
2026-06-19 23:09:02,873   INFO  Train:    5/10 ( 50%) [ 287/928 ( 31%)]  Loss: 0.2987 (0.252)  LR: 9.935e-05  Time cost: 00:55/02:04 [12:41/17:06]  Acc_iter 4000        Data time: 0.01(0.01)  Forward time: 0.19(0.19)  Batch time: 0.20(0.19)
2026-06-19 23:09:12,076   INFO  Train:    5/10 ( 50%) [ 337/928 ( 36%)]  Loss: 0.2868 (0.252)  LR: 9.910e-05  Time cost: 01:05/01:53 [12:50/16:48]  Acc_iter 4050        Data time: 0.00(0.01)  Forward time: 0.18(0.19)  Batch time: 0.19(0.19)
2026-06-19 23:09:12,437   INFO  ubuntu22                    Fri Jun 19 23:09:12 2026  550.78
[0] NVIDIA GeForce RTX 3090 | 71°C,  61 % |  4991 / 24576 MB | vipuser(4976M) root(4M)

2026-06-19 23:09:21,619   INFO  Train:    5/10 ( 50%) [ 387/928 ( 42%)]  Loss: 0.2182 (0.252)  LR: 9.881e-05  Time cost: 01:14/01:44 [13:00/16:37]  Acc_iter 4100        Data time: 0.00(0.01)  Forward time: 0.18(0.18)  Batch time: 0.18(0.19)
2026-06-19 23:09:30,840   INFO  Train:    5/10 ( 50%) [ 437/928 ( 47%)]  Loss: 0.2286 (0.252)  LR: 9.849e-05  Time cost: 01:23/01:34 [13:09/16:23]  Acc_iter 4150        Data time: 0.00(0.01)  Forward time: 0.19(0.18)  Batch time: 0.19(0.19)
2026-06-19 23:09:39,996   INFO  Train:    5/10 ( 50%) [ 487/928 ( 52%)]  Loss: 0.2438 (0.252)  LR: 9.812e-05  Time cost: 01:33/01:24 [13:18/16:09]  Acc_iter 4200        Data time: 0.00(0.01)  Forward time: 0.17(0.18)  Batch time: 0.18(0.19)
2026-06-19 23:09:40,351   INFO  ubuntu22                    Fri Jun 19 23:09:40 2026  550.78
[0] NVIDIA GeForce RTX 3090 | 71°C,  40 % |  4991 / 24576 MB | vipuser(4976M) root(4M)

2026-06-19 23:09:49,657   INFO  Train:    5/10 ( 50%) [ 537/928 ( 58%)]  Loss: 0.2516 (0.253)  LR: 9.772e-05  Time cost: 01:42/01:14 [13:28/16:00]  Acc_iter 4250        Data time: 0.00(0.01)  Forward time: 0.18(0.18)  Batch time: 0.18(0.19)
2026-06-19 23:09:58,888   INFO  Train:    5/10 ( 50%) [ 587/928 ( 63%)]  Loss: 0.2387 (0.252)  LR: 9.728e-05  Time cost: 01:51/01:04 [13:37/15:48]  Acc_iter 4300        Data time: 0.00(0.01)  Forward time: 0.18(0.18)  Batch time: 0.18(0.19)
2026-06-19 23:10:08,079   INFO  Train:    5/10 ( 50%) [ 637/928 ( 69%)]  Loss: 0.2608 (0.253)  LR: 9.681e-05  Time cost: 02:01/00:55 [13:46/15:36]  Acc_iter 4350        Data time: 0.00(0.01)  Forward time: 0.17(0.18)  Batch time: 0.18(0.19)
2026-06-19 23:10:08,437   INFO  ubuntu22                    Fri Jun 19 23:10:08 2026  550.78
[0] NVIDIA GeForce RTX 3090 | 71°C,   0 % |  4991 / 24576 MB | vipuser(4976M) root(4M)

2026-06-19 23:10:17,625   INFO  Train:    5/10 ( 50%) [ 687/928 ( 74%)]  Loss: 0.2376 (0.252)  LR: 9.629e-05  Time cost: 02:10/00:45 [13:56/15:27]  Acc_iter 4400        Data time: 0.00(0.01)  Forward time: 0.18(0.18)  Batch time: 0.18(0.19)
2026-06-19 23:10:27,042   INFO  Train:    5/10 ( 50%) [ 737/928 ( 79%)]  Loss: 0.2509 (0.252)  LR: 9.574e-05  Time cost: 02:20/00:36 [14:05/15:17]  Acc_iter 4450        Data time: 0.00(0.01)  Forward time: 0.19(0.18)  Batch time: 0.20(0.19)
2026-06-19 23:10:36,213   INFO  Train:    5/10 ( 50%) [ 787/928 ( 85%)]  Loss: 0.2314 (0.252)  LR: 9.515e-05  Time cost: 02:29/00:26 [14:14/15:05]  Acc_iter 4500        Data time: 0.00(0.01)  Forward time: 0.18(0.18)  Batch time: 0.18(0.19)
2026-06-19 23:10:36,586   INFO  ubuntu22                    Fri Jun 19 23:10:36 2026  550.78
[0] NVIDIA GeForce RTX 3090 | 70°C,  48 % |  4991 / 24576 MB | vipuser(4976M) root(4M)

2026-06-19 23:10:45,962   INFO  Train:    5/10 ( 50%) [ 837/928 ( 90%)]  Loss: 0.2450 (0.252)  LR: 9.453e-05  Time cost: 02:39/00:17 [14:24/14:57]  Acc_iter 4550        Data time: 0.00(0.01)  Forward time: 0.18(0.18)  Batch time: 0.19(0.19)
2026-06-19 23:10:55,158   INFO  Train:    5/10 ( 50%) [ 887/928 ( 96%)]  Loss: 0.3092 (0.252)  LR: 9.387e-05  Time cost: 02:48/00:07 [14:33/14:46]  Acc_iter 4600        Data time: 0.00(0.01)  Forward time: 0.19(0.18)  Batch time: 0.19(0.19)
2026-06-19 23:11:02,515   INFO  Train:    5/10 ( 50%) [ 927/928 (100%)]  Loss: 0.2557 (0.252)  LR: 9.332e-05  Time cost: 02:55/00:00 [14:41/14:38]  Acc_iter 4640        Data time: 0.00(0.01)  Forward time: 0.18(0.18)  Batch time: 0.18(0.19)
2026-06-19 23:11:03,816   INFO  Train:    6/10 ( 60%) [   0/928 (  0%)]  Loss: 0.2625 (0.263)  LR: 9.330e-05  Time cost: 00:00/15:20 [14:42/1:16:44]  Acc_iter 4641        Data time: 0.76(0.76)  Forward time: 0.23(0.23)  Batch time: 0.99(0.99)
2026-06-19 23:11:05,534   INFO  Train:    6/10 ( 60%) [   9/928 (  1%)]  Loss: 0.2477 (0.255)  LR: 9.317e-05  Time cost: 00:02/04:09 [14:44/20:55]  Acc_iter 4650        Data time: 0.00(0.08)  Forward time: 0.18(0.19)  Batch time: 0.19(0.27)
2026-06-19 23:11:05,896   INFO  ubuntu22                    Fri Jun 19 23:11:05 2026  550.78
[0] NVIDIA GeForce RTX 3090 | 70°C,  25 % |  4991 / 24576 MB | vipuser(4976M) root(4M)

2026-06-19 23:11:15,448   INFO  Train:    6/10 ( 60%) [  59/928 (  6%)]  Loss: 0.2486 (0.249)  LR: 9.245e-05  Time cost: 00:12/03:02 [14:54/16:03]  Acc_iter 4700        Data time: 0.00(0.02)  Forward time: 0.19(0.19)  Batch time: 0.19(0.21)
2026-06-19 23:11:24,968   INFO  Train:    6/10 ( 60%) [ 109/928 ( 12%)]  Loss: 0.2392 (0.249)  LR: 9.168e-05  Time cost: 00:22/02:44 [15:03/15:12]  Acc_iter 4750        Data time: 0.00(0.01)  Forward time: 0.18(0.19)  Batch time: 0.19(0.20)
2026-06-19 23:11:34,563   INFO  Train:    6/10 ( 60%) [ 159/928 ( 17%)]  Loss: 0.1976 (0.249)  LR: 9.089e-05  Time cost: 00:31/02:32 [15:13/14:48]  Acc_iter 4800        Data time: 0.00(0.01)  Forward time: 0.20(0.19)  Batch time: 0.20(0.20)
2026-06-19 23:11:34,932   INFO  ubuntu22                    Fri Jun 19 23:11:34 2026  550.78
[0] NVIDIA GeForce RTX 3090 | 70°C,  39 % |  4991 / 24576 MB | vipuser(4976M) root(4M)

2026-06-19 23:11:44,129   INFO  Train:    6/10 ( 60%) [ 209/928 ( 23%)]  Loss: 0.2361 (0.250)  LR: 9.006e-05  Time cost: 00:41/02:21 [15:22/14:31]  Acc_iter 4850        Data time: 0.00(0.01)  Forward time: 0.18(0.19)  Batch time: 0.18(0.20)
2026-06-19 23:11:53,359   INFO  Train:    6/10 ( 60%) [ 259/928 ( 28%)]  Loss: 0.2883 (0.252)  LR: 8.920e-05  Time cost: 00:50/02:10 [15:32/14:11]  Acc_iter 4900        Data time: 0.00(0.01)  Forward time: 0.18(0.19)  Batch time: 0.19(0.19)
2026-06-19 23:12:02,715   INFO  Train:    6/10 ( 60%) [ 309/928 ( 33%)]  Loss: 0.2953 (0.251)  LR: 8.831e-05  Time cost: 00:59/01:59 [15:41/13:56]  Acc_iter 4950        Data time: 0.00(0.01)  Forward time: 0.18(0.19)  Batch time: 0.18(0.19)
2026-06-19 23:12:03,076   INFO  ubuntu22                    Fri Jun 19 23:12:03 2026  550.78
[0] NVIDIA GeForce RTX 3090 | 70°C,  24 % |  4991 / 24576 MB | vipuser(4976M) root(4M)

2026-06-19 23:12:12,562   INFO  Train:    6/10 ( 60%) [ 359/928 ( 39%)]  Loss: 0.2950 (0.251)  LR: 8.739e-05  Time cost: 01:09/01:50 [15:51/13:49]  Acc_iter 5000        Data time: 0.00(0.01)  Forward time: 0.18(0.19)  Batch time: 0.19(0.19)
2026-06-19 23:12:21,801   INFO  Train:    6/10 ( 60%) [ 409/928 ( 44%)]  Loss: 0.2921 (0.251)  LR: 8.644e-05  Time cost: 01:18/01:39 [16:00/13:35]  Acc_iter 5050        Data time: 0.00(0.01)  Forward time: 0.19(0.18)  Batch time: 0.20(0.19)
2026-06-19 23:12:31,167   INFO  Train:    6/10 ( 60%) [ 459/928 ( 49%)]  Loss: 0.2738 (0.250)  LR: 8.546e-05  Time cost: 01:28/01:30 [16:09/13:22]  Acc_iter 5100        Data time: 0.00(0.01)  Forward time: 0.18(0.18)  Batch time: 0.18(0.19)
2026-06-19 23:12:31,528   INFO  ubuntu22                    Fri Jun 19 23:12:31 2026  550.78
[0] NVIDIA GeForce RTX 3090 | 70°C,  42 % |  4991 / 24576 MB | vipuser(4976M) root(4M)

2026-06-19 23:12:40,935   INFO  Train:    6/10 ( 60%) [ 509/928 ( 55%)]  Loss: 0.2071 (0.251)  LR: 8.445e-05  Time cost: 01:38/01:20 [16:19/13:14]  Acc_iter 5150        Data time: 0.00(0.01)  Forward time: 0.20(0.18)  Batch time: 0.20(0.19)
2026-06-19 23:12:50,396   INFO  Train:    6/10 ( 60%) [ 559/928 ( 60%)]  Loss: 0.2284 (0.250)  LR: 8.341e-05  Time cost: 01:47/01:10 [16:29/13:03]  Acc_iter 5200        Data time: 0.00(0.01)  Forward time: 0.18(0.18)  Batch time: 0.19(0.19)
2026-06-19 23:12:59,728   INFO  Train:    6/10 ( 60%) [ 609/928 ( 66%)]  Loss: 0.2113 (0.249)  LR: 8.235e-05  Time cost: 01:56/01:01 [16:38/12:52]  Acc_iter 5250        Data time: 0.01(0.01)  Forward time: 0.18(0.18)  Batch time: 0.19(0.19)
2026-06-19 23:13:00,090   INFO  ubuntu22                    Fri Jun 19 23:13:00 2026  550.78
[0] NVIDIA GeForce RTX 3090 | 70°C,  39 % |  4991 / 24576 MB | vipuser(4976M) root(4M)

2026-06-19 23:13:09,545   INFO  Train:    6/10 ( 60%) [ 659/928 ( 71%)]  Loss: 0.3152 (0.249)  LR: 8.126e-05  Time cost: 02:06/00:51 [16:48/12:44]  Acc_iter 5300        Data time: 0.00(0.01)  Forward time: 0.19(0.18)  Batch time: 0.20(0.19)
2026-06-19 23:13:18,905   INFO  Train:    6/10 ( 60%) [ 709/928 ( 76%)]  Loss: 0.2015 (0.249)  LR: 8.015e-05  Time cost: 02:16/00:41 [16:57/12:33]  Acc_iter 5350        Data time: 0.00(0.01)  Forward time: 0.18(0.18)  Batch time: 0.18(0.19)
2026-06-19 23:13:28,405   INFO  Train:    6/10 ( 60%) [ 759/928 ( 82%)]  Loss: 0.2243 (0.249)  LR: 7.901e-05  Time cost: 02:25/00:32 [17:07/12:23]  Acc_iter 5400        Data time: 0.00(0.01)  Forward time: 0.18(0.18)  Batch time: 0.19(0.19)
2026-06-19 23:13:28,762   INFO  ubuntu22                    Fri Jun 19 23:13:28 2026  550.78
[0] NVIDIA GeForce RTX 3090 | 70°C,  61 % |  4991 / 24576 MB | vipuser(4976M) root(4M)

2026-06-19 23:13:38,162   INFO  Train:    6/10 ( 60%) [ 809/928 ( 87%)]  Loss: 0.2241 (0.250)  LR: 7.785e-05  Time cost: 02:35/00:22 [17:16/12:14]  Acc_iter 5450        Data time: 0.00(0.01)  Forward time: 0.18(0.18)  Batch time: 0.18(0.19)
2026-06-19 23:13:47,651   INFO  Train:    6/10 ( 60%) [ 859/928 ( 93%)]  Loss: 0.2883 (0.250)  LR: 7.667e-05  Time cost: 02:44/00:13 [17:26/12:04]  Acc_iter 5500        Data time: 0.00(0.01)  Forward time: 0.18(0.19)  Batch time: 0.18(0.19)
2026-06-19 23:13:57,256   INFO  Train:    6/10 ( 60%) [ 909/928 ( 98%)]  Loss: 0.2970 (0.250)  LR: 7.546e-05  Time cost: 02:54/00:03 [17:35/11:55]  Acc_iter 5550        Data time: 0.00(0.01)  Forward time: 0.19(0.19)  Batch time: 0.19(0.19)
2026-06-19 23:13:57,621   INFO  ubuntu22                    Fri Jun 19 23:13:57 2026  550.78
[0] NVIDIA GeForce RTX 3090 | 70°C,  14 % |  4991 / 24576 MB | vipuser(4976M) root(4M)

2026-06-19 23:14:00,946   INFO  Train:    6/10 ( 60%) [ 927/928 (100%)]  Loss: 0.2295 (0.249)  LR: 7.502e-05  Time cost: 02:58/00:00 [17:39/11:52]  Acc_iter 5568        Data time: 0.00(0.01)  Forward time: 0.18(0.19)  Batch time: 0.18(0.19)
2026-06-19 23:14:02,332   INFO  Train:    7/10 ( 70%) [   0/928 (  0%)]  Loss: 0.2540 (0.254)  LR: 7.500e-05  Time cost: 00:01/16:50 [17:41/1:07:21]  Acc_iter 5569        Data time: 0.77(0.77)  Forward time: 0.32(0.32)  Batch time: 1.09(1.09)
2026-06-19 23:14:08,046   INFO  Train:    7/10 ( 70%) [  31/928 (  3%)]  Loss: 0.2153 (0.237)  LR: 7.424e-05  Time cost: 00:06/03:10 [17:46/13:02]  Acc_iter 5600        Data time: 0.00(0.03)  Forward time: 0.18(0.19)  Batch time: 0.18(0.21)
2026-06-19 23:14:17,483   INFO  Train:    7/10 ( 70%) [  81/928 (  9%)]  Loss: 0.2680 (0.251)  LR: 7.300e-05  Time cost: 00:16/02:47 [17:56/11:59]  Acc_iter 5650        Data time: 0.00(0.01)  Forward time: 0.18(0.19)  Batch time: 0.18(0.20)
2026-06-19 23:14:26,685   INFO  Train:    7/10 ( 70%) [ 131/928 ( 14%)]  Loss: 0.2071 (0.245)  LR: 7.173e-05  Time cost: 00:25/02:33 [18:05/11:30]  Acc_iter 5700        Data time: 0.00(0.01)  Forward time: 0.18(0.18)  Batch time: 0.18(0.19)
2026-06-19 23:14:27,047   INFO  ubuntu22                    Fri Jun 19 23:14:27 2026  550.78
[0] NVIDIA GeForce RTX 3090 | 70°C,  33 % |  4991 / 24576 MB | vipuser(4976M) root(4M)

2026-06-19 23:14:36,338   INFO  Train:    7/10 ( 70%) [ 181/928 ( 20%)]  Loss: 0.3224 (0.244)  LR: 7.046e-05  Time cost: 00:35/02:24 [18:15/11:20]  Acc_iter 5750        Data time: 0.00(0.01)  Forward time: 0.18(0.18)  Batch time: 0.18(0.19)
2026-06-19 23:14:45,816   INFO  Train:    7/10 ( 70%) [ 231/928 ( 25%)]  Loss: 0.3194 (0.245)  LR: 6.916e-05  Time cost: 00:44/02:13 [18:24/11:08]  Acc_iter 5800        Data time: 0.00(0.01)  Forward time: 0.20(0.18)  Batch time: 0.21(0.19)
2026-06-19 23:14:55,272   INFO  Train:    7/10 ( 70%) [ 281/928 ( 30%)]  Loss: 0.2043 (0.246)  LR: 6.785e-05  Time cost: 00:54/02:03 [18:33/10:57]  Acc_iter 5850        Data time: 0.00(0.01)  Forward time: 0.19(0.18)  Batch time: 0.20(0.19)
2026-06-19 23:14:55,633   INFO  ubuntu22                    Fri Jun 19 23:14:55 2026  550.78
[0] NVIDIA GeForce RTX 3090 | 70°C,  31 % |  4991 / 24576 MB | vipuser(4976M) root(4M)

2026-06-19 23:15:04,888   INFO  Train:    7/10 ( 70%) [ 331/928 ( 36%)]  Loss: 0.2091 (0.247)  LR: 6.653e-05  Time cost: 01:03/01:54 [18:43/10:48]  Acc_iter 5900        Data time: 0.00(0.01)  Forward time: 0.18(0.18)  Batch time: 0.19(0.19)
2026-06-19 23:15:14,276   INFO  Train:    7/10 ( 70%) [ 381/928 ( 41%)]  Loss: 0.2316 (0.248)  LR: 6.519e-05  Time cost: 01:13/01:44 [18:52/10:36]  Acc_iter 5950        Data time: 0.00(0.01)  Forward time: 0.17(0.18)  Batch time: 0.17(0.19)
2026-06-19 23:15:23,768   INFO  Train:    7/10 ( 70%) [ 431/928 ( 46%)]  Loss: 0.2856 (0.247)  LR: 6.384e-05  Time cost: 01:22/01:34 [19:02/10:26]  Acc_iter 6000        Data time: 0.00(0.01)  Forward time: 0.20(0.18)  Batch time: 0.20(0.19)
2026-06-19 23:15:24,130   INFO  ubuntu22                    Fri Jun 19 23:15:24 2026  550.78
[0] NVIDIA GeForce RTX 3090 | 70°C,  60 % |  4991 / 24576 MB | vipuser(4976M) root(4M)

2026-06-19 23:15:33,561   INFO  Train:    7/10 ( 70%) [ 481/928 ( 52%)]  Loss: 0.3046 (0.247)  LR: 6.248e-05  Time cost: 01:32/01:25 [19:12/10:18]  Acc_iter 6050        Data time: 0.00(0.01)  Forward time: 0.18(0.18)  Batch time: 0.18(0.19)
2026-06-19 23:15:42,887   INFO  Train:    7/10 ( 70%) [ 531/928 ( 57%)]  Loss: 0.2744 (0.248)  LR: 6.111e-05  Time cost: 01:41/01:15 [19:21/10:07]  Acc_iter 6100        Data time: 0.00(0.01)  Forward time: 0.18(0.18)  Batch time: 0.18(0.19)
2026-06-19 23:15:52,069   INFO  Train:    7/10 ( 70%) [ 581/928 ( 63%)]  Loss: 0.2564 (0.248)  LR: 5.973e-05  Time cost: 01:50/01:06 [19:30/09:56]  Acc_iter 6150        Data time: 0.00(0.01)  Forward time: 0.18(0.18)  Batch time: 0.18(0.19)
2026-06-19 23:15:52,438   INFO  ubuntu22                    Fri Jun 19 23:15:52 2026  550.78
[0] NVIDIA GeForce RTX 3090 | 70°C,  37 % |  4991 / 24576 MB | vipuser(4976M) root(4M)

2026-06-19 23:16:01,761   INFO  Train:    7/10 ( 70%) [ 631/928 ( 68%)]  Loss: 0.2764 (0.248)  LR: 5.834e-05  Time cost: 02:00/00:56 [19:40/09:47]  Acc_iter 6200        Data time: 0.00(0.01)  Forward time: 0.18(0.18)  Batch time: 0.18(0.19)
2026-06-19 23:16:10,951   INFO  Train:    7/10 ( 70%) [ 681/928 ( 73%)]  Loss: 0.2437 (0.248)  LR: 5.695e-05  Time cost: 02:09/00:46 [19:49/09:36]  Acc_iter 6250        Data time: 0.00(0.01)  Forward time: 0.18(0.18)  Batch time: 0.19(0.19)
2026-06-19 23:16:20,356   INFO  Train:    7/10 ( 70%) [ 731/928 ( 79%)]  Loss: 0.2257 (0.247)  LR: 5.555e-05  Time cost: 02:19/00:37 [19:59/09:26]  Acc_iter 6300        Data time: 0.00(0.01)  Forward time: 0.18(0.18)  Batch time: 0.18(0.19)
2026-06-19 23:16:20,736   INFO  ubuntu22                    Fri Jun 19 23:16:20 2026  550.78
[0] NVIDIA GeForce RTX 3090 | 70°C,   0 % |  4991 / 24576 MB | vipuser(4976M) root(4M)

2026-06-19 23:16:29,985   INFO  Train:    7/10 ( 70%) [ 781/928 ( 84%)]  Loss: 0.1821 (0.247)  LR: 5.414e-05  Time cost: 02:28/00:27 [20:08/09:17]  Acc_iter 6350        Data time: 0.00(0.01)  Forward time: 0.18(0.18)  Batch time: 0.18(0.19)
2026-06-19 23:16:39,445   INFO  Train:    7/10 ( 70%) [ 831/928 ( 90%)]  Loss: 0.3065 (0.247)  LR: 5.274e-05  Time cost: 02:38/00:18 [20:18/09:07]  Acc_iter 6400        Data time: 0.00(0.01)  Forward time: 0.18(0.18)  Batch time: 0.18(0.19)
2026-06-19 23:16:48,697   INFO  Train:    7/10 ( 70%) [ 881/928 ( 95%)]  Loss: 0.2997 (0.247)  LR: 5.133e-05  Time cost: 02:47/00:08 [20:27/08:57]  Acc_iter 6450        Data time: 0.00(0.01)  Forward time: 0.18(0.18)  Batch time: 0.18(0.19)
2026-06-19 23:16:49,071   INFO  ubuntu22                    Fri Jun 19 23:16:49 2026  550.78
[0] NVIDIA GeForce RTX 3090 | 70°C,  46 % |  4991 / 24576 MB | vipuser(4976M) root(4M)

2026-06-19 23:16:57,653   INFO  Train:    7/10 ( 70%) [ 927/928 (100%)]  Loss: 0.2248 (0.247)  LR: 5.003e-05  Time cost: 02:56/00:00 [20:36/08:49]  Acc_iter 6496        Data time: 0.00(0.01)  Forward time: 0.18(0.18)  Batch time: 0.18(0.19)
2026-06-19 23:16:58,964   INFO  Train:    8/10 ( 80%) [   0/928 (  0%)]  Loss: 0.2239 (0.224)  LR: 5.000e-05  Time cost: 00:01/15:49 [20:37/47:28]  Acc_iter 6497        Data time: 0.72(0.72)  Forward time: 0.30(0.30)  Batch time: 1.02(1.02)
2026-06-19 23:16:59,581   INFO  Train:    8/10 ( 80%) [   3/928 (  0%)]  Loss: 0.2522 (0.232)  LR: 4.992e-05  Time cost: 00:01/06:19 [20:38/19:00]  Acc_iter 6500        Data time: 0.00(0.18)  Forward time: 0.20(0.23)  Batch time: 0.21(0.41)
2026-06-19 23:17:08,669   INFO  Train:    8/10 ( 80%) [  53/928 (  6%)]  Loss: 0.2792 (0.242)  LR: 4.851e-05  Time cost: 00:10/02:53 [20:47/09:02]  Acc_iter 6550        Data time: 0.00(0.02)  Forward time: 0.18(0.18)  Batch time: 0.18(0.20)
2026-06-19 23:17:17,794   INFO  Train:    8/10 ( 80%) [ 103/928 ( 11%)]  Loss: 0.2331 (0.240)  LR: 4.710e-05  Time cost: 00:19/02:37 [20:56/08:31]  Acc_iter 6600        Data time: 0.00(0.01)  Forward time: 0.18(0.18)  Batch time: 0.19(0.19)
2026-06-19 23:17:18,152   INFO  ubuntu22                    Fri Jun 19 23:17:18 2026  550.78
[0] NVIDIA GeForce RTX 3090 | 70°C,  10 % |  4991 / 24576 MB | vipuser(4976M) root(4M)

2026-06-19 23:17:27,530   INFO  Train:    8/10 ( 80%) [ 153/928 ( 16%)]  Loss: 0.1892 (0.243)  LR: 4.569e-05  Time cost: 00:29/02:28 [21:06/08:25]  Acc_iter 6650        Data time: 0.00(0.01)  Forward time: 0.19(0.18)  Batch time: 0.19(0.19)
2026-06-19 23:17:37,056   INFO  Train:    8/10 ( 80%) [ 203/928 ( 22%)]  Loss: 0.2331 (0.243)  LR: 4.429e-05  Time cost: 00:39/02:19 [21:15/08:14]  Acc_iter 6700        Data time: 0.00(0.01)  Forward time: 0.19(0.18)  Batch time: 0.19(0.19)
2026-06-19 23:17:46,417   INFO  Train:    8/10 ( 80%) [ 253/928 ( 27%)]  Loss: 0.1904 (0.242)  LR: 4.289e-05  Time cost: 00:48/02:08 [21:25/08:03]  Acc_iter 6750        Data time: 0.00(0.01)  Forward time: 0.19(0.18)  Batch time: 0.20(0.19)
2026-06-19 23:17:46,776   INFO  ubuntu22                    Fri Jun 19 23:17:46 2026  550.78
[0] NVIDIA GeForce RTX 3090 | 70°C,  23 % |  4991 / 24576 MB | vipuser(4976M) root(4M)

2026-06-19 23:17:56,076   INFO  Train:    8/10 ( 80%) [ 303/928 ( 33%)]  Loss: 0.2568 (0.243)  LR: 4.149e-05  Time cost: 00:58/01:59 [21:34/07:54]  Acc_iter 6800        Data time: 0.00(0.01)  Forward time: 0.18(0.18)  Batch time: 0.19(0.19)
2026-06-19 23:18:05,487   INFO  Train:    8/10 ( 80%) [ 353/928 ( 38%)]  Loss: 0.2763 (0.244)  LR: 4.011e-05  Time cost: 01:07/01:49 [21:44/07:43]  Acc_iter 6850        Data time: 0.00(0.01)  Forward time: 0.18(0.18)  Batch time: 0.18(0.19)
2026-06-19 23:18:14,796   INFO  Train:    8/10 ( 80%) [ 403/928 ( 43%)]  Loss: 0.2913 (0.243)  LR: 3.873e-05  Time cost: 01:16/01:39 [21:53/07:32]  Acc_iter 6900        Data time: 0.00(0.01)  Forward time: 0.18(0.18)  Batch time: 0.18(0.19)
2026-06-19 23:18:15,157   INFO  ubuntu22                    Fri Jun 19 23:18:15 2026  550.78
[0] NVIDIA GeForce RTX 3090 | 70°C,  24 % |  4991 / 24576 MB | vipuser(4976M) root(4M)

2026-06-19 23:18:24,507   INFO  Train:    8/10 ( 80%) [ 453/928 ( 49%)]  Loss: 0.2156 (0.242)  LR: 3.736e-05  Time cost: 01:26/01:30 [22:03/07:24]  Acc_iter 6950        Data time: 0.00(0.01)  Forward time: 0.18(0.18)  Batch time: 0.18(0.19)
2026-06-19 23:18:33,741   INFO  Train:    8/10 ( 80%) [ 503/928 ( 54%)]  Loss: 0.3021 (0.243)  LR: 3.600e-05  Time cost: 01:35/01:20 [22:12/07:13]  Acc_iter 7000        Data time: 0.00(0.01)  Forward time: 0.18(0.18)  Batch time: 0.18(0.19)
2026-06-19 23:18:42,835   INFO  Train:    8/10 ( 80%) [ 553/928 ( 60%)]  Loss: 0.2011 (0.243)  LR: 3.465e-05  Time cost: 01:44/01:11 [22:21/07:02]  Acc_iter 7050        Data time: 0.00(0.01)  Forward time: 0.18(0.18)  Batch time: 0.18(0.19)
2026-06-19 23:18:43,197   INFO  ubuntu22                    Fri Jun 19 23:18:43 2026  550.78
[0] NVIDIA GeForce RTX 3090 | 71°C,  41 % |  4991 / 24576 MB | vipuser(4976M) root(4M)

2026-06-19 23:18:52,470   INFO  Train:    8/10 ( 80%) [ 603/928 ( 65%)]  Loss: 0.2886 (0.243)  LR: 3.332e-05  Time cost: 01:54/01:01 [22:31/06:53]  Acc_iter 7100        Data time: 0.00(0.01)  Forward time: 0.18(0.18)  Batch time: 0.18(0.19)
2026-06-19 23:19:01,886   INFO  Train:    8/10 ( 80%) [ 653/928 ( 70%)]  Loss: 0.2328 (0.243)  LR: 3.199e-05  Time cost: 02:03/00:52 [22:40/06:43]  Acc_iter 7150        Data time: 0.00(0.01)  Forward time: 0.17(0.18)  Batch time: 0.18(0.19)
2026-06-19 23:19:11,160   INFO  Train:    8/10 ( 80%) [ 703/928 ( 76%)]  Loss: 0.2287 (0.244)  LR: 3.068e-05  Time cost: 02:13/00:42 [22:49/06:33]  Acc_iter 7200        Data time: 0.00(0.01)  Forward time: 0.18(0.18)  Batch time: 0.18(0.19)
2026-06-19 23:19:11,512   INFO  ubuntu22                    Fri Jun 19 23:19:11 2026  550.78
[0] NVIDIA GeForce RTX 3090 | 70°C,  14 % |  4991 / 24576 MB | vipuser(4976M) root(4M)

2026-06-19 23:19:20,693   INFO  Train:    8/10 ( 80%) [ 753/928 ( 81%)]  Loss: 0.2044 (0.244)  LR: 2.939e-05  Time cost: 02:22/00:33 [22:59/06:24]  Acc_iter 7250        Data time: 0.00(0.01)  Forward time: 0.18(0.18)  Batch time: 0.18(0.19)
2026-06-19 23:19:29,857   INFO  Train:    8/10 ( 80%) [ 803/928 ( 87%)]  Loss: 0.2352 (0.243)  LR: 2.811e-05  Time cost: 02:31/00:23 [23:08/06:14]  Acc_iter 7300        Data time: 0.00(0.01)  Forward time: 0.18(0.18)  Batch time: 0.18(0.19)
2026-06-19 23:19:39,044   INFO  Train:    8/10 ( 80%) [ 853/928 ( 92%)]  Loss: 0.1543 (0.243)  LR: 2.685e-05  Time cost: 02:41/00:14 [23:17/06:04]  Acc_iter 7350        Data time: 0.00(0.01)  Forward time: 0.18(0.18)  Batch time: 0.18(0.19)
2026-06-19 23:19:39,401   INFO  ubuntu22                    Fri Jun 19 23:19:39 2026  550.78
[0] NVIDIA GeForce RTX 3090 | 71°C,  46 % |  4991 / 24576 MB | vipuser(4976M) root(4M)

2026-06-19 23:19:48,633   INFO  Train:    8/10 ( 80%) [ 903/928 ( 97%)]  Loss: 0.2655 (0.243)  LR: 2.561e-05  Time cost: 02:50/00:04 [23:27/05:55]  Acc_iter 7400        Data time: 0.00(0.01)  Forward time: 0.18(0.18)  Batch time: 0.18(0.19)
2026-06-19 23:19:52,965   INFO  Train:    8/10 ( 80%) [ 927/928 (100%)]  Loss: 0.2370 (0.244)  LR: 2.503e-05  Time cost: 02:55/00:00 [23:31/05:50]  Acc_iter 7424        Data time: 0.00(0.01)  Forward time: 0.17(0.18)  Batch time: 0.17(0.19)
2026-06-19 23:19:54,239   INFO  Train:    9/10 ( 90%) [   0/928 (  0%)]  Loss: 0.2140 (0.214)  LR: 2.500e-05  Time cost: 00:00/15:01 [23:32/30:02]  Acc_iter 7425        Data time: 0.73(0.73)  Forward time: 0.24(0.24)  Batch time: 0.97(0.97)
2026-06-19 23:19:58,829   INFO  Train:    9/10 ( 90%) [  25/928 (  3%)]  Loss: 0.3392 (0.249)  LR: 2.439e-05  Time cost: 00:05/03:13 [23:37/06:31]  Acc_iter 7450        Data time: 0.00(0.03)  Forward time: 0.17(0.18)  Batch time: 0.18(0.21)
2026-06-19 23:20:07,909   INFO  Train:    9/10 ( 90%) [  75/928 (  8%)]  Loss: 0.1956 (0.243)  LR: 2.319e-05  Time cost: 00:14/02:44 [23:46/05:43]  Acc_iter 7500        Data time: 0.00(0.01)  Forward time: 0.18(0.18)  Batch time: 0.18(0.19)
2026-06-19 23:20:08,274   INFO  ubuntu22                    Fri Jun 19 23:20:08 2026  550.78
[0] NVIDIA GeForce RTX 3090 | 70°C,   0 % |  4991 / 24576 MB | vipuser(4976M) root(4M)

2026-06-19 23:20:17,576   INFO  Train:    9/10 ( 90%) [ 125/928 ( 13%)]  Loss: 0.2330 (0.242)  LR: 2.201e-05  Time cost: 00:24/02:34 [23:56/05:33]  Acc_iter 7550        Data time: 0.00(0.01)  Forward time: 0.17(0.18)  Batch time: 0.18(0.19)
2026-06-19 23:20:26,826   INFO  Train:    9/10 ( 90%) [ 175/928 ( 19%)]  Loss: 0.1960 (0.243)  LR: 2.085e-05  Time cost: 00:33/02:23 [24:05/05:20]  Acc_iter 7600        Data time: 0.00(0.01)  Forward time: 0.18(0.18)  Batch time: 0.18(0.19)
2026-06-19 23:20:36,049   INFO  Train:    9/10 ( 90%) [ 225/928 ( 24%)]  Loss: 0.2677 (0.245)  LR: 1.972e-05  Time cost: 00:42/02:13 [24:14/05:08]  Acc_iter 7650        Data time: 0.01(0.01)  Forward time: 0.19(0.18)  Batch time: 0.19(0.19)
2026-06-19 23:20:36,413   INFO  ubuntu22                    Fri Jun 19 23:20:36 2026  550.78
[0] NVIDIA GeForce RTX 3090 | 70°C,  56 % |  4991 / 24576 MB | vipuser(4976M) root(4M)

2026-06-19 23:20:45,598   INFO  Train:    9/10 ( 90%) [ 275/928 ( 30%)]  Loss: 0.2054 (0.246)  LR: 1.861e-05  Time cost: 00:52/02:03 [24:24/04:59]  Acc_iter 7700        Data time: 0.00(0.01)  Forward time: 0.18(0.18)  Batch time: 0.18(0.19)
2026-06-19 23:20:54,934   INFO  Train:    9/10 ( 90%) [ 325/928 ( 35%)]  Loss: 0.2430 (0.247)  LR: 1.752e-05  Time cost: 01:01/01:54 [24:33/04:49]  Acc_iter 7750        Data time: 0.00(0.01)  Forward time: 0.18(0.18)  Batch time: 0.18(0.19)
2026-06-19 23:21:04,152   INFO  Train:    9/10 ( 90%) [ 375/928 ( 40%)]  Loss: 0.3056 (0.247)  LR: 1.646e-05  Time cost: 01:10/01:44 [24:42/04:39]  Acc_iter 7800        Data time: 0.00(0.01)  Forward time: 0.18(0.18)  Batch time: 0.18(0.19)
2026-06-19 23:21:04,513   INFO  ubuntu22                    Fri Jun 19 23:21:04 2026  550.78
[0] NVIDIA GeForce RTX 3090 | 71°C,  28 % |  4991 / 24576 MB | vipuser(4976M) root(4M)

2026-06-19 23:21:13,735   INFO  Train:    9/10 ( 90%) [ 425/928 ( 46%)]  Loss: 0.3316 (0.247)  LR: 1.543e-05  Time cost: 01:20/01:35 [24:52/04:30]  Acc_iter 7850        Data time: 0.00(0.01)  Forward time: 0.18(0.18)  Batch time: 0.18(0.19)
2026-06-19 23:21:23,014   INFO  Train:    9/10 ( 90%) [ 475/928 ( 51%)]  Loss: 0.1967 (0.246)  LR: 1.443e-05  Time cost: 01:29/01:25 [25:01/04:20]  Acc_iter 7900        Data time: 0.00(0.01)  Forward time: 0.18(0.18)  Batch time: 0.18(0.19)
2026-06-19 23:21:32,203   INFO  Train:    9/10 ( 90%) [ 525/928 ( 57%)]  Loss: 0.3438 (0.246)  LR: 1.345e-05  Time cost: 01:38/01:15 [25:10/04:10]  Acc_iter 7950        Data time: 0.00(0.01)  Forward time: 0.18(0.18)  Batch time: 0.18(0.19)
2026-06-19 23:21:32,568   INFO  ubuntu22                    Fri Jun 19 23:21:32 2026  550.78
[0] NVIDIA GeForce RTX 3090 | 70°C,  44 % |  4991 / 24576 MB | vipuser(4976M) root(4M)

2026-06-19 23:21:41,714   INFO  Train:    9/10 ( 90%) [ 575/928 ( 62%)]  Loss: 0.2307 (0.246)  LR: 1.250e-05  Time cost: 01:48/01:06 [25:20/04:01]  Acc_iter 8000        Data time: 0.00(0.01)  Forward time: 0.18(0.18)  Batch time: 0.18(0.19)
2026-06-19 23:21:50,869   INFO  Train:    9/10 ( 90%) [ 625/928 ( 67%)]  Loss: 0.2452 (0.245)  LR: 1.158e-05  Time cost: 01:57/00:56 [25:29/03:51]  Acc_iter 8050        Data time: 0.00(0.01)  Forward time: 0.18(0.18)  Batch time: 0.18(0.19)
2026-06-19 23:21:59,981   INFO  Train:    9/10 ( 90%) [ 675/928 ( 73%)]  Loss: 0.2046 (0.245)  LR: 1.070e-05  Time cost: 02:06/00:47 [25:38/03:41]  Acc_iter 8100        Data time: 0.00(0.01)  Forward time: 0.17(0.18)  Batch time: 0.18(0.19)
2026-06-19 23:22:00,334   INFO  ubuntu22                    Fri Jun 19 23:22:00 2026  550.78
[0] NVIDIA GeForce RTX 3090 | 71°C,  41 % |  4991 / 24576 MB | vipuser(4976M) root(4M)

2026-06-19 23:22:09,572   INFO  Train:    9/10 ( 90%) [ 725/928 ( 78%)]  Loss: 0.2234 (0.244)  LR: 9.841e-06  Time cost: 02:16/00:38 [25:48/03:32]  Acc_iter 8150        Data time: 0.00(0.01)  Forward time: 0.18(0.18)  Batch time: 0.18(0.19)
2026-06-19 23:22:18,730   INFO  Train:    9/10 ( 90%) [ 775/928 ( 84%)]  Loss: 0.2695 (0.244)  LR: 9.016e-06  Time cost: 02:25/00:28 [25:57/03:22]  Acc_iter 8200        Data time: 0.00(0.01)  Forward time: 0.18(0.18)  Batch time: 0.18(0.19)
2026-06-19 23:22:27,993   INFO  Train:    9/10 ( 90%) [ 825/928 ( 89%)]  Loss: 0.2894 (0.245)  LR: 8.225e-06  Time cost: 02:34/00:19 [26:06/03:13]  Acc_iter 8250        Data time: 0.00(0.01)  Forward time: 0.18(0.18)  Batch time: 0.18(0.19)
2026-06-19 23:22:28,353   INFO  ubuntu22                    Fri Jun 19 23:22:28 2026  550.78
[0] NVIDIA GeForce RTX 3090 | 70°C,  48 % |  4991 / 24576 MB | vipuser(4976M) root(4M)

2026-06-19 23:22:37,727   INFO  Train:    9/10 ( 90%) [ 875/928 ( 94%)]  Loss: 0.1586 (0.244)  LR: 7.466e-06  Time cost: 02:44/00:09 [26:16/03:04]  Acc_iter 8300        Data time: 0.00(0.01)  Forward time: 0.20(0.18)  Batch time: 0.20(0.19)
2026-06-19 23:22:47,009   INFO  Train:    9/10 ( 90%) [ 925/928 (100%)]  Loss: 0.2640 (0.244)  LR: 6.742e-06  Time cost: 02:53/00:00 [26:25/02:54]  Acc_iter 8350        Data time: 0.00(0.01)  Forward time: 0.18(0.18)  Batch time: 0.18(0.19)
2026-06-19 23:22:47,385   INFO  Train:    9/10 ( 90%) [ 927/928 (100%)]  Loss: 0.1984 (0.244)  LR: 6.714e-06  Time cost: 02:54/00:00 [26:26/02:54]  Acc_iter 8352        Data time: 0.00(0.01)  Forward time: 0.19(0.18)  Batch time: 0.19(0.19)
2026-06-19 23:22:48,584   INFO  Train:   10/10 (100%) [   0/928 (  0%)]  Loss: 0.2096 (0.210)  LR: 6.700e-06  Time cost: 00:00/14:08 [26:27/14:08]  Acc_iter 8353        Data time: 0.67(0.67)  Forward time: 0.25(0.25)  Batch time: 0.91(0.91)
2026-06-19 23:22:57,289   INFO  Train:   10/10 (100%) [  47/928 (  5%)]  Loss: 0.2466 (0.241)  LR: 6.052e-06  Time cost: 00:09/02:56 [26:35/02:56]  Acc_iter 8400        Data time: 0.00(0.02)  Forward time: 0.18(0.18)  Batch time: 0.19(0.20)
2026-06-19 23:22:57,655   INFO  ubuntu22                    Fri Jun 19 23:22:57 2026  550.78
[0] NVIDIA GeForce RTX 3090 | 70°C,  15 % |  4991 / 24576 MB | vipuser(4976M) root(4M)

2026-06-19 23:23:07,151   INFO  Train:   10/10 (100%) [  97/928 ( 10%)]  Loss: 0.2295 (0.242)  LR: 5.397e-06  Time cost: 00:19/02:45 [26:45/02:45]  Acc_iter 8450        Data time: 0.00(0.01)  Forward time: 0.18(0.19)  Batch time: 0.18(0.20)
2026-06-19 23:23:16,363   INFO  Train:   10/10 (100%) [ 147/928 ( 16%)]  Loss: 0.2239 (0.242)  LR: 4.777e-06  Time cost: 00:28/02:31 [26:55/02:31]  Acc_iter 8500        Data time: 0.00(0.01)  Forward time: 0.18(0.18)  Batch time: 0.18(0.19)
2026-06-19 23:23:25,619   INFO  Train:   10/10 (100%) [ 197/928 ( 21%)]  Loss: 0.2796 (0.242)  LR: 4.194e-06  Time cost: 00:37/02:20 [27:04/02:20]  Acc_iter 8550        Data time: 0.00(0.01)  Forward time: 0.20(0.18)  Batch time: 0.20(0.19)
2026-06-19 23:23:25,973   INFO  ubuntu22                    Fri Jun 19 23:23:25 2026  550.78
[0] NVIDIA GeForce RTX 3090 | 70°C,  61 % |  4991 / 24576 MB | vipuser(4976M) root(4M)

2026-06-19 23:23:35,181   INFO  Train:   10/10 (100%) [ 247/928 ( 27%)]  Loss: 0.2656 (0.243)  LR: 3.647e-06  Time cost: 00:47/02:10 [27:13/02:10]  Acc_iter 8600        Data time: 0.00(0.01)  Forward time: 0.18(0.18)  Batch time: 0.18(0.19)
2026-06-19 23:23:44,309   INFO  Train:   10/10 (100%) [ 297/928 ( 32%)]  Loss: 0.2397 (0.241)  LR: 3.136e-06  Time cost: 00:56/01:59 [27:23/01:59]  Acc_iter 8650        Data time: 0.00(0.01)  Forward time: 0.18(0.18)  Batch time: 0.18(0.19)
2026-06-19 23:23:53,420   INFO  Train:   10/10 (100%) [ 347/928 ( 37%)]  Loss: 0.2545 (0.242)  LR: 2.664e-06  Time cost: 01:05/01:49 [27:32/01:49]  Acc_iter 8700        Data time: 0.00(0.01)  Forward time: 0.18(0.18)  Batch time: 0.19(0.19)
2026-06-19 23:23:53,772   INFO  ubuntu22                    Fri Jun 19 23:23:53 2026  550.78
[0] NVIDIA GeForce RTX 3090 | 71°C,  65 % |  4991 / 24576 MB | vipuser(4976M) root(4M)

2026-06-19 23:24:02,970   INFO  Train:   10/10 (100%) [ 397/928 ( 43%)]  Loss: 0.2156 (0.243)  LR: 2.228e-06  Time cost: 01:15/01:40 [27:41/01:40]  Acc_iter 8750        Data time: 0.00(0.01)  Forward time: 0.18(0.18)  Batch time: 0.18(0.19)
2026-06-19 23:24:12,326   INFO  Train:   10/10 (100%) [ 447/928 ( 48%)]  Loss: 0.2230 (0.242)  LR: 1.831e-06  Time cost: 01:24/01:30 [27:51/01:30]  Acc_iter 8800        Data time: 0.00(0.01)  Forward time: 0.18(0.18)  Batch time: 0.18(0.19)
2026-06-19 23:24:21,503   INFO  Train:   10/10 (100%) [ 497/928 ( 54%)]  Loss: 0.2768 (0.243)  LR: 1.472e-06  Time cost: 01:33/01:21 [28:00/01:21]  Acc_iter 8850        Data time: 0.00(0.01)  Forward time: 0.17(0.18)  Batch time: 0.18(0.19)
2026-06-19 23:24:21,855   INFO  ubuntu22                    Fri Jun 19 23:24:21 2026  550.78
[0] NVIDIA GeForce RTX 3090 | 71°C,  36 % |  4991 / 24576 MB | vipuser(4976M) root(4M)

2026-06-19 23:24:31,241   INFO  Train:   10/10 (100%) [ 547/928 ( 59%)]  Loss: 0.2246 (0.243)  LR: 1.152e-06  Time cost: 01:43/01:12 [28:09/01:12]  Acc_iter 8900        Data time: 0.00(0.01)  Forward time: 0.18(0.18)  Batch time: 0.18(0.19)
2026-06-19 23:24:40,516   INFO  Train:   10/10 (100%) [ 597/928 ( 64%)]  Loss: 0.2048 (0.243)  LR: 8.704e-07  Time cost: 01:52/01:02 [28:19/01:02]  Acc_iter 8950        Data time: 0.00(0.01)  Forward time: 0.19(0.18)  Batch time: 0.20(0.19)
2026-06-19 23:24:49,669   INFO  Train:   10/10 (100%) [ 647/928 ( 70%)]  Loss: 0.2076 (0.243)  LR: 6.281e-07  Time cost: 02:01/00:52 [28:28/00:52]  Acc_iter 9000        Data time: 0.00(0.01)  Forward time: 0.18(0.18)  Batch time: 0.18(0.19)
2026-06-19 23:24:50,023   INFO  ubuntu22                    Fri Jun 19 23:24:49 2026  550.78
[0] NVIDIA GeForce RTX 3090 | 70°C,  23 % |  4991 / 24576 MB | vipuser(4976M) root(4M)

2026-06-19 23:24:59,273   INFO  Train:   10/10 (100%) [ 697/928 ( 75%)]  Loss: 0.2273 (0.243)  LR: 4.251e-07  Time cost: 02:11/00:43 [28:37/00:43]  Acc_iter 9050        Data time: 0.00(0.01)  Forward time: 0.22(0.18)  Batch time: 0.23(0.19)
2026-06-19 23:25:08,429   INFO  Train:   10/10 (100%) [ 747/928 ( 80%)]  Loss: 0.2497 (0.243)  LR: 2.615e-07  Time cost: 02:20/00:34 [28:47/00:34]  Acc_iter 9100        Data time: 0.00(0.01)  Forward time: 0.18(0.18)  Batch time: 0.19(0.19)
2026-06-19 23:25:17,598   INFO  Train:   10/10 (100%) [ 797/928 ( 86%)]  Loss: 0.2428 (0.243)  LR: 1.375e-07  Time cost: 02:29/00:24 [28:56/00:24]  Acc_iter 9150        Data time: 0.00(0.01)  Forward time: 0.18(0.18)  Batch time: 0.19(0.19)
2026-06-19 23:25:17,952   INFO  ubuntu22                    Fri Jun 19 23:25:17 2026  550.78
[0] NVIDIA GeForce RTX 3090 | 70°C,   0 % |  4991 / 24576 MB | vipuser(4976M) root(4M)

2026-06-19 23:25:27,198   INFO  Train:   10/10 (100%) [ 847/928 ( 91%)]  Loss: 0.1831 (0.243)  LR: 5.321e-08  Time cost: 02:39/00:15 [29:05/00:15]  Acc_iter 9200        Data time: 0.00(0.01)  Forward time: 0.18(0.18)  Batch time: 0.18(0.19)
2026-06-19 23:25:36,674   INFO  Train:   10/10 (100%) [ 897/928 ( 97%)]  Loss: 0.2887 (0.242)  LR: 8.648e-09  Time cost: 02:49/00:05 [29:15/00:05]  Acc_iter 9250        Data time: 0.00(0.01)  Forward time: 0.18(0.18)  Batch time: 0.18(0.19)
2026-06-19 23:25:42,099   INFO  Train:   10/10 (100%) [ 927/928 (100%)]  Loss: 0.2179 (0.242)  LR: 1.008e-09  Time cost: 02:54/00:00 [29:20/00:00]  Acc_iter 9280        Data time: 0.00(0.01)  Forward time: 0.18(0.18)  Batch time: 0.18(0.19)
2026-06-19 23:25:42,396   INFO  Exported HW-QAT training qparams to /home/vipuser/桌面/OpenPCDet/output/kitti_models/second_hw_qat/hw_qat_10ep/hw_qparams
2026-06-19 23:25:42,396   INFO  **********************End HW-QAT training kitti_models/second_hw_qat(hw_qat_10ep)**********************



2026-06-19 23:25:42,396   INFO  **********************Start evaluation kitti_models/second_hw_qat(hw_qat_10ep)**********************
2026-06-19 23:25:42,402   INFO  Loading KITTI dataset
2026-06-19 23:25:42,570   INFO  Total samples for KITTI dataset: 3769
2026-06-19 23:25:42,573   INFO  ==> Loading parameters from checkpoint /home/vipuser/桌面/OpenPCDet/output/kitti_models/second_hw_qat/hw_qat_10ep/ckpt/checkpoint_epoch_10.pth to GPU
2026-06-19 23:25:42,631   INFO  ==> Checkpoint trained from version: pcdet+0.6.0+233f849+py8aaad69
2026-06-19 23:25:42,637   INFO  ==> Done (loaded 189/189)
2026-06-19 23:25:42,640   INFO  *************** EPOCH 10 EVALUATION *****************
2026-06-19 23:26:44,659   INFO  *************** Performance of EPOCH 10 *****************
2026-06-19 23:26:44,660   INFO  Generate label finished(sec_per_example: 0.0165 second).
2026-06-19 23:26:44,660   INFO  recall_roi_0.3: 0.000000
2026-06-19 23:26:44,660   INFO  recall_rcnn_0.3: 0.931142
2026-06-19 23:26:44,660   INFO  recall_roi_0.5: 0.000000
2026-06-19 23:26:44,660   INFO  recall_rcnn_0.5: 0.867753
2026-06-19 23:26:44,660   INFO  recall_roi_0.7: 0.000000
2026-06-19 23:26:44,660   INFO  recall_rcnn_0.7: 0.632703
2026-06-19 23:26:44,663   INFO  Average predicted number of objects(3769 samples): 15.623
2026-06-19 23:27:21,100   INFO  Car AP@0.70, 0.70, 0.70:
bbox AP:90.6466, 89.4076, 88.3432
bev  AP:89.8393, 87.0831, 84.1023
3d   AP:87.2193, 77.1898, 74.7773
aos  AP:90.58, 89.18, 87.99
Car AP_R40@0.70, 0.70, 0.70:
bbox AP:95.6682, 92.0748, 90.7014
bev  AP:92.5306, 88.1416, 85.4090
3d   AP:88.3036, 78.5475, 75.4016
aos  AP:95.58, 91.83, 90.31
Car AP@0.70, 0.50, 0.50:
bbox AP:90.6466, 89.4076, 88.3432
bev  AP:90.6717, 89.8067, 89.0674
3d   AP:90.6683, 89.7484, 88.9525
aos  AP:90.58, 89.18, 87.99
Car AP_R40@0.70, 0.50, 0.50:
bbox AP:95.6682, 92.0748, 90.7014
bev  AP:95.7644, 94.4974, 93.5069
3d   AP:95.7420, 94.3063, 91.7599
aos  AP:95.58, 91.83, 90.31
Pedestrian AP@0.50, 0.50, 0.50:
bbox AP:68.2094, 63.8349, 60.1347
bev  AP:58.8739, 52.9663, 48.2456
3d   AP:53.5871, 47.9016, 43.6726
aos  AP:63.86, 59.32, 55.71
Pedestrian AP_R40@0.50, 0.50, 0.50:
bbox AP:69.0954, 63.7100, 59.8137
bev  AP:58.4735, 51.8394, 47.0548
3d   AP:52.9105, 46.5116, 41.1522
aos  AP:64.20, 58.74, 54.78
Pedestrian AP@0.50, 0.25, 0.25:
bbox AP:68.2094, 63.8349, 60.1347
bev  AP:73.3711, 69.1388, 65.4535
3d   AP:73.3443, 68.9883, 65.3279
aos  AP:63.86, 59.32, 55.71
Pedestrian AP_R40@0.50, 0.25, 0.25:
bbox AP:69.0954, 63.7100, 59.8137
bev  AP:74.1286, 69.5349, 65.7028
3d   AP:74.1029, 69.4108, 65.5200
aos  AP:64.20, 58.74, 54.78
Cyclist AP@0.50, 0.50, 0.50:
bbox AP:87.3741, 75.9242, 71.4192
bev  AP:84.7109, 70.2528, 65.7340
3d   AP:81.9394, 65.7321, 61.8918
aos  AP:87.11, 75.25, 70.74
Cyclist AP_R40@0.50, 0.50, 0.50:
bbox AP:91.9223, 76.8013, 72.6192
bev  AP:88.5854, 70.4816, 66.0253
3d   AP:84.1377, 66.1910, 61.8973
aos  AP:91.62, 76.04, 71.86
Cyclist AP@0.50, 0.25, 0.25:
bbox AP:87.3741, 75.9242, 71.4192
bev  AP:90.9446, 74.2338, 69.7443
3d   AP:90.9446, 74.2338, 69.7443
aos  AP:87.11, 75.25, 70.74
Cyclist AP_R40@0.50, 0.25, 0.25:
bbox AP:91.9223, 76.8013, 72.6192
bev  AP:92.2583, 75.0538, 70.7435
3d   AP:92.2583, 75.0538, 70.7435
aos  AP:91.62, 76.04, 71.86

2026-06-19 23:27:21,108   INFO  Result is saved to /home/vipuser/桌面/OpenPCDet/output/kitti_models/second_hw_qat/hw_qat_10ep/eval/eval_with_train/epoch_10/val
2026-06-19 23:27:21,109   INFO  ****************Evaluation done.*****************
2026-06-19 23:27:21,149   INFO  Epoch 10 has been evaluated
2026-06-19 23:27:51,178   INFO  **********************End evaluation kitti_models/second_hw_qat(hw_qat_10ep)**********************
