Frame: 000000
Device: cuda:0

Record               Type                Active     C   ZeroRatio    AvgZeroC   AllZeroV      P50      P90      P99      SpatialShape(Z,Y,X)
--------------------------------------------------------------------------------------------------------------------------------------------
input_voxel_features InputFeatures        15000     4    0.036633       0.147   0.000000   0.0000   0.2500   0.2500         (41, 1600, 1408)
conv_input           SubMConv3d           15000     4    0.036633       0.147   0.000000   0.0000   0.2500   0.2500         (41, 1600, 1408)
conv1.0              SubMConv3d           15000    16    0.460829       7.373   0.000000   0.5000   0.6250   0.7500         (41, 1600, 1408)
conv2.0              SparseConv3d         15000    16    0.459883       7.358   0.000400   0.4375   0.7500   0.8750         (41, 1600, 1408)
conv2.1              SubMConv3d           20740    32    0.468568      14.994   0.000000   0.4688   0.5938   0.7188           (21, 800, 704)
conv2.2              SubMConv3d           20740    32    0.569925      18.238   0.000000   0.5938   0.7500   0.8750           (21, 800, 704)
conv3.0              SparseConv3d         20740    32    0.536409      17.165   0.000000   0.5625   0.7188   0.8438           (21, 800, 704)
conv3.1              SubMConv3d           11089    64    0.551539      35.298   0.000000   0.5469   0.6875   0.7969           (11, 400, 352)
conv3.2              SubMConv3d           11089    64    0.684937      43.836   0.000000   0.7031   0.8281   0.8906           (11, 400, 352)
conv4.0              SparseConv3d         11089    64    0.739565      47.332   0.000090   0.7656   0.8750   0.9219           (11, 400, 352)
conv4.1              SubMConv3d            4393    64    0.582681      37.292   0.000000   0.5781   0.7344   0.8281            (5, 200, 176)
conv4.2              SubMConv3d            4393    64    0.653853      41.847   0.000000   0.6719   0.7969   0.8594            (5, 200, 176)
conv_out             SparseConv3d          4393    64    0.642695      41.132   0.000000   0.6406   0.7656   0.8281            (5, 200, 176)

Raw points: 115384
Checkpoint: /home/vipuser/桌面/OpenPCDet/mycode/second_7862.pth
Saved JSON: /home/vipuser/桌面/OpenPCDet/mycode/output/000000_second_input_feature_sparsity.json
Saved CSV:  /home/vipuser/桌面/OpenPCDet/mycode/output/000000_second_input_feature_sparsity.csv

{
  "cfg": "/home/vipuser/\u684c\u9762/OpenPCDet/tools/cfgs/kitti_models/second.yaml",
  "ckpt": "/home/vipuser/\u684c\u9762/OpenPCDet/mycode/second_7862.pth",
  "device": "cuda:0",
  "seed": 0,
  "num_frames": 1,
  "zero_threshold": 0.0,
  "int8_inference": false,
  "frames": [
    "000000"
  ]
}
Summary JSON: /home/vipuser/桌面/OpenPCDet/mycode/output/second_input_feature_sparsity_1frames_seed0_20260430_233112_summary.json
