Frame: 006917
Device: cuda:0

Layer              Type               FeatShape(N,C)     Active   TotalCells     Sparsity     VsPrev    VsInput      SpatialShape(Z,Y,X)
----------------------------------------------------------------------------------------------------------------------------------------------
input_voxelized    InputSparseTensor         (15000, 4)      15000     92364800   0.00016240   1.000000   1.000000         (41, 1600, 1408)
conv_input.0       SubMConv3d            (15000, 16)      15000     92364800   0.00016240   1.000000   1.000000         (41, 1600, 1408)
conv1.0.0          SubMConv3d            (15000, 16)      15000     92364800   0.00016240   1.000000   1.000000         (41, 1600, 1408)
conv2.0.0          SparseConv3d          (23441, 32)      23441     11827200   0.00198196   1.562733   1.562733           (21, 800, 704)
conv2.1.0          SubMConv3d            (23441, 32)      23441     11827200   0.00198196   1.000000   1.562733           (21, 800, 704)
conv2.2.0          SubMConv3d            (23441, 32)      23441     11827200   0.00198196   1.000000   1.562733           (21, 800, 704)
conv3.0.0          SparseConv3d          (13337, 64)      13337      1548800   0.00861118   0.568960   0.889133           (11, 400, 352)
conv3.1.0          SubMConv3d            (13337, 64)      13337      1548800   0.00861118   1.000000   0.889133           (11, 400, 352)
conv3.2.0          SubMConv3d            (13337, 64)      13337      1548800   0.00861118   1.000000   0.889133           (11, 400, 352)
conv4.0.0          SparseConv3d           (5651, 64)       5651       176000   0.03210795   0.423708   0.376733            (5, 200, 176)
conv4.1.0          SubMConv3d             (5651, 64)       5651       176000   0.03210795   1.000000   0.376733            (5, 200, 176)
conv4.2.0          SubMConv3d             (5651, 64)       5651       176000   0.03210795   1.000000   0.376733            (5, 200, 176)
conv_out.0         SparseConv3d          (4032, 128)       4032        70400   0.05727273   0.713502   0.268800            (2, 200, 176)

Saved JSON: /home/vipuser/桌面/OpenPCDet/mycode/output/006917_second_layer_sparsity.json
Saved CSV:  /home/vipuser/桌面/OpenPCDet/mycode/output/006917_second_layer_sparsity.csv

Frame: 003155
Device: cuda:0

Layer              Type               FeatShape(N,C)     Active   TotalCells     Sparsity     VsPrev    VsInput      SpatialShape(Z,Y,X)
----------------------------------------------------------------------------------------------------------------------------------------------
input_voxelized    InputSparseTensor         (15000, 4)      15000     92364800   0.00016240   1.000000   1.000000         (41, 1600, 1408)
conv_input.0       SubMConv3d            (15000, 16)      15000     92364800   0.00016240   1.000000   1.000000         (41, 1600, 1408)
conv1.0.0          SubMConv3d            (15000, 16)      15000     92364800   0.00016240   1.000000   1.000000         (41, 1600, 1408)
conv2.0.0          SparseConv3d          (27448, 32)      27448     11827200   0.00232075   1.829867   1.829867           (21, 800, 704)
conv2.1.0          SubMConv3d            (27448, 32)      27448     11827200   0.00232075   1.000000   1.829867           (21, 800, 704)
conv2.2.0          SubMConv3d            (27448, 32)      27448     11827200   0.00232075   1.000000   1.829867           (21, 800, 704)
conv3.0.0          SparseConv3d          (17544, 64)      17544      1548800   0.01132748   0.639172   1.169600           (11, 400, 352)
conv3.1.0          SubMConv3d            (17544, 64)      17544      1548800   0.01132748   1.000000   1.169600           (11, 400, 352)
conv3.2.0          SubMConv3d            (17544, 64)      17544      1548800   0.01132748   1.000000   1.169600           (11, 400, 352)
conv4.0.0          SparseConv3d           (7677, 64)       7677       176000   0.04361932   0.437585   0.511800            (5, 200, 176)
conv4.1.0          SubMConv3d             (7677, 64)       7677       176000   0.04361932   1.000000   0.511800            (5, 200, 176)
conv4.2.0          SubMConv3d             (7677, 64)       7677       176000   0.04361932   1.000000   0.511800            (5, 200, 176)
conv_out.0         SparseConv3d          (5472, 128)       5472        70400   0.07772727   0.712778   0.364800            (2, 200, 176)

Saved JSON: /home/vipuser/桌面/OpenPCDet/mycode/output/003155_second_layer_sparsity.json
Saved CSV:  /home/vipuser/桌面/OpenPCDet/mycode/output/003155_second_layer_sparsity.csv

Frame: 006209
Device: cuda:0

Layer              Type               FeatShape(N,C)     Active   TotalCells     Sparsity     VsPrev    VsInput      SpatialShape(Z,Y,X)
----------------------------------------------------------------------------------------------------------------------------------------------
input_voxelized    InputSparseTensor         (15000, 4)      15000     92364800   0.00016240   1.000000   1.000000         (41, 1600, 1408)
conv_input.0       SubMConv3d            (15000, 16)      15000     92364800   0.00016240   1.000000   1.000000         (41, 1600, 1408)
conv1.0.0          SubMConv3d            (15000, 16)      15000     92364800   0.00016240   1.000000   1.000000         (41, 1600, 1408)
conv2.0.0          SparseConv3d          (35832, 32)      35832     11827200   0.00302963   2.388800   2.388800           (21, 800, 704)
conv2.1.0          SubMConv3d            (35832, 32)      35832     11827200   0.00302963   1.000000   2.388800           (21, 800, 704)
conv2.2.0          SubMConv3d            (35832, 32)      35832     11827200   0.00302963   1.000000   2.388800           (21, 800, 704)
conv3.0.0          SparseConv3d          (29831, 64)      29831      1548800   0.01926072   0.832524   1.988733           (11, 400, 352)
conv3.1.0          SubMConv3d            (29831, 64)      29831      1548800   0.01926072   1.000000   1.988733           (11, 400, 352)
conv3.2.0          SubMConv3d            (29831, 64)      29831      1548800   0.01926072   1.000000   1.988733           (11, 400, 352)
conv4.0.0          SparseConv3d          (15716, 64)      15716       176000   0.08929545   0.526835   1.047733            (5, 200, 176)
conv4.1.0          SubMConv3d            (15716, 64)      15716       176000   0.08929545   1.000000   1.047733            (5, 200, 176)
conv4.2.0          SubMConv3d            (15716, 64)      15716       176000   0.08929545   1.000000   1.047733            (5, 200, 176)
conv_out.0         SparseConv3d         (11465, 128)      11465        70400   0.16285511   0.729511   0.764333            (2, 200, 176)

Saved JSON: /home/vipuser/桌面/OpenPCDet/mycode/output/006209_second_layer_sparsity.json
Saved CSV:  /home/vipuser/桌面/OpenPCDet/mycode/output/006209_second_layer_sparsity.csv

Frame: 007292
Device: cuda:0

Layer              Type               FeatShape(N,C)     Active   TotalCells     Sparsity     VsPrev    VsInput      SpatialShape(Z,Y,X)
----------------------------------------------------------------------------------------------------------------------------------------------
input_voxelized    InputSparseTensor         (15000, 4)      15000     92364800   0.00016240   1.000000   1.000000         (41, 1600, 1408)
conv_input.0       SubMConv3d            (15000, 16)      15000     92364800   0.00016240   1.000000   1.000000         (41, 1600, 1408)
conv1.0.0          SubMConv3d            (15000, 16)      15000     92364800   0.00016240   1.000000   1.000000         (41, 1600, 1408)
conv2.0.0          SparseConv3d          (31445, 32)      31445     11827200   0.00265870   2.096333   2.096333           (21, 800, 704)
conv2.1.0          SubMConv3d            (31445, 32)      31445     11827200   0.00265870   1.000000   2.096333           (21, 800, 704)
conv2.2.0          SubMConv3d            (31445, 32)      31445     11827200   0.00265870   1.000000   2.096333           (21, 800, 704)
conv3.0.0          SparseConv3d          (23660, 64)      23660      1548800   0.01527634   0.752425   1.577333           (11, 400, 352)
conv3.1.0          SubMConv3d            (23660, 64)      23660      1548800   0.01527634   1.000000   1.577333           (11, 400, 352)
conv3.2.0          SubMConv3d            (23660, 64)      23660      1548800   0.01527634   1.000000   1.577333           (11, 400, 352)
conv4.0.0          SparseConv3d          (12403, 64)      12403       176000   0.07047159   0.524218   0.826867            (5, 200, 176)
conv4.1.0          SubMConv3d            (12403, 64)      12403       176000   0.07047159   1.000000   0.826867            (5, 200, 176)
conv4.2.0          SubMConv3d            (12403, 64)      12403       176000   0.07047159   1.000000   0.826867            (5, 200, 176)
conv_out.0         SparseConv3d          (9216, 128)       9216        70400   0.13090909   0.743046   0.614400            (2, 200, 176)

Saved JSON: /home/vipuser/桌面/OpenPCDet/mycode/output/007292_second_layer_sparsity.json
Saved CSV:  /home/vipuser/桌面/OpenPCDet/mycode/output/007292_second_layer_sparsity.csv

Frame: 003445
Device: cuda:0

Layer              Type               FeatShape(N,C)     Active   TotalCells     Sparsity     VsPrev    VsInput      SpatialShape(Z,Y,X)
----------------------------------------------------------------------------------------------------------------------------------------------
input_voxelized    InputSparseTensor         (15000, 4)      15000     92364800   0.00016240   1.000000   1.000000         (41, 1600, 1408)
conv_input.0       SubMConv3d            (15000, 16)      15000     92364800   0.00016240   1.000000   1.000000         (41, 1600, 1408)
conv1.0.0          SubMConv3d            (15000, 16)      15000     92364800   0.00016240   1.000000   1.000000         (41, 1600, 1408)
conv2.0.0          SparseConv3d          (17246, 32)      17246     11827200   0.00145816   1.149733   1.149733           (21, 800, 704)
conv2.1.0          SubMConv3d            (17246, 32)      17246     11827200   0.00145816   1.000000   1.149733           (21, 800, 704)
conv2.2.0          SubMConv3d            (17246, 32)      17246     11827200   0.00145816   1.000000   1.149733           (21, 800, 704)
conv3.0.0          SparseConv3d           (9732, 64)       9732      1548800   0.00628357   0.564305   0.648800           (11, 400, 352)
conv3.1.0          SubMConv3d             (9732, 64)       9732      1548800   0.00628357   1.000000   0.648800           (11, 400, 352)
conv3.2.0          SubMConv3d             (9732, 64)       9732      1548800   0.00628357   1.000000   0.648800           (11, 400, 352)
conv4.0.0          SparseConv3d           (4216, 64)       4216       176000   0.02395455   0.433210   0.281067            (5, 200, 176)
conv4.1.0          SubMConv3d             (4216, 64)       4216       176000   0.02395455   1.000000   0.281067            (5, 200, 176)
conv4.2.0          SubMConv3d             (4216, 64)       4216       176000   0.02395455   1.000000   0.281067            (5, 200, 176)
conv_out.0         SparseConv3d          (3049, 128)       3049        70400   0.04330966   0.723197   0.203267            (2, 200, 176)

Saved JSON: /home/vipuser/桌面/OpenPCDet/mycode/output/003445_second_layer_sparsity.json
Saved CSV:  /home/vipuser/桌面/OpenPCDet/mycode/output/003445_second_layer_sparsity.csv

{
  "cfg": "/home/vipuser/\u684c\u9762/OpenPCDet/tools/cfgs/kitti_models/second.yaml",
  "ckpt": "/home/vipuser/\u684c\u9762/OpenPCDet/mycode/second_7862.pth",
  "device": "cuda:0",
  "seed": 0,
  "num_frames": 5,
  "frames": [
    "006917",
    "003155",
    "006209",
    "007292",
    "003445"
  ]
}
Summary JSON: /home/vipuser/桌面/OpenPCDet/mycode/output/second_layer_sparsity_5frames_seed0_20260430_225626_summary.json
